mode: atomic
forge/internal/blob/fsstore.go:22.38,23.49 1 18
forge/internal/blob/fsstore.go:23.49,25.3 1 0
forge/internal/blob/fsstore.go:26.2,26.29 1 18
forge/internal/blob/fsstore.go:30.50,33.97 3 43
forge/internal/blob/fsstore.go:33.97,35.3 1 0
forge/internal/blob/fsstore.go:36.2,36.18 1 43
forge/internal/blob/fsstore.go:39.57,41.16 2 23
forge/internal/blob/fsstore.go:41.16,43.3 1 0
forge/internal/blob/fsstore.go:44.2,44.63 1 23
forge/internal/blob/fsstore.go:44.63,46.3 1 0
forge/internal/blob/fsstore.go:47.2,48.16 2 23
forge/internal/blob/fsstore.go:48.16,50.3 1 0
forge/internal/blob/fsstore.go:51.2,59.16 7 23
forge/internal/blob/fsstore.go:59.16,62.3 2 0
forge/internal/blob/fsstore.go:63.2,63.36 1 23
forge/internal/blob/fsstore.go:63.36,65.3 1 0
forge/internal/blob/fsstore.go:66.2,66.52 1 23
forge/internal/blob/fsstore.go:66.52,68.3 1 2
forge/internal/blob/fsstore.go:69.2,74.8 1 21
forge/internal/blob/fsstore.go:77.53,79.16 2 3
forge/internal/blob/fsstore.go:79.16,81.3 1 0
forge/internal/blob/fsstore.go:82.2,82.22 1 3
forge/internal/blob/fsstore.go:85.51,87.16 2 12
forge/internal/blob/fsstore.go:87.16,89.3 1 0
forge/internal/blob/fsstore.go:90.2,91.24 2 12
forge/internal/blob/fsstore.go:91.24,93.3 1 2
forge/internal/blob/fsstore.go:94.2,94.16 1 10
forge/internal/blob/fsstore.go:94.16,96.3 1 0
forge/internal/blob/fsstore.go:97.2,97.41 1 10
forge/internal/blob/fsstore.go:100.52,102.16 2 2
forge/internal/blob/fsstore.go:102.16,104.3 1 0
forge/internal/blob/fsstore.go:105.2,106.76 2 2
forge/internal/blob/fsstore.go:106.76,107.33 1 4
forge/internal/blob/fsstore.go:107.33,109.4 1 2
forge/internal/blob/fsstore.go:110.3,110.54 1 2
forge/internal/blob/fsstore.go:110.54,112.4 1 0
forge/internal/blob/fsstore.go:113.3,114.17 2 2
forge/internal/blob/fsstore.go:114.17,116.4 1 0
forge/internal/blob/fsstore.go:117.3,118.13 2 2
forge/internal/blob/fsstore.go:120.2,120.18 1 2
forge/internal/blob/fsstore.go:123.39,125.16 2 3
forge/internal/blob/fsstore.go:125.16,127.3 1 0
forge/internal/blob/fsstore.go:128.2,129.24 2 3
forge/internal/blob/fsstore.go:129.24,131.3 1 2
forge/internal/blob/fsstore.go:132.2,132.12 1 1
forge/internal/blob/fsstore.go:136.40,139.2 2 3
forge/internal/blob/fsstore.go:142.30,142.61 1 1
forge/internal/blob/fsstore.go:143.30,143.59 1 1
forge/internal/blob/fsstore.go:144.30,144.58 1 1
forge/internal/blob/s3store.go:34.39,39.16 2 0
forge/internal/blob/s3store.go:39.16,41.3 1 0
forge/internal/blob/s3store.go:42.2,44.16 3 0
forge/internal/blob/s3store.go:44.16,47.83 2 0
forge/internal/blob/s3store.go:47.83,49.4 1 0
forge/internal/blob/s3store.go:51.2,51.53 1 0
forge/internal/blob/s3store.go:54.57,63.16 7 0
forge/internal/blob/s3store.go:63.16,65.3 1 0
forge/internal/blob/s3store.go:66.2,71.16 2 0
forge/internal/blob/s3store.go:71.16,73.3 1 0
forge/internal/blob/s3store.go:74.2,79.8 1 0
forge/internal/blob/s3store.go:82.53,84.16 2 0
forge/internal/blob/s3store.go:84.16,86.3 1 0
forge/internal/blob/s3store.go:88.2,88.38 1 0
forge/internal/blob/s3store.go:88.38,91.3 2 0
forge/internal/blob/s3store.go:92.2,92.17 1 0
forge/internal/blob/s3store.go:95.51,97.16 2 0
forge/internal/blob/s3store.go:97.16,98.53 1 0
forge/internal/blob/s3store.go:98.53,100.4 1 0
forge/internal/blob/s3store.go:101.3,101.28 1 0
forge/internal/blob/s3store.go:103.2,103.41 1 0
forge/internal/blob/s3store.go:106.52,109.62 2 0
forge/internal/blob/s3store.go:109.62,110.21 1 0
forge/internal/blob/s3store.go:110.21,112.4 1 0
forge/internal/blob/s3store.go:113.3,113.31 1 0
forge/internal/blob/s3store.go:115.2,115.18 1 0
forge/internal/blob/s3store.go:118.39,120.66 2 0
forge/internal/blob/s3store.go:120.66,122.3 1 0
forge/internal/blob/s3store.go:123.2,123.12 1 0
forge/internal/auth/auth.go:33.31,34.11 1 0
forge/internal/auth/auth.go:35.16,36.16 1 0
forge/internal/auth/auth.go:37.17,38.17 1 0
forge/internal/auth/auth.go:39.17,40.17 1 0
forge/internal/auth/auth.go:41.10,42.16 1 0
forge/internal/auth/auth.go:47.40,48.11 1 0
forge/internal/auth/auth.go:49.14,50.23 1 0
forge/internal/auth/auth.go:51.15,52.24 1 0
forge/internal/auth/auth.go:53.15,54.24 1 0
forge/internal/auth/auth.go:55.10,56.52 1 0
forge/internal/auth/auth.go:87.43,89.29 2 26
forge/internal/auth/auth.go:89.29,90.38 1 26
forge/internal/auth/auth.go:90.38,91.21 1 24
forge/internal/auth/auth.go:91.21,93.5 1 24
forge/internal/auth/auth.go:96.2,96.13 1 26
forge/internal/auth/auth.go:116.39,116.69 1 14
forge/internal/auth/auth.go:133.48,134.45 1 18
forge/internal/auth/auth.go:134.45,135.57 1 0
forge/internal/auth/auth.go:137.2,138.8 2 18
forge/internal/auth/auth.go:142.26,146.2 3 18
forge/internal/auth/auth.go:149.35,152.2 2 51
forge/internal/auth/auth.go:156.40,159.34 3 37
forge/internal/auth/auth.go:159.34,161.3 1 4
forge/internal/auth/auth.go:162.2,164.19 3 33
forge/internal/auth/enforce.go:20.62,22.2 1 7
forge/internal/auth/enforce.go:35.63,36.71 1 5
forge/internal/auth/enforce.go:36.71,37.69 1 28
forge/internal/auth/enforce.go:38.25,39.69 1 9
forge/internal/auth/enforce.go:40.26,41.67 1 4
forge/internal/auth/enforce.go:42.11,43.24 1 15
forge/internal/auth/enforce.go:49.85,50.20 1 34
forge/internal/auth/enforce.go:50.20,52.3 1 0
forge/internal/auth/enforce.go:54.2,55.9 2 34
forge/internal/auth/enforce.go:55.9,57.3 1 0
forge/internal/auth/enforce.go:59.2,60.18 2 34
forge/internal/auth/enforce.go:60.18,61.47 1 8
forge/internal/auth/enforce.go:61.47,63.4 1 2
forge/internal/auth/enforce.go:64.3,64.26 1 6
forge/internal/auth/enforce.go:67.2,68.30 2 26
forge/internal/auth/enforce.go:68.30,70.3 1 6
forge/internal/auth/enforce.go:72.2,73.16 2 20
forge/internal/auth/enforce.go:74.18,75.23 1 6
forge/internal/auth/enforce.go:75.23,77.4 1 6
forge/internal/auth/enforce.go:78.19,79.24 1 14
forge/internal/auth/enforce.go:79.24,81.4 1 10
forge/internal/auth/enforce.go:83.2,83.26 1 4
forge/internal/auth/enforce.go:89.66,90.71 1 1
forge/internal/auth/enforce.go:90.71,92.53 2 6
forge/internal/auth/enforce.go:93.25,99.6 4 3
forge/internal/auth/enforce.go:100.26,105.6 3 0
forge/internal/auth/enforce.go:106.11,107.24 1 3
forge/internal/auth/enforce.go:114.78,115.20 1 4
forge/internal/auth/enforce.go:115.20,117.3 1 0
forge/internal/auth/enforce.go:118.2,119.18 2 4
forge/internal/auth/enforce.go:119.18,122.3 2 1
forge/internal/auth/enforce.go:123.2,124.30 2 3
forge/internal/auth/enforce.go:124.30,127.3 2 1
forge/internal/auth/enforce.go:128.2,128.34 1 2
forge/internal/auth/enforce.go:128.34,131.3 2 1
forge/internal/auth/enforce.go:132.2,132.13 1 1
forge/internal/auth/enforce.go:137.39,142.2 3 28
forge/internal/auth/enforce.go:144.42,149.2 3 6
forge/internal/auth/enforce.go:151.38,152.16 1 34
forge/internal/auth/enforce.go:153.59,154.20 1 15
forge/internal/auth/enforce.go:155.10,156.21 1 19
forge/internal/auth/enforce.go:160.42,162.54 2 38
forge/internal/auth/enforce.go:162.54,164.3 1 27
forge/internal/auth/enforce.go:166.2,166.55 1 11
forge/internal/auth/enforce.go:166.55,168.3 1 2
forge/internal/auth/enforce.go:169.2,169.11 1 9
forge/internal/auth/store.go:11.102,20.103 5 18
forge/internal/auth/store.go:20.103,22.3 1 0
forge/internal/auth/store.go:23.2,23.62 1 18
forge/internal/auth/store.go:23.62,25.3 1 0
forge/internal/auth/store.go:26.2,26.26 1 18
forge/internal/auth/store.go:29.59,31.16 2 37
forge/internal/auth/store.go:31.16,33.3 1 4
forge/internal/auth/store.go:34.2,36.23 3 33
forge/internal/auth/store.go:36.23,38.3 1 8
forge/internal/auth/store.go:39.2,39.60 1 25
forge/internal/auth/store.go:39.60,41.3 1 2
forge/internal/auth/store.go:42.2,42.23 1 23
forge/internal/auth/store.go:45.45,48.16 3 2
forge/internal/auth/store.go:48.16,50.3 1 0
forge/internal/auth/store.go:51.2,51.9 1 2
forge/internal/auth/store.go:51.9,53.3 1 1
forge/internal/auth/store.go:54.2,54.59 1 1
forge/internal/auth/store.go:54.59,56.3 1 0
forge/internal/auth/store.go:57.2,57.39 1 1
forge/internal/auth/store.go:60.45,62.16 2 1
forge/internal/auth/store.go:62.16,64.3 1 0
forge/internal/auth/store.go:65.2,66.25 2 1
forge/internal/auth/store.go:66.25,68.57 2 2
forge/internal/auth/store.go:68.57,70.4 1 2
forge/internal/auth/store.go:72.2,72.17 1 1
forge/internal/auth/store.go:75.42,78.2 2 0
forge/internal/format/helm/helm.go:38.32,38.53 1 25
forge/internal/format/helm/helm.go:39.35,39.52 1 1
forge/internal/format/helm/helm.go:52.48,52.80 1 33
forge/internal/format/helm/helm.go:54.84,55.9 1 22
forge/internal/format/helm/helm.go:56.59,57.16 1 3
forge/internal/format/helm/helm.go:58.59,59.18 1 1
forge/internal/format/helm/helm.go:60.77,61.60 1 2
forge/internal/format/helm/helm.go:62.60,63.33 1 12
forge/internal/format/helm/helm.go:63.33,66.4 2 1
forge/internal/format/helm/helm.go:67.3,67.20 1 11
forge/internal/format/helm/helm.go:68.80,69.33 1 1
forge/internal/format/helm/helm.go:69.33,72.4 2 0
forge/internal/format/helm/helm.go:73.3,73.59 1 1
forge/internal/format/helm/helm.go:74.70,75.19 1 2
forge/internal/format/helm/helm.go:76.10,77.65 1 1
forge/internal/format/helm/helm.go:81.85,83.16 2 11
forge/internal/format/helm/helm.go:83.16,86.3 2 0
forge/internal/format/helm/helm.go:87.2,88.16 2 11
forge/internal/format/helm/helm.go:88.16,91.3 2 1
forge/internal/format/helm/helm.go:92.2,94.16 3 10
forge/internal/format/helm/helm.go:94.16,97.3 2 0
forge/internal/format/helm/helm.go:98.2,103.81 2 10
forge/internal/format/helm/helm.go:103.81,106.3 2 0
forge/internal/format/helm/helm.go:107.2,109.59 3 10
forge/internal/format/helm/helm.go:112.70,113.31 1 2
forge/internal/format/helm/helm.go:113.31,116.3 2 0
forge/internal/format/helm/helm.go:117.2,118.16 2 2
forge/internal/format/helm/helm.go:118.16,121.3 2 1
forge/internal/format/helm/helm.go:122.2,124.16 3 1
forge/internal/format/helm/helm.go:127.75,129.38 2 0
forge/internal/format/helm/helm.go:129.38,131.10 2 0
forge/internal/format/helm/helm.go:131.10,132.12 1 0
forge/internal/format/helm/helm.go:134.3,135.17 2 0
forge/internal/format/helm/helm.go:135.17,136.12 1 0
forge/internal/format/helm/helm.go:138.3,141.9 4 0
forge/internal/format/helm/helm.go:143.2,143.23 1 0
forge/internal/format/helm/helm.go:146.60,149.25 3 9
forge/internal/format/helm/helm.go:149.25,151.52 2 10
forge/internal/format/helm/helm.go:151.52,153.4 1 10
forge/internal/format/helm/helm.go:155.2,155.13 1 9
forge/internal/format/helm/helm.go:160.65,163.38 3 2
forge/internal/format/helm/helm.go:163.38,165.10 2 4
forge/internal/format/helm/helm.go:165.10,166.12 1 0
forge/internal/format/helm/helm.go:168.3,168.37 1 4
forge/internal/format/helm/helm.go:168.37,170.18 2 6
forge/internal/format/helm/helm.go:170.18,173.5 2 5
forge/internal/format/helm/helm.go:176.2,176.12 1 2
forge/internal/format/helm/helm.go:180.67,182.31 2 3
forge/internal/format/helm/helm.go:182.31,184.3 1 1
forge/internal/format/helm/helm.go:184.8,186.3 1 2
forge/internal/format/helm/helm.go:187.2,188.55 2 3
forge/internal/format/helm/helm.go:193.59,195.27 2 6
forge/internal/format/helm/helm.go:195.27,197.3 1 9
forge/internal/format/helm/helm.go:198.2,199.24 2 6
forge/internal/format/helm/helm.go:199.24,201.3 1 7
forge/internal/format/helm/helm.go:202.2,206.26 4 6
forge/internal/format/helm/helm.go:206.26,209.40 3 7
forge/internal/format/helm/helm.go:209.40,209.84 1 2
forge/internal/format/helm/helm.go:210.3,210.28 1 7
forge/internal/format/helm/helm.go:210.28,213.28 2 9
forge/internal/format/helm/helm.go:213.28,215.5 1 1
forge/internal/format/helm/helm.go:216.4,216.29 1 9
forge/internal/format/helm/helm.go:216.29,218.5 1 6
forge/internal/format/helm/helm.go:219.4,220.43 1 9
forge/internal/format/helm/helm.go:223.2,224.19 2 6
forge/internal/format/helm/helm.go:227.69,229.31 2 1
forge/internal/format/helm/helm.go:229.31,231.3 1 0
forge/internal/format/helm/helm.go:231.8,233.3 1 1
forge/internal/format/helm/helm.go:234.2,235.27 2 1
forge/internal/format/helm/helm.go:235.27,237.3 1 2
forge/internal/format/helm/helm.go:238.2,239.35 2 1
forge/internal/format/helm/helm.go:242.82,244.31 2 2
forge/internal/format/helm/helm.go:244.31,246.3 1 0
forge/internal/format/helm/helm.go:246.8,248.3 1 2
forge/internal/format/helm/helm.go:249.2,250.29 2 2
forge/internal/format/helm/helm.go:250.29,251.23 1 1
forge/internal/format/helm/helm.go:251.23,253.4 1 1
forge/internal/format/helm/helm.go:255.2,255.16 1 2
forge/internal/format/helm/helm.go:255.16,258.3 2 1
forge/internal/format/helm/helm.go:259.2,260.32 2 1
forge/internal/format/helm/helm.go:263.84,265.9 2 1
forge/internal/format/helm/helm.go:265.9,268.3 2 0
forge/internal/format/helm/helm.go:269.2,271.30 3 1
forge/internal/format/helm/helm.go:282.52,284.16 2 11
forge/internal/format/helm/helm.go:284.16,286.3 1 1
forge/internal/format/helm/helm.go:287.2,289.6 3 10
forge/internal/format/helm/helm.go:289.6,291.20 2 10
forge/internal/format/helm/helm.go:291.20,292.9 1 0
forge/internal/format/helm/helm.go:294.3,294.17 1 10
forge/internal/format/helm/helm.go:294.17,296.4 1 0
forge/internal/format/helm/helm.go:297.3,297.42 1 10
forge/internal/format/helm/helm.go:297.42,300.4 2 10
forge/internal/format/helm/helm.go:302.2,302.67 1 0
forge/internal/format/helm/helm.go:305.43,307.57 2 10
forge/internal/format/helm/helm.go:307.57,308.68 1 50
forge/internal/format/helm/helm.go:308.68,309.12 1 0
forge/internal/format/helm/helm.go:311.3,312.10 2 50
forge/internal/format/helm/helm.go:312.10,313.12 1 10
forge/internal/format/helm/helm.go:315.3,316.33 2 40
forge/internal/format/helm/helm.go:317.15,318.16 1 10
forge/internal/format/helm/helm.go:319.18,320.19 1 10
forge/internal/format/helm/helm.go:321.21,322.22 1 0
forge/internal/format/helm/helm.go:323.22,324.23 1 10
forge/internal/format/helm/helm.go:327.2,327.10 1 10
forge/internal/format/helm/helm.go:331.79,332.31 1 1
forge/internal/format/helm/helm.go:332.31,334.3 1 0
forge/internal/format/helm/helm.go:335.2,336.16 2 1
forge/internal/format/helm/helm.go:336.16,338.3 1 0
forge/internal/format/helm/helm.go:339.2,340.25 2 1
forge/internal/format/helm/helm.go:340.25,342.52 2 2
forge/internal/format/helm/helm.go:342.52,344.4 1 2
forge/internal/format/helm/helm.go:346.2,347.37 2 1
forge/internal/format/helm/helm.go:347.37,350.3 2 1
forge/internal/format/helm/helm.go:351.2,351.42 1 1
forge/internal/format/helm/helm.go:351.42,351.86 1 0
forge/internal/format/helm/helm.go:352.2,352.21 1 1
forge/internal/format/cran/cran.go:39.32,39.53 1 17
forge/internal/format/cran/cran.go:40.35,40.52 1 1
forge/internal/format/cran/cran.go:42.48,42.80 1 21
forge/internal/format/cran/cran.go:52.84,53.9 1 14
forge/internal/format/cran/cran.go:54.69,56.25 2 1
forge/internal/format/cran/cran.go:57.72,61.13 4 1
forge/internal/format/cran/cran.go:62.73,64.48 2 1
forge/internal/format/cran/cran.go:65.117,66.33 1 7
forge/internal/format/cran/cran.go:66.33,69.4 2 1
forge/internal/format/cran/cran.go:70.3,70.21 1 6
forge/internal/format/cran/cran.go:71.73,72.19 1 3
forge/internal/format/cran/cran.go:73.10,74.62 1 1
forge/internal/format/cran/cran.go:74.62,77.4 2 0
forge/internal/format/cran/cran.go:78.3,78.65 1 1
forge/internal/format/cran/cran.go:82.86,84.16 2 6
forge/internal/format/cran/cran.go:84.16,87.3 2 0
forge/internal/format/cran/cran.go:88.2,89.16 2 6
forge/internal/format/cran/cran.go:89.16,92.3 2 0
forge/internal/format/cran/cran.go:93.2,93.75 1 6
forge/internal/format/cran/cran.go:93.75,96.3 2 0
forge/internal/format/cran/cran.go:97.2,99.60 3 6
forge/internal/format/cran/cran.go:102.70,103.31 1 3
forge/internal/format/cran/cran.go:103.31,106.3 2 0
forge/internal/format/cran/cran.go:107.2,108.16 2 3
forge/internal/format/cran/cran.go:108.16,110.32 1 2
forge/internal/format/cran/cran.go:110.32,113.4 2 1
forge/internal/format/cran/cran.go:114.3,115.9 2 1
forge/internal/format/cran/cran.go:117.2,119.16 3 1
forge/internal/format/cran/cran.go:122.75,123.38 1 0
forge/internal/format/cran/cran.go:123.38,125.10 2 0
forge/internal/format/cran/cran.go:125.10,126.12 1 0
forge/internal/format/cran/cran.go:128.3,128.56 1 0
forge/internal/format/cran/cran.go:128.56,133.4 4 0
forge/internal/format/cran/cran.go:135.3,135.33 1 0
forge/internal/format/cran/cran.go:135.33,138.54 3 0
forge/internal/format/cran/cran.go:138.54,146.5 7 0
forge/internal/format/cran/cran.go:149.2,149.23 1 0
forge/internal/format/cran/cran.go:152.67,156.22 4 1
forge/internal/format/cran/cran.go:156.22,158.26 2 0
forge/internal/format/cran/cran.go:158.26,158.69 1 0
forge/internal/format/cran/cran.go:159.3,159.27 1 0
forge/internal/format/cran/cran.go:159.27,159.72 1 0
forge/internal/format/cran/cran.go:161.2,163.39 3 1
forge/internal/format/cran/cran.go:163.39,166.3 2 0
forge/internal/format/cran/cran.go:167.2,167.16 1 1
forge/internal/format/cran/cran.go:167.16,170.3 2 0
forge/internal/format/cran/cran.go:171.2,172.14 2 1
forge/internal/format/cran/cran.go:172.14,174.3 1 1
forge/internal/format/cran/cran.go:175.2,175.16 1 1
forge/internal/format/cran/cran.go:180.64,181.31 1 4
forge/internal/format/cran/cran.go:181.31,183.3 1 0
forge/internal/format/cran/cran.go:184.2,184.24 1 4
forge/internal/format/cran/cran.go:188.54,190.2 1 2
forge/internal/format/cran/cran.go:193.61,197.25 4 6
forge/internal/format/cran/cran.go:197.25,199.52 2 9
forge/internal/format/cran/cran.go:199.52,201.4 1 9
forge/internal/format/cran/cran.go:203.2,203.13 1 6
forge/internal/format/cran/cran.go:208.66,211.38 3 1
forge/internal/format/cran/cran.go:211.38,213.10 2 2
forge/internal/format/cran/cran.go:213.10,214.12 1 0
forge/internal/format/cran/cran.go:216.3,216.40 1 2
forge/internal/format/cran/cran.go:216.40,218.18 2 4
forge/internal/format/cran/cran.go:218.18,221.5 2 3
forge/internal/format/cran/cran.go:224.2,224.38 1 1
forge/internal/format/cran/cran.go:224.38,224.80 1 2
forge/internal/format/cran/cran.go:225.2,225.12 1 1
forge/internal/format/cran/cran.go:230.45,232.27 2 5
forge/internal/format/cran/cran.go:232.27,234.24 2 7
forge/internal/format/cran/cran.go:234.24,236.4 1 0
forge/internal/format/cran/cran.go:237.3,237.24 1 7
forge/internal/format/cran/cran.go:237.24,239.4 1 1
forge/internal/format/cran/cran.go:240.3,240.24 1 7
forge/internal/format/cran/cran.go:240.24,242.4 1 7
forge/internal/format/cran/cran.go:243.3,243.22 1 7
forge/internal/format/cran/cran.go:245.2,245.27 1 5
forge/internal/format/cran/cran.go:271.48,295.29 11 6
forge/internal/format/cran/cran.go:295.29,296.30 1 30
forge/internal/format/cran/cran.go:296.30,298.4 1 35
forge/internal/format/cran/cran.go:302.2,317.27 14 6
forge/internal/format/cran/cran.go:317.27,319.3 1 30
forge/internal/format/cran/cran.go:321.2,328.20 6 6
forge/internal/format/cran/cran.go:333.49,334.13 1 35
forge/internal/format/cran/cran.go:335.17,336.21 1 7
forge/internal/format/cran/cran.go:337.17,338.21 1 7
forge/internal/format/cran/cran.go:339.17,340.21 1 7
forge/internal/format/cran/cran.go:341.17,342.21 1 7
forge/internal/format/cran/cran.go:343.17,344.21 1 7
forge/internal/format/cran/cran.go:346.2,346.11 1 0
forge/internal/format/cran/cran.go:352.35,352.53 1 6
forge/internal/format/cran/cran.go:355.34,357.2 1 268
forge/internal/format/cran/cran.go:360.42,364.2 3 64
forge/internal/format/cran/cran.go:368.39,369.13 1 35
forge/internal/format/cran/cran.go:369.13,373.3 3 13
forge/internal/format/cran/cran.go:374.2,374.17 1 22
forge/internal/format/cran/cran.go:378.38,381.2 2 12
forge/internal/format/cran/cran.go:384.54,386.16 2 6
forge/internal/format/cran/cran.go:386.16,388.3 1 0
forge/internal/format/cran/cran.go:389.2,391.6 3 6
forge/internal/format/cran/cran.go:391.6,393.20 2 6
forge/internal/format/cran/cran.go:393.20,394.9 1 0
forge/internal/format/cran/cran.go:396.3,396.17 1 6
forge/internal/format/cran/cran.go:396.17,398.4 1 0
forge/internal/format/cran/cran.go:399.3,399.43 1 6
forge/internal/format/cran/cran.go:399.43,402.4 2 6
forge/internal/format/cran/cran.go:404.2,404.57 1 0
forge/internal/format/cran/cran.go:408.45,411.57 3 7
forge/internal/format/cran/cran.go:411.57,412.17 1 30
forge/internal/format/cran/cran.go:412.17,413.12 1 7
forge/internal/format/cran/cran.go:415.3,415.58 1 23
forge/internal/format/cran/cran.go:415.58,417.12 2 1
forge/internal/format/cran/cran.go:419.3,420.10 2 22
forge/internal/format/cran/cran.go:420.10,421.12 1 0
forge/internal/format/cran/cran.go:423.3,424.42 2 22
forge/internal/format/cran/cran.go:426.2,430.3 1 7
forge/internal/format/cran/cran.go:434.79,437.25 3 1
forge/internal/format/cran/cran.go:437.25,439.3 1 2
forge/internal/format/cran/cran.go:440.2,441.37 2 1
forge/internal/format/cran/cran.go:441.37,444.3 2 2
forge/internal/format/cran/cran.go:445.2,445.42 1 1
forge/internal/format/cran/cran.go:445.42,445.86 1 1
forge/internal/format/cran/cran.go:446.2,446.21 1 1
forge/internal/queue/mem.go:21.27,23.2 1 4
forge/internal/queue/mem.go:27.75,29.16 2 10
forge/internal/queue/mem.go:29.16,31.3 1 0
forge/internal/queue/mem.go:32.2,38.9 3 10
forge/internal/queue/mem.go:39.17,40.13 1 9
forge/internal/queue/mem.go:41.20,43.19 2 1
forge/internal/queue/mem.go:49.84,50.6 1 3
forge/internal/queue/mem.go:50.6,51.10 1 12
forge/internal/queue/mem.go:52.20,54.15 2 9
forge/internal/queue/mem.go:55.21,56.20 1 3
forge/internal/queue/mem.go:63.23,63.38 1 3
forge/internal/queue/pg.go:28.28,28.50 1 0
forge/internal/queue/pg.go:30.74,32.16 2 0
forge/internal/queue/pg.go:32.16,34.3 1 0
forge/internal/queue/pg.go:35.2,37.16 2 0
forge/internal/queue/pg.go:37.16,39.3 1 0
forge/internal/queue/pg.go:40.2,40.12 1 0
forge/internal/queue/pg.go:45.83,46.6 1 0
forge/internal/queue/pg.go:46.6,47.23 1 0
forge/internal/queue/pg.go:47.23,49.4 1 0
forge/internal/queue/pg.go:50.3,51.17 2 0
forge/internal/queue/pg.go:51.17,53.11 1 0
forge/internal/queue/pg.go:54.46,54.46 0 0
forge/internal/queue/pg.go:55.22,56.21 1 0
forge/internal/queue/pg.go:58.4,58.12 1 0
forge/internal/queue/pg.go:60.3,60.15 1 0
forge/internal/queue/pg.go:60.15,62.11 1 0
forge/internal/queue/pg.go:63.46,63.46 0 0
forge/internal/queue/pg.go:64.22,65.21 1 0
forge/internal/queue/pg.go:67.4,67.12 1 0
forge/internal/queue/pg.go:69.3,69.39 1 0
forge/internal/queue/pg.go:69.39,72.4 1 0
forge/internal/queue/pg.go:78.57,80.16 2 0
forge/internal/queue/pg.go:80.16,82.3 1 0
forge/internal/queue/pg.go:83.2,98.26 5 0
forge/internal/queue/pg.go:98.26,100.3 1 0
forge/internal/queue/pg.go:101.2,101.16 1 0
forge/internal/queue/pg.go:101.16,103.3 1 0
forge/internal/queue/pg.go:104.2,105.24 2 0
forge/internal/queue/queue.go:33.44,33.83 1 1
forge/internal/meta/meta.go:27.38,28.49 1 19
forge/internal/meta/meta.go:28.49,30.3 1 0
forge/internal/meta/meta.go:31.2,31.29 1 19
forge/internal/meta/meta.go:37.54,41.61 4 55
forge/internal/meta/meta.go:41.61,43.3 1 13
forge/internal/meta/meta.go:44.2,44.18 1 42
forge/internal/meta/meta.go:48.52,51.75 3 5
forge/internal/meta/meta.go:51.75,53.3 1 3
forge/internal/meta/meta.go:54.2,54.17 1 2
forge/internal/meta/meta.go:57.59,59.16 2 20
forge/internal/meta/meta.go:59.16,61.3 1 3
forge/internal/meta/meta.go:62.2,63.24 2 17
forge/internal/meta/meta.go:63.24,65.3 1 2
forge/internal/meta/meta.go:66.2,66.16 1 15
forge/internal/meta/meta.go:66.16,68.3 1 0
forge/internal/meta/meta.go:69.2,69.35 1 15
forge/internal/meta/meta.go:72.51,74.16 2 30
forge/internal/meta/meta.go:74.16,76.3 1 7
forge/internal/meta/meta.go:77.2,77.60 1 23
forge/internal/meta/meta.go:77.60,79.3 1 1
forge/internal/meta/meta.go:80.2,81.16 2 22
forge/internal/meta/meta.go:81.16,83.3 1 0
forge/internal/meta/meta.go:84.2,84.34 1 22
forge/internal/meta/meta.go:87.48,89.16 2 5
forge/internal/meta/meta.go:89.16,91.3 1 3
forge/internal/meta/meta.go:92.2,93.24 2 2
forge/internal/meta/meta.go:93.24,95.3 1 1
forge/internal/meta/meta.go:96.2,96.16 1 1
forge/internal/meta/meta.go:96.16,98.3 1 0
forge/internal/meta/meta.go:99.2,100.28 2 1
forge/internal/meta/meta.go:100.28,101.57 1 3
forge/internal/meta/meta.go:101.57,102.12 1 0
forge/internal/meta/meta.go:104.3,105.59 2 3
forge/internal/meta/meta.go:107.2,107.18 1 1
forge/internal/meta/meta.go:110.43,112.16 2 5
forge/internal/meta/meta.go:112.16,114.3 1 3
forge/internal/meta/meta.go:115.2,116.24 2 2
forge/internal/meta/meta.go:116.24,118.3 1 1
forge/internal/meta/meta.go:119.2,119.12 1 1
forge/internal/meta/pgstore.go:19.37,21.16 2 0
forge/internal/meta/pgstore.go:21.16,23.3 1 0
forge/internal/meta/pgstore.go:24.2,24.34 1 0
forge/internal/meta/pgstore.go:24.34,26.3 1 0
forge/internal/meta/pgstore.go:27.2,27.39 1 0
forge/internal/meta/pgstore.go:27.39,29.3 1 0
forge/internal/meta/pgstore.go:30.2,30.25 1 0
forge/internal/meta/pgstore.go:34.28,34.51 1 0
forge/internal/meta/pgstore.go:38.27,38.42 1 0
forge/internal/meta/pgstore.go:40.51,42.16 2 0
forge/internal/meta/pgstore.go:42.16,44.3 1 0
forge/internal/meta/pgstore.go:45.2,50.12 2 0
forge/internal/meta/pgstore.go:53.59,56.26 3 0
forge/internal/meta/pgstore.go:56.26,58.3 1 0
forge/internal/meta/pgstore.go:59.2,59.16 1 0
forge/internal/meta/pgstore.go:59.16,61.3 1 0
forge/internal/meta/pgstore.go:62.2,62.37 1 0
forge/internal/meta/pgstore.go:65.48,67.16 2 0
forge/internal/meta/pgstore.go:67.16,69.3 1 0
forge/internal/meta/pgstore.go:70.2,72.18 3 0
forge/internal/meta/pgstore.go:72.18,74.39 2 0
forge/internal/meta/pgstore.go:74.39,76.4 1 0
forge/internal/meta/pgstore.go:77.3,77.25 1 0
forge/internal/meta/pgstore.go:79.2,79.25 1 0
forge/internal/meta/pgstore.go:82.43,85.2 2 0
forge/internal/indexer/indexer.go:38.32,38.59 1 4
forge/internal/indexer/indexer.go:42.60,45.2 2 1
forge/internal/indexer/indexer.go:49.65,50.66 1 2
forge/internal/indexer/indexer.go:50.66,52.23 2 21
forge/internal/indexer/indexer.go:52.23,54.18 2 1
forge/internal/indexer/indexer.go:54.18,56.5 1 0
forge/internal/indexer/indexer.go:57.4,57.66 1 1
forge/internal/indexer/indexer.go:59.3,59.13 1 21
forge/internal/indexer/indexer.go:63.46,64.16 1 21
forge/internal/indexer/indexer.go:65.19,66.23 1 21
forge/internal/indexer/indexer.go:67.10,68.13 1 0
forge/internal/indexer/indexer.go:81.46,83.47 2 24
forge/internal/indexer/indexer.go:83.47,85.3 1 0
forge/internal/indexer/indexer.go:87.2,93.16 5 24
forge/internal/indexer/indexer.go:93.16,95.3 1 0
forge/internal/indexer/indexer.go:96.2,98.28 3 24
forge/internal/indexer/indexer.go:98.28,99.36 1 389
forge/internal/indexer/indexer.go:99.36,100.12 1 0
forge/internal/indexer/indexer.go:102.3,104.52 3 389
forge/internal/indexer/indexer.go:104.52,106.4 1 389
forge/internal/indexer/indexer.go:111.2,111.24 1 24
forge/internal/indexer/indexer.go:111.24,113.3 1 1
forge/internal/indexer/indexer.go:115.2,117.21 3 23
forge/internal/indexer/indexer.go:117.21,119.3 1 20
forge/internal/indexer/indexer.go:121.2,126.65 2 23
forge/internal/indexer/indexer.go:126.65,128.3 1 0
forge/internal/indexer/indexer.go:129.2,129.12 1 23
forge/internal/format/oci/oci.go:43.32,43.53 1 35
forge/internal/format/oci/oci.go:44.35,44.51 1 1
forge/internal/format/oci/oci.go:60.84,62.9 2 33
forge/internal/format/oci/oci.go:62.9,65.3 2 0
forge/internal/format/oci/oci.go:67.2,67.31 1 33
forge/internal/format/oci/oci.go:67.31,69.19 1 1
forge/internal/format/oci/oci.go:70.40,71.40 1 0
forge/internal/format/oci/oci.go:72.11,73.105 1 1
forge/internal/format/oci/oci.go:75.3,75.9 1 1
forge/internal/format/oci/oci.go:78.2,78.12 1 32
forge/internal/format/oci/oci.go:79.19,80.19 1 13
forge/internal/format/oci/oci.go:81.40,82.38 1 5
forge/internal/format/oci/oci.go:83.23,84.38 1 7
forge/internal/format/oci/oci.go:85.26,86.38 1 1
forge/internal/format/oci/oci.go:87.11,88.81 1 0
forge/internal/format/oci/oci.go:91.15,92.19 1 7
forge/internal/format/oci/oci.go:93.40,94.35 1 6
forge/internal/format/oci/oci.go:95.26,96.35 1 1
forge/internal/format/oci/oci.go:97.11,98.81 1 0
forge/internal/format/oci/oci.go:101.23,102.19 1 10
forge/internal/format/oci/oci.go:103.24,104.36 1 7
forge/internal/format/oci/oci.go:105.25,106.38 1 2
forge/internal/format/oci/oci.go:107.23,108.41 1 1
forge/internal/format/oci/oci.go:109.11,110.81 1 0
forge/internal/format/oci/oci.go:113.19,114.26 1 2
forge/internal/format/oci/oci.go:116.10,117.75 1 0
forge/internal/format/oci/oci.go:123.99,126.13 3 6
forge/internal/format/oci/oci.go:126.13,129.3 2 2
forge/internal/format/oci/oci.go:130.2,132.19 3 4
forge/internal/format/oci/oci.go:132.19,134.3 1 4
forge/internal/format/oci/oci.go:135.2,135.33 1 4
forge/internal/format/oci/oci.go:135.33,137.3 1 1
forge/internal/format/oci/oci.go:138.2,139.16 2 3
forge/internal/format/oci/oci.go:139.16,142.3 2 0
forge/internal/format/oci/oci.go:143.2,144.16 2 3
forge/internal/format/oci/oci.go:147.85,150.2 2 1
forge/internal/format/oci/oci.go:154.107,156.53 1 7
forge/internal/format/oci/oci.go:156.53,158.17 2 5
forge/internal/format/oci/oci.go:158.17,161.4 2 0
forge/internal/format/oci/oci.go:162.3,163.21 2 5
forge/internal/format/oci/oci.go:163.21,166.4 2 1
forge/internal/format/oci/oci.go:167.3,167.82 1 4
forge/internal/format/oci/oci.go:167.82,170.4 2 0
forge/internal/format/oci/oci.go:171.3,174.9 4 4
forge/internal/format/oci/oci.go:178.2,178.54 1 2
forge/internal/format/oci/oci.go:178.54,179.52 1 1
forge/internal/format/oci/oci.go:179.52,181.49 2 1
forge/internal/format/oci/oci.go:181.49,183.66 2 1
forge/internal/format/oci/oci.go:183.66,188.6 4 1
forge/internal/format/oci/oci.go:195.2,201.36 7 1
forge/internal/format/oci/oci.go:204.110,209.50 3 2
forge/internal/format/oci/oci.go:209.50,212.3 2 1
forge/internal/format/oci/oci.go:214.2,215.16 2 2
forge/internal/format/oci/oci.go:215.16,218.3 2 0
forge/internal/format/oci/oci.go:220.2,221.76 2 2
forge/internal/format/oci/oci.go:221.76,224.3 2 0
forge/internal/format/oci/oci.go:226.2,227.14 2 2
forge/internal/format/oci/oci.go:227.14,229.3 1 0
forge/internal/format/oci/oci.go:230.2,234.36 5 2
forge/internal/format/oci/oci.go:237.113,239.16 2 1
forge/internal/format/oci/oci.go:239.16,242.3 2 0
forge/internal/format/oci/oci.go:244.2,246.50 3 1
forge/internal/format/oci/oci.go:246.50,250.3 3 1
forge/internal/format/oci/oci.go:253.2,257.20 4 1
forge/internal/format/oci/oci.go:257.20,260.3 2 0
forge/internal/format/oci/oci.go:262.2,262.81 1 1
forge/internal/format/oci/oci.go:262.81,265.3 2 0
forge/internal/format/oci/oci.go:266.2,270.35 4 1
forge/internal/format/oci/oci.go:275.109,277.9 2 5
forge/internal/format/oci/oci.go:277.9,280.3 2 2
forge/internal/format/oci/oci.go:282.2,283.16 2 3
forge/internal/format/oci/oci.go:283.16,286.3 2 0
forge/internal/format/oci/oci.go:288.2,291.14 4 3
forge/internal/format/oci/oci.go:291.14,293.3 1 0
forge/internal/format/oci/oci.go:295.2,298.33 4 3
forge/internal/format/oci/oci.go:298.33,300.3 1 1
forge/internal/format/oci/oci.go:301.2,301.15 1 2
forge/internal/format/oci/oci.go:304.109,306.16 2 7
forge/internal/format/oci/oci.go:306.16,309.3 2 0
forge/internal/format/oci/oci.go:311.2,313.14 3 7
forge/internal/format/oci/oci.go:313.14,315.3 1 0
forge/internal/format/oci/oci.go:317.2,317.85 1 7
forge/internal/format/oci/oci.go:317.85,320.3 2 0
forge/internal/format/oci/oci.go:321.2,324.40 2 7
forge/internal/format/oci/oci.go:324.40,326.3 1 7
forge/internal/format/oci/oci.go:328.2,330.35 3 7
forge/internal/format/oci/oci.go:333.95,335.9 2 1
forge/internal/format/oci/oci.go:335.9,338.3 2 0
forge/internal/format/oci/oci.go:340.2,344.50 3 1
forge/internal/format/oci/oci.go:344.50,346.26 2 1
forge/internal/format/oci/oci.go:346.26,347.37 1 1
forge/internal/format/oci/oci.go:347.37,348.13 1 0
forge/internal/format/oci/oci.go:350.4,351.64 2 1
forge/internal/format/oci/oci.go:351.64,353.5 1 1
forge/internal/format/oci/oci.go:356.2,356.36 1 1
forge/internal/format/oci/oci.go:361.84,365.25 4 2
forge/internal/format/oci/oci.go:365.25,366.35 1 6
forge/internal/format/oci/oci.go:366.35,368.4 1 3
forge/internal/format/oci/oci.go:370.2,372.72 3 2
forge/internal/format/oci/oci.go:377.111,378.27 1 0
forge/internal/format/oci/oci.go:378.27,381.3 2 0
forge/internal/format/oci/oci.go:383.2,384.12 2 0
forge/internal/format/oci/oci.go:385.19,386.45 1 0
forge/internal/format/oci/oci.go:387.15,388.41 1 0
forge/internal/format/oci/oci.go:389.19,390.38 1 0
forge/internal/format/oci/oci.go:391.10,393.9 2 0
forge/internal/format/oci/oci.go:395.2,397.16 3 0
forge/internal/format/oci/oci.go:397.16,400.3 2 0
forge/internal/format/oci/oci.go:402.2,402.52 1 0
forge/internal/format/oci/oci.go:402.52,404.3 1 0
forge/internal/format/oci/oci.go:405.2,406.16 2 0
forge/internal/format/oci/oci.go:406.16,409.3 2 0
forge/internal/format/oci/oci.go:410.2,411.90 2 0
forge/internal/format/oci/oci.go:411.90,412.41 1 0
forge/internal/format/oci/oci.go:412.41,414.4 1 0
forge/internal/format/oci/oci.go:416.2,417.23 2 0
forge/internal/format/oci/oci.go:422.48,422.79 1 30
forge/internal/format/oci/oci.go:424.66,426.2 1 13
forge/internal/format/oci/oci.go:428.70,430.2 1 13
forge/internal/format/oci/oci.go:432.68,434.2 1 3
forge/internal/format/oci/oci.go:437.83,438.39 1 6
forge/internal/format/oci/oci.go:438.39,441.3 2 2
forge/internal/format/oci/oci.go:442.2,444.17 3 4
forge/internal/format/oci/oci.go:447.80,449.16 2 3
forge/internal/format/oci/oci.go:449.16,451.3 1 0
forge/internal/format/oci/oci.go:452.2,453.23 2 3
forge/internal/format/oci/oci.go:457.32,457.46 1 7
forge/internal/format/oci/oci.go:460.72,466.2 3 6
forge/internal/format/oci/oci.go:476.63,477.56 1 43
forge/internal/format/oci/oci.go:477.56,479.3 1 16
forge/internal/format/oci/oci.go:480.2,480.60 1 27
forge/internal/format/oci/oci.go:480.60,482.3 1 13
forge/internal/format/oci/oci.go:483.2,483.46 1 14
forge/internal/format/oci/oci.go:483.46,485.3 1 1
forge/internal/format/oci/oci.go:486.2,486.52 1 13
forge/internal/format/oci/oci.go:486.52,488.3 1 8
forge/internal/format/oci/oci.go:489.2,489.42 1 5
forge/internal/format/oci/oci.go:489.42,491.3 1 4
forge/internal/format/oci/oci.go:492.2,492.26 1 1
forge/internal/format/oci/oci.go:495.40,498.2 2 22
forge/internal/format/oci/oci.go:500.23,504.2 3 1
forge/internal/format/oci/oci.go:508.79,510.16 2 1
forge/internal/format/oci/oci.go:510.16,512.3 1 0
forge/internal/format/oci/oci.go:513.2,514.25 2 1
forge/internal/format/oci/oci.go:514.25,515.37 1 2
forge/internal/format/oci/oci.go:515.37,516.12 1 1
forge/internal/format/oci/oci.go:519.3,521.10 3 1
forge/internal/format/oci/oci.go:521.10,522.12 1 0
forge/internal/format/oci/oci.go:524.3,524.47 1 1
forge/internal/format/oci/oci.go:526.2,527.35 2 1
forge/internal/format/oci/oci.go:527.35,530.3 2 1
forge/internal/format/oci/oci.go:531.2,531.42 1 1
forge/internal/format/oci/oci.go:531.42,531.86 1 0
forge/internal/format/oci/oci.go:532.2,532.21 1 1
forge/internal/format/npm/npm.go:57.32,57.53 1 24
forge/internal/format/npm/npm.go:58.35,58.51 1 1
forge/internal/format/npm/npm.go:60.51,60.82 1 23
forge/internal/format/npm/npm.go:61.52,61.85 1 4
forge/internal/format/npm/npm.go:62.52,62.86 1 4
forge/internal/format/npm/npm.go:64.84,68.34 2 20
forge/internal/format/npm/npm.go:68.34,71.3 2 10
forge/internal/format/npm/npm.go:74.2,74.34 1 10
forge/internal/format/npm/npm.go:74.34,75.19 1 5
forge/internal/format/npm/npm.go:76.23,77.24 1 4
forge/internal/format/npm/npm.go:78.26,79.34 1 1
forge/internal/format/npm/npm.go:79.34,82.5 2 0
forge/internal/format/npm/npm.go:83.4,83.30 1 1
forge/internal/format/npm/npm.go:84.11,85.68 1 0
forge/internal/format/npm/npm.go:87.3,87.9 1 5
forge/internal/format/npm/npm.go:91.2,91.18 1 5
forge/internal/format/npm/npm.go:92.22,93.28 1 3
forge/internal/format/npm/npm.go:94.22,95.33 1 1
forge/internal/format/npm/npm.go:95.33,98.4 2 0
forge/internal/format/npm/npm.go:99.3,99.26 1 1
forge/internal/format/npm/npm.go:100.25,101.33 1 1
forge/internal/format/npm/npm.go:101.33,104.4 2 0
forge/internal/format/npm/npm.go:105.3,105.25 1 1
forge/internal/format/npm/npm.go:106.10,107.67 1 0
forge/internal/format/npm/npm.go:113.99,114.9 1 10
forge/internal/format/npm/npm.go:115.83,116.27 1 6
forge/internal/format/npm/npm.go:118.71,119.13 1 1
forge/internal/format/npm/npm.go:121.89,122.13 1 1
forge/internal/format/npm/npm.go:124.53,126.28 2 1
forge/internal/format/npm/npm.go:128.55,130.72 2 1
forge/internal/format/npm/npm.go:132.10,133.75 1 0
forge/internal/format/npm/npm.go:148.98,150.65 2 1
forge/internal/format/npm/npm.go:150.65,153.3 2 0
forge/internal/format/npm/npm.go:156.2,159.44 2 1
forge/internal/format/npm/npm.go:159.44,161.3 1 0
forge/internal/format/npm/npm.go:162.2,162.38 1 1
forge/internal/format/npm/npm.go:162.38,164.17 2 0
forge/internal/format/npm/npm.go:164.17,167.4 2 0
forge/internal/format/npm/npm.go:168.3,168.86 1 0
forge/internal/format/npm/npm.go:168.86,171.4 2 0
forge/internal/format/npm/npm.go:177.2,178.40 2 1
forge/internal/format/npm/npm.go:178.40,180.3 1 1
forge/internal/format/npm/npm.go:181.2,182.34 2 1
forge/internal/format/npm/npm.go:182.34,185.18 3 1
forge/internal/format/npm/npm.go:185.18,187.4 1 0
forge/internal/format/npm/npm.go:188.3,191.72 3 1
forge/internal/format/npm/npm.go:191.72,194.4 2 0
forge/internal/format/npm/npm.go:198.2,198.41 1 1
forge/internal/format/npm/npm.go:198.41,200.65 2 0
forge/internal/format/npm/npm.go:200.65,203.23 3 0
forge/internal/format/npm/npm.go:203.23,205.5 1 0
forge/internal/format/npm/npm.go:206.4,206.31 1 0
forge/internal/format/npm/npm.go:206.31,208.5 1 0
forge/internal/format/npm/npm.go:209.4,209.69 1 0
forge/internal/format/npm/npm.go:209.69,212.5 2 0
forge/internal/format/npm/npm.go:217.2,220.56 3 1
forge/internal/format/npm/npm.go:225.84,226.20 1 1
forge/internal/format/npm/npm.go:226.20,232.3 2 0
forge/internal/format/npm/npm.go:233.2,233.26 1 1
forge/internal/format/npm/npm.go:239.65,245.28 5 1
forge/internal/format/npm/npm.go:245.28,246.36 1 1
forge/internal/format/npm/npm.go:246.36,247.12 1 0
forge/internal/format/npm/npm.go:249.3,251.52 3 1
forge/internal/format/npm/npm.go:251.52,253.4 1 1
forge/internal/format/npm/npm.go:255.2,255.24 1 1
forge/internal/format/npm/npm.go:255.24,257.3 1 0
forge/internal/format/npm/npm.go:259.2,261.21 3 1
forge/internal/format/npm/npm.go:261.21,263.3 1 1
forge/internal/format/npm/npm.go:265.2,270.41 2 1
forge/internal/format/npm/npm.go:277.83,279.56 1 1
forge/internal/format/npm/npm.go:279.56,281.26 2 0
forge/internal/format/npm/npm.go:281.26,282.36 1 0
forge/internal/format/npm/npm.go:282.36,284.5 1 0
forge/internal/format/npm/npm.go:287.2,290.62 3 1
forge/internal/format/npm/npm.go:290.62,291.26 1 1
forge/internal/format/npm/npm.go:291.26,293.4 1 1
forge/internal/format/npm/npm.go:295.2,296.56 2 1
forge/internal/format/npm/npm.go:302.87,316.59 9 1
forge/internal/format/npm/npm.go:316.59,317.65 1 1
forge/internal/format/npm/npm.go:317.65,321.4 3 1
forge/internal/format/npm/npm.go:323.2,324.56 2 1
forge/internal/format/npm/npm.go:330.99,338.60 6 6
forge/internal/format/npm/npm.go:338.60,341.3 2 1
forge/internal/format/npm/npm.go:342.2,343.21 2 5
forge/internal/format/npm/npm.go:343.21,345.3 1 0
forge/internal/format/npm/npm.go:347.2,348.18 2 5
forge/internal/format/npm/npm.go:349.22,350.16 1 3
forge/internal/format/npm/npm.go:350.16,352.4 1 2
forge/internal/format/npm/npm.go:352.9,354.11 2 1
forge/internal/format/npm/npm.go:354.11,357.5 2 0
forge/internal/format/npm/npm.go:358.4,358.34 1 1
forge/internal/format/npm/npm.go:361.22,362.16 1 1
forge/internal/format/npm/npm.go:362.16,365.4 2 0
forge/internal/format/npm/npm.go:366.3,367.62 2 1
forge/internal/format/npm/npm.go:367.62,370.4 2 0
forge/internal/format/npm/npm.go:371.3,375.38 5 1
forge/internal/format/npm/npm.go:377.25,378.16 1 1
forge/internal/format/npm/npm.go:378.16,381.4 2 0
forge/internal/format/npm/npm.go:382.3,386.38 5 1
forge/internal/format/npm/npm.go:388.10,389.67 1 0
forge/internal/format/npm/npm.go:399.48,403.2 3 1
forge/internal/format/npm/npm.go:406.48,421.2 2 1
forge/internal/format/npm/npm.go:425.100,426.31 1 3
forge/internal/format/npm/npm.go:426.31,429.3 2 0
forge/internal/format/npm/npm.go:430.2,431.56 2 3
forge/internal/format/npm/npm.go:431.56,435.3 3 1
forge/internal/format/npm/npm.go:436.2,436.31 1 2
forge/internal/format/npm/npm.go:436.31,439.3 2 1
forge/internal/format/npm/npm.go:440.2,440.21 1 1
forge/internal/format/npm/npm.go:449.105,453.15 3 4
forge/internal/format/npm/npm.go:453.15,455.32 1 2
forge/internal/format/npm/npm.go:455.32,457.4 1 2
forge/internal/format/npm/npm.go:458.3,461.15 4 0
forge/internal/format/npm/npm.go:461.15,463.4 1 0
forge/internal/format/npm/npm.go:464.3,464.46 1 0
forge/internal/format/npm/npm.go:464.46,465.24 1 0
forge/internal/format/npm/npm.go:465.24,467.5 1 0
forge/internal/format/npm/npm.go:468.4,468.23 1 0
forge/internal/format/npm/npm.go:473.2,473.31 1 2
forge/internal/format/npm/npm.go:473.31,475.3 1 1
forge/internal/format/npm/npm.go:477.2,479.16 3 1
forge/internal/format/npm/npm.go:479.16,480.16 1 0
forge/internal/format/npm/npm.go:480.16,482.4 1 0
forge/internal/format/npm/npm.go:483.3,483.20 1 0
forge/internal/format/npm/npm.go:485.2,485.28 1 1
forge/internal/format/npm/npm.go:485.28,487.3 1 0
forge/internal/format/npm/npm.go:489.2,491.32 3 1
forge/internal/format/npm/npm.go:491.32,493.3 1 0
forge/internal/format/npm/npm.go:493.8,493.47 1 1
forge/internal/format/npm/npm.go:493.47,495.3 1 0
forge/internal/format/npm/npm.go:497.2,498.16 2 1
forge/internal/format/npm/npm.go:498.16,499.16 1 0
forge/internal/format/npm/npm.go:499.16,501.4 1 0
forge/internal/format/npm/npm.go:502.3,502.20 1 0
forge/internal/format/npm/npm.go:504.2,506.47 2 1
forge/internal/format/npm/npm.go:506.47,510.23 3 0
forge/internal/format/npm/npm.go:510.23,512.4 1 0
forge/internal/format/npm/npm.go:513.3,513.22 1 0
forge/internal/format/npm/npm.go:516.2,516.38 1 1
forge/internal/format/npm/npm.go:516.38,517.16 1 0
forge/internal/format/npm/npm.go:517.16,519.4 1 0
forge/internal/format/npm/npm.go:520.3,520.20 1 0
forge/internal/format/npm/npm.go:523.2,524.64 2 1
forge/internal/format/npm/npm.go:524.64,525.16 1 0
forge/internal/format/npm/npm.go:525.16,527.4 1 0
forge/internal/format/npm/npm.go:528.3,528.20 1 0
forge/internal/format/npm/npm.go:532.2,533.58 2 1
forge/internal/format/npm/npm.go:533.58,534.30 1 1
forge/internal/format/npm/npm.go:534.30,537.19 3 1
forge/internal/format/npm/npm.go:537.19,538.13 1 0
forge/internal/format/npm/npm.go:540.4,540.48 1 1
forge/internal/format/npm/npm.go:540.48,542.5 1 1
forge/internal/format/npm/npm.go:545.2,551.22 3 1
forge/internal/format/npm/npm.go:551.22,553.3 1 0
forge/internal/format/npm/npm.go:554.2,554.18 1 1
forge/internal/format/npm/npm.go:557.53,557.86 1 2
forge/internal/format/npm/npm.go:559.105,561.9 2 1
forge/internal/format/npm/npm.go:561.9,564.3 2 0
forge/internal/format/npm/npm.go:565.2,566.32 2 1
forge/internal/format/npm/npm.go:572.105,584.38 7 2
forge/internal/format/npm/npm.go:584.38,586.10 2 3
forge/internal/format/npm/npm.go:586.10,587.12 1 0
forge/internal/format/npm/npm.go:589.3,590.10 2 3
forge/internal/format/npm/npm.go:590.10,591.12 1 1
forge/internal/format/npm/npm.go:593.3,594.14 2 2
forge/internal/format/npm/npm.go:594.14,595.26 1 1
forge/internal/format/npm/npm.go:595.26,596.44 1 3
forge/internal/format/npm/npm.go:596.44,598.6 1 1
forge/internal/format/npm/npm.go:600.4,600.17 1 1
forge/internal/format/npm/npm.go:602.3,602.53 1 2
forge/internal/format/npm/npm.go:602.53,603.31 1 2
forge/internal/format/npm/npm.go:603.31,604.43 1 4
forge/internal/format/npm/npm.go:604.43,605.14 1 1
forge/internal/format/npm/npm.go:607.5,607.47 1 3
forge/internal/format/npm/npm.go:607.47,608.55 1 3
forge/internal/format/npm/npm.go:608.55,609.51 1 3
forge/internal/format/npm/npm.go:609.51,611.8 1 3
forge/internal/format/npm/npm.go:614.5,614.26 1 3
forge/internal/format/npm/npm.go:617.3,617.54 1 2
forge/internal/format/npm/npm.go:617.54,618.29 1 2
forge/internal/format/npm/npm.go:618.29,619.44 1 2
forge/internal/format/npm/npm.go:619.44,621.6 1 1
forge/internal/format/npm/npm.go:626.2,626.12 1 2
forge/internal/format/npm/npm.go:626.12,629.3 2 1
forge/internal/format/npm/npm.go:630.2,633.35 4 1
forge/internal/format/npm/npm.go:636.81,637.31 1 4
forge/internal/format/npm/npm.go:637.31,640.3 2 2
forge/internal/format/npm/npm.go:641.2,643.31 2 2
forge/internal/format/npm/npm.go:643.31,645.17 2 2
forge/internal/format/npm/npm.go:645.17,648.4 2 1
forge/internal/format/npm/npm.go:649.3,652.9 4 1
forge/internal/format/npm/npm.go:655.2,657.22 3 0
forge/internal/format/npm/npm.go:657.22,659.27 2 0
forge/internal/format/npm/npm.go:659.27,659.71 1 0
forge/internal/format/npm/npm.go:660.3,660.28 1 0
forge/internal/format/npm/npm.go:660.28,660.74 1 0
forge/internal/format/npm/npm.go:662.2,664.39 3 0
forge/internal/format/npm/npm.go:664.39,667.3 2 0
forge/internal/format/npm/npm.go:668.2,668.16 1 0
forge/internal/format/npm/npm.go:668.16,671.3 2 0
forge/internal/format/npm/npm.go:672.2,674.16 3 0
forge/internal/format/npm/npm.go:677.86,678.38 1 2
forge/internal/format/npm/npm.go:678.38,680.10 2 2
forge/internal/format/npm/npm.go:680.10,681.12 1 0
forge/internal/format/npm/npm.go:683.3,684.33 2 2
forge/internal/format/npm/npm.go:684.33,687.25 3 0
forge/internal/format/npm/npm.go:687.25,689.29 2 0
forge/internal/format/npm/npm.go:689.29,689.73 1 0
forge/internal/format/npm/npm.go:690.5,690.30 1 0
forge/internal/format/npm/npm.go:690.30,690.76 1 0
forge/internal/format/npm/npm.go:692.4,694.18 3 0
forge/internal/format/npm/npm.go:694.18,699.5 4 0
forge/internal/format/npm/npm.go:700.4,700.12 1 0
forge/internal/format/npm/npm.go:702.3,702.46 1 2
forge/internal/format/npm/npm.go:702.46,707.4 4 1
forge/internal/format/npm/npm.go:709.2,709.23 1 1
forge/internal/format/npm/npm.go:716.62,718.13 2 4
forge/internal/format/npm/npm.go:718.13,720.3 1 0
forge/internal/format/npm/npm.go:721.2,722.72 2 4
forge/internal/format/npm/npm.go:725.41,727.18 2 4
forge/internal/format/npm/npm.go:727.18,729.3 1 0
forge/internal/format/npm/npm.go:730.2,730.32 1 4
forge/internal/format/npm/npm.go:733.35,734.44 1 2
forge/internal/format/npm/npm.go:734.44,736.3 1 0
forge/internal/format/npm/npm.go:737.2,737.10 1 2
forge/internal/format/npm/npm.go:741.79,742.31 1 1
forge/internal/format/npm/npm.go:742.31,744.3 1 0
forge/internal/format/npm/npm.go:745.2,746.16 2 1
forge/internal/format/npm/npm.go:746.16,748.3 1 0
forge/internal/format/npm/npm.go:749.2,750.27 2 1
forge/internal/format/npm/npm.go:750.27,752.61 2 2
forge/internal/format/npm/npm.go:752.61,753.12 1 0
forge/internal/format/npm/npm.go:755.3,756.59 2 2
forge/internal/format/npm/npm.go:756.59,757.24 1 2
forge/internal/format/npm/npm.go:757.24,759.5 1 3
forge/internal/format/npm/npm.go:761.3,762.79 2 2
forge/internal/format/npm/npm.go:764.2,764.42 1 1
forge/internal/format/npm/npm.go:764.42,764.86 1 1
forge/internal/format/npm/npm.go:765.2,765.21 1 1
forge/internal/format/maven/maven.go:44.32,44.53 1 41
forge/internal/format/maven/maven.go:45.35,45.53 1 1
forge/internal/format/maven/maven.go:87.55,87.93 1 1
forge/internal/format/maven/maven.go:88.56,88.96 1 20
forge/internal/format/maven/maven.go:92.84,93.18 1 17
forge/internal/format/maven/maven.go:94.39,95.17 1 14
forge/internal/format/maven/maven.go:96.22,97.33 1 2
forge/internal/format/maven/maven.go:97.33,100.4 2 1
forge/internal/format/maven/maven.go:101.3,101.17 1 1
forge/internal/format/maven/maven.go:102.10,103.67 1 1
forge/internal/format/maven/maven.go:107.82,109.16 2 1
forge/internal/format/maven/maven.go:109.16,112.3 2 0
forge/internal/format/maven/maven.go:114.2,116.80 3 1
forge/internal/format/maven/maven.go:119.82,120.31 1 15
forge/internal/format/maven/maven.go:120.31,123.3 2 2
forge/internal/format/maven/maven.go:125.2,128.44 2 13
forge/internal/format/maven/maven.go:128.44,133.3 4 3
forge/internal/format/maven/maven.go:136.2,136.40 1 10
forge/internal/format/maven/maven.go:136.40,138.58 2 2
forge/internal/format/maven/maven.go:138.58,144.4 5 1
forge/internal/format/maven/maven.go:148.2,148.46 1 9
forge/internal/format/maven/maven.go:148.46,149.32 1 3
forge/internal/format/maven/maven.go:149.32,150.52 1 1
forge/internal/format/maven/maven.go:150.52,154.5 3 1
forge/internal/format/maven/maven.go:156.3,156.43 1 2
forge/internal/format/maven/maven.go:156.43,160.4 3 1
forge/internal/format/maven/maven.go:164.2,164.40 1 7
forge/internal/format/maven/maven.go:164.40,165.89 1 1
forge/internal/format/maven/maven.go:165.89,170.32 5 0
forge/internal/format/maven/maven.go:170.32,172.5 1 0
forge/internal/format/maven/maven.go:173.4,173.11 1 0
forge/internal/format/maven/maven.go:173.11,175.5 1 0
forge/internal/format/maven/maven.go:176.4,176.10 1 0
forge/internal/format/maven/maven.go:176.10,179.5 2 0
forge/internal/format/maven/maven.go:184.2,184.31 1 7
forge/internal/format/maven/maven.go:184.31,187.3 2 4
forge/internal/format/maven/maven.go:189.2,189.21 1 3
forge/internal/format/maven/maven.go:194.87,195.46 1 2
forge/internal/format/maven/maven.go:195.46,198.3 2 1
forge/internal/format/maven/maven.go:199.2,199.40 1 1
forge/internal/format/maven/maven.go:199.40,200.89 1 0
forge/internal/format/maven/maven.go:200.89,203.48 3 0
forge/internal/format/maven/maven.go:203.48,205.5 1 0
forge/internal/format/maven/maven.go:205.10,207.5 1 0
forge/internal/format/maven/maven.go:208.4,208.10 1 0
forge/internal/format/maven/maven.go:211.2,211.38 1 1
forge/internal/format/maven/maven.go:211.38,213.10 2 1
forge/internal/format/maven/maven.go:213.10,214.12 1 0
forge/internal/format/maven/maven.go:216.3,218.15 3 1
forge/internal/format/maven/maven.go:218.15,221.4 2 1
forge/internal/format/maven/maven.go:223.2,223.21 1 0
forge/internal/format/maven/maven.go:226.75,228.9 2 1
forge/internal/format/maven/maven.go:228.9,231.3 2 0
forge/internal/format/maven/maven.go:232.2,233.14 2 1
forge/internal/format/maven/maven.go:236.72,238.26 2 2
forge/internal/format/maven/maven.go:238.26,240.3 1 0
forge/internal/format/maven/maven.go:241.2,243.38 3 2
forge/internal/format/maven/maven.go:243.38,245.10 2 4
forge/internal/format/maven/maven.go:245.10,246.12 1 0
forge/internal/format/maven/maven.go:248.3,248.53 1 4
forge/internal/format/maven/maven.go:248.53,249.16 1 6
forge/internal/format/maven/maven.go:249.16,252.5 2 5
forge/internal/format/maven/maven.go:255.2,255.40 1 2
forge/internal/format/maven/maven.go:260.101,263.22 3 4
forge/internal/format/maven/maven.go:263.22,265.26 2 0
forge/internal/format/maven/maven.go:265.26,265.69 1 0
forge/internal/format/maven/maven.go:266.3,266.27 1 0
forge/internal/format/maven/maven.go:266.27,266.72 1 0
forge/internal/format/maven/maven.go:268.2,270.39 3 4
forge/internal/format/maven/maven.go:270.39,273.3 2 1
forge/internal/format/maven/maven.go:274.2,274.16 1 3
forge/internal/format/maven/maven.go:274.16,277.3 2 0
forge/internal/format/maven/maven.go:278.2,281.38 2 3
forge/internal/format/maven/maven.go:281.38,283.15 2 2
forge/internal/format/maven/maven.go:283.15,285.4 1 0
forge/internal/format/maven/maven.go:286.3,289.9 4 2
forge/internal/format/maven/maven.go:292.2,292.14 1 1
forge/internal/format/maven/maven.go:292.14,294.3 1 0
forge/internal/format/maven/maven.go:295.2,296.16 2 1
forge/internal/format/maven/maven.go:301.72,310.74 2 2
forge/internal/format/maven/maven.go:310.74,312.3 1 0
forge/internal/format/maven/maven.go:313.2,314.62 2 2
forge/internal/format/maven/maven.go:314.62,316.3 1 0
forge/internal/format/maven/maven.go:317.2,321.49 3 2
forge/internal/format/maven/maven.go:321.49,323.3 1 1
forge/internal/format/maven/maven.go:324.2,326.52 3 1
forge/internal/format/maven/maven.go:326.52,328.3 1 0
forge/internal/format/maven/maven.go:329.2,331.16 3 1
forge/internal/format/maven/maven.go:331.16,333.3 1 0
forge/internal/format/maven/maven.go:334.2,334.46 1 1
forge/internal/format/maven/maven.go:339.70,341.26 2 4
forge/internal/format/maven/maven.go:341.26,343.3 1 0
forge/internal/format/maven/maven.go:344.2,344.67 1 4
forge/internal/format/maven/maven.go:347.80,352.25 5 8
forge/internal/format/maven/maven.go:352.25,355.36 3 10
forge/internal/format/maven/maven.go:355.36,356.12 1 0
forge/internal/format/maven/maven.go:358.3,359.35 2 10
forge/internal/format/maven/maven.go:361.2,361.17 1 8
forge/internal/format/maven/maven.go:364.85,365.24 1 6
forge/internal/format/maven/maven.go:365.24,367.3 1 2
forge/internal/format/maven/maven.go:368.2,371.17 4 4
forge/internal/format/maven/maven.go:371.17,373.3 1 0
forge/internal/format/maven/maven.go:374.2,374.93 1 4
forge/internal/format/maven/maven.go:377.77,386.29 8 4
forge/internal/format/maven/maven.go:386.29,388.3 1 9
forge/internal/format/maven/maven.go:389.2,390.27 2 4
forge/internal/format/maven/maven.go:397.42,399.2 1 6
forge/internal/format/maven/maven.go:409.62,411.20 2 16
forge/internal/format/maven/maven.go:411.20,413.3 1 0
forge/internal/format/maven/maven.go:414.2,415.49 2 16
forge/internal/format/maven/maven.go:415.49,417.3 1 1
forge/internal/format/maven/maven.go:418.2,419.108 2 15
forge/internal/format/maven/maven.go:419.108,421.3 1 0
forge/internal/format/maven/maven.go:423.2,429.9 6 15
forge/internal/format/maven/maven.go:429.9,431.3 1 0
forge/internal/format/maven/maven.go:433.2,435.18 3 15
forge/internal/format/maven/maven.go:435.18,437.3 1 15
forge/internal/format/maven/maven.go:439.2,446.43 3 15
forge/internal/format/maven/maven.go:449.78,457.28 6 5
forge/internal/format/maven/maven.go:457.28,458.36 1 14
forge/internal/format/maven/maven.go:458.36,459.12 1 0
forge/internal/format/maven/maven.go:461.3,462.52 2 14
forge/internal/format/maven/maven.go:462.52,463.12 1 0
forge/internal/format/maven/maven.go:465.3,465.23 1 14
forge/internal/format/maven/maven.go:465.23,467.4 1 4
forge/internal/format/maven/maven.go:468.3,469.35 2 14
forge/internal/format/maven/maven.go:469.35,473.4 3 4
forge/internal/format/maven/maven.go:474.3,477.5 1 14
forge/internal/format/maven/maven.go:479.2,479.22 1 5
forge/internal/format/maven/maven.go:479.22,481.3 1 4
forge/internal/format/maven/maven.go:484.2,484.65 1 1
forge/internal/format/maven/maven.go:484.65,486.3 1 0
forge/internal/format/maven/maven.go:487.2,487.19 1 1
forge/internal/format/maven/maven.go:490.55,492.46 1 4
forge/internal/format/maven/maven.go:492.46,493.59 1 10
forge/internal/format/maven/maven.go:493.59,495.4 1 10
forge/internal/format/maven/maven.go:496.3,496.63 1 0
forge/internal/format/maven/maven.go:499.2,504.24 5 4
forge/internal/format/maven/maven.go:504.24,507.3 1 4
forge/internal/format/maven/maven.go:508.2,508.22 1 4
forge/internal/format/maven/maven.go:508.22,510.3 1 4
forge/internal/format/maven/maven.go:511.2,511.26 1 4
forge/internal/format/maven/maven.go:511.26,513.34 2 4
forge/internal/format/maven/maven.go:513.34,515.27 2 14
forge/internal/format/maven/maven.go:515.27,517.5 1 0
forge/internal/format/maven/maven.go:518.4,520.47 2 14
forge/internal/format/maven/maven.go:522.3,522.45 1 4
forge/internal/format/maven/maven.go:524.2,525.27 2 4
forge/internal/format/maven/maven.go:533.86,535.42 2 19
forge/internal/format/maven/maven.go:535.42,537.3 1 2
forge/internal/format/maven/maven.go:538.2,540.16 3 17
forge/internal/format/maven/maven.go:540.16,542.3 1 0
forge/internal/format/maven/maven.go:543.2,543.45 1 17
forge/internal/format/maven/maven.go:549.82,551.38 1 34
forge/internal/format/maven/maven.go:551.38,552.24 1 157
forge/internal/format/maven/maven.go:552.24,553.12 1 126
forge/internal/format/maven/maven.go:555.3,555.60 1 31
forge/internal/format/maven/maven.go:555.60,556.12 1 0
forge/internal/format/maven/maven.go:558.3,558.25 1 31
forge/internal/format/maven/maven.go:558.25,559.12 1 0
forge/internal/format/maven/maven.go:561.3,562.23 2 31
forge/internal/format/maven/maven.go:562.23,563.12 1 0
forge/internal/format/maven/maven.go:565.3,566.17 2 31
forge/internal/format/maven/maven.go:566.17,567.12 1 0
forge/internal/format/maven/maven.go:569.3,569.35 1 31
forge/internal/format/maven/maven.go:571.2,571.21 1 3
forge/internal/format/maven/maven.go:574.30,575.17 1 93
forge/internal/format/maven/maven.go:575.17,577.3 1 0
forge/internal/format/maven/maven.go:578.2,578.22 1 93
forge/internal/format/maven/maven.go:578.22,579.25 1 466
forge/internal/format/maven/maven.go:579.25,581.4 1 0
forge/internal/format/maven/maven.go:583.2,583.13 1 93
forge/internal/format/maven/maven.go:588.35,589.54 1 37
forge/internal/format/maven/maven.go:589.54,590.34 1 105
forge/internal/format/maven/maven.go:590.34,592.4 1 6
forge/internal/format/maven/maven.go:594.2,594.11 1 31
forge/internal/format/maven/maven.go:597.46,598.13 1 5
forge/internal/format/maven/maven.go:599.13,600.21 1 1
forge/internal/format/maven/maven.go:601.14,602.22 1 2
forge/internal/format/maven/maven.go:603.16,604.24 1 1
forge/internal/format/maven/maven.go:606.2,606.11 1 1
forge/internal/format/maven/maven.go:609.35,610.9 1 9
forge/internal/format/maven/maven.go:611.36,612.36 1 4
forge/internal/format/maven/maven.go:613.66,614.27 1 2
forge/internal/format/maven/maven.go:615.39,616.46 1 2
forge/internal/format/maven/maven.go:617.10,618.36 1 1
forge/internal/format/maven/maven.go:626.79,627.31 1 1
forge/internal/format/maven/maven.go:627.31,629.3 1 0
forge/internal/format/maven/maven.go:630.2,632.16 3 1
forge/internal/format/maven/maven.go:632.16,634.3 1 0
forge/internal/format/maven/maven.go:635.2,637.25 3 1
forge/internal/format/maven/maven.go:637.25,640.21 2 2
forge/internal/format/maven/maven.go:640.21,641.12 1 0
forge/internal/format/maven/maven.go:643.3,644.27 2 2
forge/internal/format/maven/maven.go:644.27,645.48 1 8
forge/internal/format/maven/maven.go:645.48,647.10 2 2
forge/internal/format/maven/maven.go:650.3,650.17 1 2
forge/internal/format/maven/maven.go:650.17,651.12 1 0
forge/internal/format/maven/maven.go:653.3,655.26 3 2
forge/internal/format/maven/maven.go:655.26,657.4 1 1
forge/internal/format/maven/maven.go:658.3,658.37 1 2
forge/internal/format/maven/maven.go:660.2,661.33 2 1
forge/internal/format/maven/maven.go:661.33,663.23 2 1
forge/internal/format/maven/maven.go:663.23,665.4 1 2
forge/internal/format/maven/maven.go:666.3,667.80 2 1
forge/internal/format/maven/maven.go:669.2,669.42 1 1
forge/internal/format/maven/maven.go:669.42,669.86 1 0
forge/internal/format/maven/maven.go:670.2,670.21 1 1
forge/internal/server/admin.go:25.64,35.24 2 25
forge/internal/server/admin.go:35.24,37.17 2 1
forge/internal/server/admin.go:37.17,39.4 1 0
forge/internal/server/admin.go:40.3,40.17 1 1
forge/internal/server/admin.go:42.2,42.15 1 25
forge/internal/server/admin.go:45.45,46.18 1 31
forge/internal/server/admin.go:46.18,48.3 1 2
forge/internal/server/admin.go:49.2,49.20 1 29
forge/internal/server/admin.go:49.20,51.3 1 1
forge/internal/server/admin.go:52.2,52.16 1 28
forge/internal/server/admin.go:53.43,53.43 0 26
forge/internal/server/admin.go:54.10,55.48 1 2
forge/internal/server/admin.go:57.2,57.46 1 26
forge/internal/server/admin.go:57.46,59.3 1 2
forge/internal/server/admin.go:60.2,60.49 1 24
forge/internal/server/admin.go:60.49,62.3 1 1
forge/internal/server/admin.go:63.2,63.11 1 23
forge/internal/server/admin.go:69.75,70.54 1 20
forge/internal/server/admin.go:70.54,72.3 1 16
forge/internal/server/admin.go:73.2,73.43 1 4
forge/internal/server/admin.go:73.43,75.10 2 4
forge/internal/server/admin.go:75.10,76.12 1 0
forge/internal/server/admin.go:78.3,78.28 1 4
forge/internal/server/admin.go:78.28,84.4 1 1
forge/internal/server/admin.go:86.2,86.11 1 3
forge/internal/server/admin.go:91.78,92.27 1 4
forge/internal/server/admin.go:92.27,94.3 1 1
forge/internal/server/admin.go:95.2,95.30 1 3
forge/internal/server/admin.go:95.30,96.47 1 6
forge/internal/server/admin.go:96.47,97.12 1 4
forge/internal/server/admin.go:99.3,99.31 1 2
forge/internal/server/admin.go:99.31,100.25 1 2
forge/internal/server/admin.go:100.25,106.5 1 1
forge/internal/server/admin.go:109.2,109.11 1 2
forge/internal/server/admin.go:114.75,120.84 3 35
forge/internal/server/admin.go:120.84,123.3 2 5
forge/internal/server/admin.go:125.2,125.36 1 30
forge/internal/server/admin.go:125.36,127.3 1 1
forge/internal/server/admin.go:129.2,129.16 1 29
forge/internal/server/admin.go:129.16,130.19 1 23
forge/internal/server/admin.go:131.23,132.18 1 2
forge/internal/server/admin.go:133.24,134.22 1 21
forge/internal/server/admin.go:135.11,136.68 1 0
forge/internal/server/admin.go:138.3,138.9 1 23
forge/internal/server/admin.go:141.2,141.18 1 6
forge/internal/server/admin.go:142.22,143.21 1 1
forge/internal/server/admin.go:144.22,145.27 1 4
forge/internal/server/admin.go:146.25,147.24 1 1
forge/internal/server/admin.go:148.10,149.67 1 0
forge/internal/server/admin.go:153.51,156.2 2 2
forge/internal/server/admin.go:158.62,160.9 2 1
forge/internal/server/admin.go:160.9,163.3 2 0
forge/internal/server/admin.go:164.2,165.30 2 1
forge/internal/server/admin.go:168.69,170.61 2 21
forge/internal/server/admin.go:170.61,173.3 2 0
forge/internal/server/admin.go:174.2,175.16 2 21
forge/internal/server/admin.go:175.16,178.3 2 0
forge/internal/server/admin.go:179.2,179.45 1 21
forge/internal/server/admin.go:179.45,182.3 2 5
forge/internal/server/admin.go:183.2,183.61 1 16
forge/internal/server/admin.go:183.61,186.3 2 1
forge/internal/server/admin.go:187.2,187.45 1 15
forge/internal/server/admin.go:187.45,190.3 2 1
forge/internal/server/admin.go:191.2,193.36 3 14
forge/internal/server/admin.go:196.82,198.61 2 4
forge/internal/server/admin.go:198.61,201.3 2 0
forge/internal/server/admin.go:203.2,205.16 3 4
forge/internal/server/admin.go:205.16,208.3 2 0
forge/internal/server/admin.go:209.2,209.45 1 4
forge/internal/server/admin.go:209.45,212.3 2 0
forge/internal/server/admin.go:213.2,213.61 1 4
forge/internal/server/admin.go:213.61,216.3 2 0
forge/internal/server/admin.go:217.2,217.62 1 4
forge/internal/server/admin.go:217.62,220.3 2 1
forge/internal/server/admin.go:221.2,221.48 1 3
forge/internal/server/admin.go:221.48,224.3 2 0
forge/internal/server/admin.go:225.2,226.36 2 3
forge/internal/server/admin.go:229.65,230.45 1 1
forge/internal/server/admin.go:230.45,233.3 2 0
forge/internal/server/admin.go:234.2,234.37 1 1
forge/internal/server/browse.go:17.88,18.32 1 5
forge/internal/server/browse.go:18.32,21.3 2 0
forge/internal/server/browse.go:23.2,24.9 2 5
forge/internal/server/browse.go:24.9,27.3 2 1
forge/internal/server/browse.go:29.2,30.9 2 4
forge/internal/server/browse.go:30.9,33.3 2 0
forge/internal/server/browse.go:35.2,40.9 5 4
forge/internal/server/browse.go:40.9,43.3 2 0
forge/internal/server/browse.go:45.2,50.16 3 4
forge/internal/server/browse.go:50.16,53.3 2 0
forge/internal/server/browse.go:55.2,55.13 1 4
forge/internal/server/browse.go:55.13,57.29 2 2
forge/internal/server/browse.go:57.29,58.52 1 2
forge/internal/server/browse.go:58.52,60.5 1 1
forge/internal/server/browse.go:62.3,62.21 1 2
forge/internal/server/browse.go:65.2,67.19 3 4
forge/internal/server/browse.go:67.19,69.18 2 3
forge/internal/server/browse.go:69.18,71.4 1 3
forge/internal/server/browse.go:72.3,72.31 1 3
forge/internal/server/browse.go:73.8,75.3 1 1
forge/internal/server/browse.go:77.2,78.28 2 4
forge/internal/server/browse.go:78.28,80.3 1 3
forge/internal/server/browse.go:81.2,81.93 1 4
forge/internal/server/browse.go:89.71,90.32 1 3
forge/internal/server/browse.go:90.32,93.3 2 0
forge/internal/server/browse.go:95.2,99.32 4 3
forge/internal/server/browse.go:99.32,102.3 2 1
forge/internal/server/browse.go:104.2,107.35 3 2
forge/internal/server/browse.go:107.35,108.54 1 4
forge/internal/server/browse.go:108.54,109.12 1 1
forge/internal/server/browse.go:111.3,111.48 1 3
forge/internal/server/browse.go:111.48,112.12 1 0
forge/internal/server/browse.go:114.3,115.10 2 3
forge/internal/server/browse.go:115.10,116.12 1 0
forge/internal/server/browse.go:118.3,119.10 2 3
forge/internal/server/browse.go:119.10,120.12 1 0
forge/internal/server/browse.go:122.3,127.17 3 3
forge/internal/server/browse.go:127.17,128.12 1 0
forge/internal/server/browse.go:130.3,130.29 1 3
forge/internal/server/browse.go:130.29,131.53 1 3
forge/internal/server/browse.go:131.53,138.5 1 2
forge/internal/server/browse.go:142.2,142.20 1 2
forge/internal/server/browse.go:142.20,144.3 1 0
forge/internal/server/browse.go:145.2,145.58 1 2
forge/internal/server/browse.go:176.46,179.2 2 7
forge/internal/server/browse.go:183.69,185.13 2 14
forge/internal/server/browse.go:185.13,187.3 1 14
forge/internal/server/browse.go:188.2,189.16 2 0
forge/internal/server/browse.go:189.16,191.3 1 0
forge/internal/server/browse.go:192.2,192.13 1 0
forge/internal/server/browse.go:192.13,194.3 1 0
forge/internal/server/browse.go:195.2,195.13 1 0
forge/internal/server/browse.go:195.13,197.3 1 0
forge/internal/server/browse.go:198.2,198.10 1 0
forge/internal/server/server.go:35.72,41.2 3 1
forge/internal/server/server.go:62.100,69.2 1 72
forge/internal/server/server.go:73.90,77.2 3 1
forge/internal/server/server.go:81.72,85.2 3 1
forge/internal/server/server.go:87.40,91.18 4 72
forge/internal/server/server.go:91.18,93.3 1 0
forge/internal/server/server.go:94.2,106.70 9 72
forge/internal/server/server.go:106.70,107.50 1 3
forge/internal/server/server.go:107.50,112.4 4 1
forge/internal/server/server.go:113.3,113.74 1 2
forge/internal/server/server.go:115.2,116.26 2 72
forge/internal/server/server.go:119.58,121.2 1 2
forge/internal/server/server.go:123.70,124.23 1 2
forge/internal/server/server.go:124.23,127.3 2 1
forge/internal/server/server.go:128.2,132.35 3 1
forge/internal/server/server.go:132.35,135.3 1 2
forge/internal/server/server.go:136.2,140.4 2 1
forge/internal/server/server.go:143.69,146.16 3 6
forge/internal/server/server.go:146.16,149.3 2 1
forge/internal/server/server.go:150.2,151.9 2 5
forge/internal/server/server.go:151.9,154.3 2 1
forge/internal/server/server.go:155.2,156.9 2 4
forge/internal/server/server.go:156.9,159.3 2 0
forge/internal/server/server.go:160.2,163.4 1 4
forge/internal/server/server.go:166.68,170.24 2 2
forge/internal/server/server.go:170.24,172.36 2 1
forge/internal/server/server.go:172.36,173.26 1 0
forge/internal/server/server.go:173.26,175.5 1 0
forge/internal/server/server.go:177.3,179.9 3 1
forge/internal/server/server.go:182.2,184.31 3 1
forge/internal/server/server.go:184.31,187.3 2 1
forge/internal/server/server.go:188.2,189.9 2 0
forge/internal/server/server.go:189.9,192.3 2 0
forge/internal/server/server.go:193.2,196.4 1 0
forge/internal/server/server.go:206.49,209.2 2 47
forge/internal/server/server.go:211.41,212.20 1 90
forge/internal/server/server.go:212.20,214.3 1 43
forge/internal/server/server.go:215.2,215.18 1 47
forge/internal/server/server.go:220.55,221.73 1 90
forge/internal/server/server.go:221.73,223.3 1 1
forge/internal/server/server.go:224.2,225.90 1 89
forge/internal/server/server.go:225.90,227.3 1 27
forge/internal/server/server.go:228.2,228.14 1 62
forge/internal/server/server.go:233.37,234.9 1 90
forge/internal/server/server.go:235.26,236.20 1 0
forge/internal/server/server.go:237.25,238.19 1 0
forge/internal/server/server.go:239.26,240.20 1 0
forge/internal/server/server.go:241.47,242.30 1 6
forge/internal/server/server.go:243.39,244.22 1 3
forge/internal/server/server.go:245.49,246.26 1 7
forge/internal/server/server.go:247.10,248.17 1 74
forge/internal/server/server.go:255.61,256.71 1 72
forge/internal/server/server.go:256.71,271.58 6 93
forge/internal/server/server.go:271.58,274.4 2 2
forge/internal/server/server.go:279.3,279.30 1 91
forge/internal/server/server.go:279.30,281.18 2 39
forge/internal/server/server.go:281.18,283.5 1 0
forge/internal/server/server.go:284.4,284.31 1 39
forge/internal/server/server.go:284.31,287.5 2 1
forge/internal/server/server.go:288.4,288.50 1 38
forge/internal/server/server.go:291.3,307.47 8 90
forge/internal/server/server.go:307.47,315.4 1 2
forge/internal/server/server.go:317.3,317.23 1 90
forge/internal/server/server.go:317.23,320.4 2 0
forge/internal/server/server.go:327.40,328.16 1 91
forge/internal/server/server.go:329.57,330.14 1 39
forge/internal/server/server.go:332.2,332.14 1 52
forge/internal/server/tokens.go:18.71,22.19 2 7
forge/internal/server/tokens.go:22.19,26.3 2 1
forge/internal/server/tokens.go:29.2,32.9 3 6
forge/internal/server/tokens.go:33.48,34.22 1 3
forge/internal/server/tokens.go:35.47,36.21 1 1
forge/internal/server/tokens.go:37.50,38.27 1 1
forge/internal/server/tokens.go:39.10,40.62 1 1
forge/internal/server/tokens.go:55.70,57.16 2 3
forge/internal/server/tokens.go:57.16,60.3 2 0
forge/internal/server/tokens.go:63.2,63.45 1 3
forge/internal/server/tokens.go:63.45,65.3 1 0
forge/internal/server/tokens.go:67.2,68.61 2 3
forge/internal/server/tokens.go:68.61,71.3 2 1
forge/internal/server/tokens.go:72.2,72.27 1 2
forge/internal/server/tokens.go:72.27,74.3 1 0
forge/internal/server/tokens.go:76.2,77.16 2 2
forge/internal/server/tokens.go:77.16,80.3 2 0
forge/internal/server/tokens.go:81.2,85.76 3 2
forge/internal/server/tokens.go:88.69,89.36 1 1
forge/internal/server/tokens.go:89.36,91.3 1 0
forge/internal/server/tokens.go:92.2,93.16 2 1
forge/internal/server/tokens.go:93.16,96.3 2 0
forge/internal/server/tokens.go:97.2,97.35 1 1
forge/internal/server/tokens.go:100.81,101.36 1 1
forge/internal/server/tokens.go:101.36,103.3 1 0
forge/internal/server/tokens.go:104.2,104.42 1 1
forge/internal/server/tokens.go:104.42,107.3 2 0
forge/internal/server/tokens.go:108.2,109.37 2 1
forge/internal/server/tokens.go:112.61,115.2 2 2
forge/internal/server/ui.go:21.29,21.45 1 0
forge/internal/server/ui.go:22.29,22.45 1 0
forge/internal/server/ui.go:23.39,24.19 1 0
forge/internal/server/ui.go:24.19,26.4 1 0
forge/internal/server/ui.go:27.3,27.16 1 0
forge/internal/server/ui.go:29.41,30.13 1 6
forge/internal/server/ui.go:30.13,32.4 1 6
forge/internal/server/ui.go:33.3,33.20 1 0
forge/internal/server/ui.go:37.54,39.2 1 5
forge/internal/server/ui.go:82.67,85.13 3 32
forge/internal/server/ui.go:85.13,87.3 1 4
forge/internal/server/ui.go:88.2,88.9 1 32
forge/internal/server/ui.go:89.16,90.17 1 4
forge/internal/server/ui.go:91.22,92.19 1 5
forge/internal/server/ui.go:93.39,95.17 2 7
forge/internal/server/ui.go:95.17,98.4 2 0
forge/internal/server/ui.go:99.3,99.23 1 7
forge/internal/server/ui.go:100.56,101.57 1 15
forge/internal/server/ui.go:102.10,103.22 1 1
forge/internal/server/ui.go:109.65,111.35 2 4
forge/internal/server/ui.go:111.35,113.45 2 8
forge/internal/server/ui.go:113.45,114.41 1 8
forge/internal/server/ui.go:114.41,116.52 2 8
forge/internal/server/ui.go:116.52,118.6 1 8
forge/internal/server/ui.go:121.3,124.5 1 8
forge/internal/server/ui.go:126.2,126.80 1 4
forge/internal/server/ui.go:129.78,131.9 2 7
forge/internal/server/ui.go:131.9,134.3 2 1
forge/internal/server/ui.go:136.2,143.44 6 6
forge/internal/server/ui.go:143.44,144.40 1 6
forge/internal/server/ui.go:144.40,145.65 1 6
forge/internal/server/ui.go:145.65,146.16 1 6
forge/internal/server/ui.go:146.16,149.32 3 2
forge/internal/server/ui.go:149.32,150.56 1 2
forge/internal/server/ui.go:150.56,152.8 1 1
forge/internal/server/ui.go:154.6,154.20 1 2
forge/internal/server/ui.go:156.5,158.22 3 6
forge/internal/server/ui.go:158.22,160.21 2 5
forge/internal/server/ui.go:160.21,162.7 1 5
forge/internal/server/ui.go:163.6,163.43 1 5
forge/internal/server/ui.go:163.43,167.7 1 5
forge/internal/server/ui.go:173.2,180.42 2 6
forge/internal/server/ui.go:180.42,183.3 2 2
forge/internal/server/ui.go:184.2,184.40 1 4
forge/internal/server/ui.go:187.67,193.59 5 5
forge/internal/server/ui.go:193.59,194.36 1 4
forge/internal/server/ui.go:194.36,195.55 1 8
forge/internal/server/ui.go:195.55,196.13 1 0
forge/internal/server/ui.go:198.4,198.49 1 8
forge/internal/server/ui.go:198.49,199.13 1 0
forge/internal/server/ui.go:201.4,202.11 2 8
forge/internal/server/ui.go:202.11,203.13 1 0
forge/internal/server/ui.go:205.4,206.11 2 8
forge/internal/server/ui.go:206.11,207.13 1 0
forge/internal/server/ui.go:209.4,210.18 2 8
forge/internal/server/ui.go:210.18,211.13 1 0
forge/internal/server/ui.go:213.4,213.30 1 8
forge/internal/server/ui.go:213.30,214.54 1 8
forge/internal/server/ui.go:214.54,219.6 1 3
forge/internal/server/ui.go:223.2,223.20 1 5
forge/internal/server/ui.go:223.20,225.3 1 2
forge/internal/server/ui.go:227.2,228.42 2 5
forge/internal/server/ui.go:228.42,231.3 2 1
forge/internal/server/ui.go:232.2,232.42 1 4
forge/internal/server/ui.go:238.64,243.2 1 22
forge/internal/server/ui.go:247.81,249.60 2 24
forge/internal/server/ui.go:249.60,252.3 2 0
forge/internal/server/ui.go:253.2,254.16 2 24
forge/internal/server/ui.go:258.47,261.2 2 72
forge/internal/server/ui_admin.go:37.84,39.15 2 15
forge/internal/server/ui_admin.go:39.15,41.3 1 3
forge/internal/server/ui_admin.go:42.2,42.9 1 15
forge/internal/server/ui_admin.go:43.31,44.22 1 3
forge/internal/server/ui_admin.go:45.27,46.25 1 5
forge/internal/server/ui_admin.go:47.39,49.32 2 4
forge/internal/server/ui_admin.go:50.74,52.34 2 3
forge/internal/server/ui_admin.go:53.10,54.22 1 0
forge/internal/server/ui_admin.go:60.70,66.2 1 3
forge/internal/server/ui_admin.go:68.73,69.33 1 5
forge/internal/server/ui_admin.go:69.33,72.3 2 4
forge/internal/server/ui_admin.go:73.2,79.4 1 1
forge/internal/server/ui_admin.go:82.87,84.9 2 4
forge/internal/server/ui_admin.go:84.9,87.3 2 1
forge/internal/server/ui_admin.go:88.2,88.33 1 3
forge/internal/server/ui_admin.go:88.33,91.3 2 2
forge/internal/server/ui_admin.go:92.2,99.4 1 1
forge/internal/server/ui_admin.go:102.89,103.45 1 3
forge/internal/server/ui_admin.go:103.45,106.3 2 1
forge/internal/server/ui_admin.go:108.2,109.42 2 2
forge/internal/server/ui_admin.go:109.42,113.3 3 1
forge/internal/server/ui_admin.go:114.2,114.50 1 1
forge/internal/server/ui_admin.go:118.108,119.38 1 6
forge/internal/server/ui_admin.go:119.38,122.3 2 0
forge/internal/server/ui_admin.go:124.2,125.12 2 6
forge/internal/server/ui_admin.go:125.12,127.3 1 2
forge/internal/server/ui_admin.go:129.2,130.66 2 6
forge/internal/server/ui_admin.go:130.66,133.17 3 0
forge/internal/server/ui_admin.go:133.17,136.4 2 0
forge/internal/server/ui_admin.go:139.2,140.65 2 6
forge/internal/server/ui_admin.go:140.65,141.45 1 0
forge/internal/server/ui_admin.go:141.45,142.42 1 0
forge/internal/server/ui_admin.go:142.42,144.5 1 0
forge/internal/server/ui_admin.go:148.2,159.40 2 6
forge/internal/server/ui_admin.go:159.40,162.3 2 3
forge/internal/server/ui_admin.go:164.2,165.12 2 3
forge/internal/server/ui_admin.go:165.12,167.3 1 1
forge/internal/server/ui_admin.go:167.8,169.3 1 2
forge/internal/server/ui_admin.go:170.2,170.18 1 3
forge/internal/server/ui_admin.go:170.18,173.3 2 1
forge/internal/server/ui_admin.go:175.2,176.12 2 2
forge/internal/server/ui_admin.go:176.12,178.3 1 1
forge/internal/server/ui_admin.go:179.2,179.90 1 2
forge/internal/server/ui_admin.go:182.112,184.12 2 4
forge/internal/server/ui_admin.go:184.12,186.3 1 1
forge/internal/server/ui_admin.go:188.2,188.41 1 4
forge/internal/server/ui_admin.go:188.41,190.3 1 4
forge/internal/server/ui_admin.go:191.2,191.39 1 4
forge/internal/server/ui_admin.go:191.39,193.3 1 4
forge/internal/server/ui_admin.go:194.2,195.12 2 4
forge/internal/server/ui_admin.go:195.12,197.3 1 1
forge/internal/server/ui_admin.go:198.2,203.12 5 4
forge/internal/server/ui_admin.go:203.12,205.3 1 1
forge/internal/server/ui_admin.go:206.2,214.4 1 4
forge/internal/proxy/proxy.go:112.37,113.15 1 14
forge/internal/proxy/proxy.go:113.15,115.3 1 6
forge/internal/proxy/proxy.go:116.2,116.19 1 8
forge/internal/proxy/proxy.go:119.45,120.23 1 2
forge/internal/proxy/proxy.go:120.23,122.3 1 2
forge/internal/proxy/proxy.go:123.2,123.27 1 0
forge/internal/proxy/proxy.go:126.34,127.22 1 131
forge/internal/proxy/proxy.go:127.22,129.3 1 6
forge/internal/proxy/proxy.go:130.2,130.26 1 125
forge/internal/proxy/proxy.go:158.45,161.17 3 46
forge/internal/proxy/proxy.go:162.16,163.14 1 40
forge/internal/proxy/proxy.go:164.14,165.46 1 6
forge/internal/proxy/proxy.go:165.46,168.4 2 3
forge/internal/proxy/proxy.go:169.3,169.15 1 3
forge/internal/proxy/proxy.go:170.18,171.14 1 0
forge/internal/proxy/proxy.go:173.2,173.13 1 0
forge/internal/proxy/proxy.go:177.29,182.2 4 14
forge/internal/proxy/proxy.go:186.42,191.63 5 29
forge/internal/proxy/proxy.go:191.63,193.3 1 6
forge/internal/proxy/proxy.go:210.52,217.2 1 17
forge/internal/proxy/proxy.go:219.52,223.9 4 46
forge/internal/proxy/proxy.go:223.9,226.3 2 17
forge/internal/proxy/proxy.go:227.2,227.10 1 46
forge/internal/proxy/proxy.go:231.41,233.32 2 46
forge/internal/proxy/proxy.go:233.32,235.3 1 0
forge/internal/proxy/proxy.go:236.2,236.34 1 46
forge/internal/proxy/proxy.go:251.124,259.81 5 49
forge/internal/proxy/proxy.go:259.81,261.3 1 1
forge/internal/proxy/proxy.go:264.2,264.88 1 48
forge/internal/proxy/proxy.go:264.88,265.48 1 2
forge/internal/proxy/proxy.go:265.48,266.30 1 2
forge/internal/proxy/proxy.go:266.30,268.5 1 0
forge/internal/proxy/proxy.go:269.4,269.37 1 2
forge/internal/proxy/proxy.go:274.2,276.20 3 46
forge/internal/proxy/proxy.go:276.20,277.47 1 3
forge/internal/proxy/proxy.go:277.47,278.49 1 1
forge/internal/proxy/proxy.go:278.49,280.5 1 1
forge/internal/proxy/proxy.go:282.3,282.81 1 2
forge/internal/proxy/proxy.go:286.2,287.46 2 43
forge/internal/proxy/proxy.go:287.46,288.23 1 11
forge/internal/proxy/proxy.go:288.23,290.4 1 2
forge/internal/proxy/proxy.go:290.9,290.38 1 9
forge/internal/proxy/proxy.go:290.38,292.4 1 0
forge/internal/proxy/proxy.go:296.2,297.21 2 43
forge/internal/proxy/proxy.go:297.21,299.47 2 29
forge/internal/proxy/proxy.go:299.47,300.49 1 6
forge/internal/proxy/proxy.go:300.49,302.5 1 6
forge/internal/proxy/proxy.go:304.3,304.68 1 23
forge/internal/proxy/proxy.go:306.2,309.27 2 14
forge/internal/proxy/proxy.go:310.30,313.48 3 1
forge/internal/proxy/proxy.go:313.48,314.30 1 1
forge/internal/proxy/proxy.go:314.30,316.5 1 0
forge/internal/proxy/proxy.go:317.4,317.37 1 1
forge/internal/proxy/proxy.go:319.3,319.82 1 0
forge/internal/proxy/proxy.go:321.21,331.30 5 12
forge/internal/proxy/proxy.go:331.30,333.4 1 0
forge/internal/proxy/proxy.go:334.3,334.61 1 12
forge/internal/proxy/proxy.go:336.27,338.30 2 1
forge/internal/proxy/proxy.go:340.10,341.47 1 0
forge/internal/proxy/proxy.go:341.47,342.49 1 0
forge/internal/proxy/proxy.go:342.49,344.5 1 0
forge/internal/proxy/proxy.go:346.3,346.95 1 0
forge/internal/proxy/proxy.go:360.103,362.61 2 43
forge/internal/proxy/proxy.go:362.61,363.18 1 102
forge/internal/proxy/proxy.go:363.18,365.4 1 59
forge/internal/proxy/proxy.go:366.3,367.17 2 102
forge/internal/proxy/proxy.go:367.17,369.12 2 0
forge/internal/proxy/proxy.go:371.3,371.31 1 102
forge/internal/proxy/proxy.go:371.31,373.12 2 88
forge/internal/proxy/proxy.go:375.3,375.21 1 14
forge/internal/proxy/proxy.go:377.2,377.21 1 29
forge/internal/proxy/proxy.go:380.99,382.16 2 102
forge/internal/proxy/proxy.go:382.16,384.3 1 0
forge/internal/proxy/proxy.go:385.2,385.22 1 102
forge/internal/proxy/proxy.go:385.22,387.3 1 1
forge/internal/proxy/proxy.go:388.2,388.32 1 102
forge/internal/proxy/proxy.go:388.32,390.3 1 2
forge/internal/proxy/proxy.go:391.2,392.16 2 102
forge/internal/proxy/proxy.go:392.16,394.3 1 0
forge/internal/proxy/proxy.go:395.2,397.47 2 102
forge/internal/proxy/proxy.go:397.47,399.3 1 1
forge/internal/proxy/proxy.go:400.2,401.16 2 101
forge/internal/proxy/proxy.go:401.16,403.3 1 0
forge/internal/proxy/proxy.go:404.2,410.8 1 101
