mode: set
forge/internal/auth/auth.go:33.31,34.11 1 1
forge/internal/auth/auth.go:35.16,36.16 1 1
forge/internal/auth/auth.go:37.17,38.17 1 1
forge/internal/auth/auth.go:39.17,40.17 1 1
forge/internal/auth/auth.go:41.10,42.16 1 1
forge/internal/auth/auth.go:47.40,48.11 1 1
forge/internal/auth/auth.go:49.14,50.23 1 1
forge/internal/auth/auth.go:51.15,52.24 1 1
forge/internal/auth/auth.go:53.15,54.24 1 1
forge/internal/auth/auth.go:55.10,56.52 1 1
forge/internal/auth/auth.go:87.43,89.29 2 1
forge/internal/auth/auth.go:89.29,90.38 1 1
forge/internal/auth/auth.go:90.38,91.21 1 1
forge/internal/auth/auth.go:91.21,93.5 1 1
forge/internal/auth/auth.go:96.2,96.13 1 1
forge/internal/auth/auth.go:116.39,116.69 1 1
forge/internal/auth/auth.go:133.48,134.45 1 1
forge/internal/auth/auth.go:134.45,135.57 1 0
forge/internal/auth/auth.go:137.2,138.8 2 1
forge/internal/auth/auth.go:142.26,146.2 3 1
forge/internal/auth/auth.go:149.35,152.2 2 1
forge/internal/auth/auth.go:156.40,159.34 3 1
forge/internal/auth/auth.go:159.34,161.3 1 1
forge/internal/auth/auth.go:162.2,164.19 3 1
forge/internal/auth/enforce.go:24.62,26.2 1 1
forge/internal/auth/enforce.go:39.63,40.71 1 1
forge/internal/auth/enforce.go:40.71,41.69 1 1
forge/internal/auth/enforce.go:42.25,43.69 1 1
forge/internal/auth/enforce.go:44.26,45.67 1 1
forge/internal/auth/enforce.go:46.11,47.24 1 1
forge/internal/auth/enforce.go:53.85,54.20 1 1
forge/internal/auth/enforce.go:54.20,56.3 1 0
forge/internal/auth/enforce.go:58.2,59.9 2 1
forge/internal/auth/enforce.go:59.9,61.3 1 1
forge/internal/auth/enforce.go:63.2,64.18 2 1
forge/internal/auth/enforce.go:64.18,65.47 1 1
forge/internal/auth/enforce.go:65.47,67.4 1 1
forge/internal/auth/enforce.go:68.3,68.26 1 1
forge/internal/auth/enforce.go:71.2,72.30 2 1
forge/internal/auth/enforce.go:72.30,74.3 1 1
forge/internal/auth/enforce.go:76.2,77.16 2 1
forge/internal/auth/enforce.go:78.18,79.23 1 1
forge/internal/auth/enforce.go:79.23,81.4 1 1
forge/internal/auth/enforce.go:82.19,83.24 1 1
forge/internal/auth/enforce.go:83.24,85.4 1 1
forge/internal/auth/enforce.go:87.2,87.26 1 1
forge/internal/auth/enforce.go:93.66,94.71 1 1
forge/internal/auth/enforce.go:94.71,96.53 2 1
forge/internal/auth/enforce.go:97.25,103.6 4 1
forge/internal/auth/enforce.go:104.26,109.6 3 1
forge/internal/auth/enforce.go:110.11,111.24 1 1
forge/internal/auth/enforce.go:118.78,119.20 1 1
forge/internal/auth/enforce.go:119.20,121.3 1 0
forge/internal/auth/enforce.go:122.2,123.18 2 1
forge/internal/auth/enforce.go:123.18,126.3 2 1
forge/internal/auth/enforce.go:127.2,128.30 2 1
forge/internal/auth/enforce.go:128.30,131.3 2 1
forge/internal/auth/enforce.go:132.2,132.34 1 1
forge/internal/auth/enforce.go:132.34,135.3 2 1
forge/internal/auth/enforce.go:136.2,136.13 1 1
forge/internal/auth/enforce.go:144.80,145.20 1 0
forge/internal/auth/enforce.go:145.20,147.3 1 0
forge/internal/auth/enforce.go:148.2,149.18 2 0
forge/internal/auth/enforce.go:149.18,150.54 1 0
forge/internal/auth/enforce.go:150.54,152.4 1 0
forge/internal/auth/enforce.go:154.2,155.18 2 0
forge/internal/auth/enforce.go:155.18,158.3 2 0
forge/internal/auth/enforce.go:159.2,160.30 2 0
forge/internal/auth/enforce.go:160.30,163.3 2 0
forge/internal/auth/enforce.go:164.2,164.34 1 0
forge/internal/auth/enforce.go:164.34,167.3 2 0
forge/internal/auth/enforce.go:168.2,168.13 1 0
forge/internal/auth/enforce.go:173.39,178.2 3 1
forge/internal/auth/enforce.go:180.42,185.2 3 1
forge/internal/auth/enforce.go:187.38,188.16 1 1
forge/internal/auth/enforce.go:189.59,190.20 1 1
forge/internal/auth/enforce.go:191.10,192.21 1 1
forge/internal/auth/enforce.go:196.42,198.54 2 1
forge/internal/auth/enforce.go:198.54,200.3 1 1
forge/internal/auth/enforce.go:202.2,202.55 1 1
forge/internal/auth/enforce.go:202.55,204.3 1 1
forge/internal/auth/enforce.go:205.2,205.11 1 1
forge/internal/auth/store.go:11.102,20.103 5 1
forge/internal/auth/store.go:20.103,22.3 1 0
forge/internal/auth/store.go:23.2,23.62 1 1
forge/internal/auth/store.go:23.62,25.3 1 0
forge/internal/auth/store.go:26.2,26.26 1 1
forge/internal/auth/store.go:29.59,31.16 2 1
forge/internal/auth/store.go:31.16,33.3 1 1
forge/internal/auth/store.go:34.2,36.23 3 1
forge/internal/auth/store.go:36.23,38.3 1 1
forge/internal/auth/store.go:39.2,39.60 1 1
forge/internal/auth/store.go:39.60,41.3 1 1
forge/internal/auth/store.go:42.2,42.23 1 1
forge/internal/auth/store.go:45.45,48.16 3 1
forge/internal/auth/store.go:48.16,50.3 1 0
forge/internal/auth/store.go:51.2,51.9 1 1
forge/internal/auth/store.go:51.9,53.3 1 1
forge/internal/auth/store.go:54.2,54.59 1 1
forge/internal/auth/store.go:54.59,56.3 1 0
forge/internal/auth/store.go:57.2,57.39 1 1
forge/internal/auth/store.go:60.45,62.16 2 1
forge/internal/auth/store.go:62.16,64.3 1 0
forge/internal/auth/store.go:65.2,66.25 2 1
forge/internal/auth/store.go:66.25,68.57 2 1
forge/internal/auth/store.go:68.57,70.4 1 1
forge/internal/auth/store.go:72.2,72.17 1 1
forge/internal/auth/store.go:75.42,78.2 2 1
forge/cmd/forge/main.go:38.13,49.18 9 0
forge/cmd/forge/main.go:49.18,51.53 2 0
forge/cmd/forge/main.go:51.53,53.4 1 0
forge/cmd/forge/main.go:54.3,54.13 1 0
forge/cmd/forge/main.go:60.2,67.53 2 0
forge/cmd/forge/main.go:67.53,72.3 4 0
forge/cmd/forge/main.go:72.8,75.3 2 0
forge/cmd/forge/main.go:77.2,77.50 1 0
forge/cmd/forge/main.go:77.50,87.3 3 0
forge/cmd/forge/main.go:87.8,90.3 2 0
forge/cmd/forge/main.go:93.2,94.17 2 0
forge/cmd/forge/main.go:94.17,98.13 4 0
forge/cmd/forge/main.go:98.13,105.4 4 0
forge/cmd/forge/main.go:109.2,121.20 9 0
forge/cmd/forge/main.go:121.20,123.3 1 0
forge/cmd/forge/main.go:124.2,152.4 1 0
forge/cmd/forge/main.go:152.4,154.36 1 0
forge/cmd/forge/main.go:154.36,156.4 1 0
forge/cmd/forge/main.go:160.2,169.19 6 0
forge/cmd/forge/main.go:169.19,172.3 2 0
forge/cmd/forge/main.go:172.8,175.3 2 0
forge/cmd/forge/main.go:177.2,183.48 3 0
forge/cmd/forge/main.go:183.48,186.3 2 0
forge/cmd/forge/main.go:186.8,186.27 1 0
forge/cmd/forge/main.go:186.27,188.17 2 0
forge/cmd/forge/main.go:188.17,191.4 2 0
forge/cmd/forge/main.go:192.3,193.58 2 0
forge/cmd/forge/main.go:196.2,203.12 4 0
forge/cmd/forge/main.go:203.12,208.43 5 0
forge/cmd/forge/main.go:208.43,210.4 1 0
forge/cmd/forge/main.go:211.3,211.17 1 0
forge/cmd/forge/main.go:214.2,215.76 2 0
forge/cmd/forge/main.go:215.76,218.3 2 0
forge/cmd/forge/main.go:219.2,219.28 1 0
forge/cmd/forge/main.go:222.22,223.16 1 0
forge/cmd/forge/main.go:223.16,226.3 2 0
forge/cmd/forge/main.go:231.33,232.52 1 0
forge/cmd/forge/main.go:232.52,234.3 1 0
forge/cmd/forge/main.go:235.2,235.37 1 0
forge/cmd/forge/main.go:239.35,241.33 2 0
forge/cmd/forge/main.go:241.33,243.3 1 0
forge/cmd/forge/main.go:244.2,245.19 2 0
forge/internal/cleanup/cleanup.go:36.73,37.53 1 1
forge/internal/cleanup/cleanup.go:37.53,39.3 1 1
forge/internal/cleanup/cleanup.go:40.2,41.18 2 1
forge/internal/cleanup/cleanup.go:42.15,43.35 1 1
forge/internal/cleanup/cleanup.go:44.14,45.34 1 1
forge/internal/cleanup/cleanup.go:46.14,47.34 1 1
forge/internal/cleanup/cleanup.go:48.13,49.33 1 1
forge/internal/cleanup/cleanup.go:51.2,51.22 1 0
forge/internal/cleanup/cleanup.go:56.99,58.16 2 1
forge/internal/cleanup/cleanup.go:58.16,60.3 1 0
forge/internal/cleanup/cleanup.go:64.2,72.25 5 1
forge/internal/cleanup/cleanup.go:72.25,75.21 3 1
forge/internal/cleanup/cleanup.go:75.21,76.12 1 0
forge/internal/cleanup/cleanup.go:78.3,81.23 3 1
forge/internal/cleanup/cleanup.go:81.23,83.4 1 1
forge/internal/cleanup/cleanup.go:84.3,84.32 1 1
forge/internal/cleanup/cleanup.go:84.32,88.4 3 1
forge/internal/cleanup/cleanup.go:89.3,89.63 1 1
forge/internal/cleanup/cleanup.go:93.2,94.30 2 1
forge/internal/cleanup/cleanup.go:94.30,95.28 1 1
forge/internal/cleanup/cleanup.go:95.28,98.4 2 1
forge/internal/cleanup/cleanup.go:101.2,104.29 3 1
forge/internal/cleanup/cleanup.go:104.29,109.26 4 1
forge/internal/cleanup/cleanup.go:109.26,110.58 1 1
forge/internal/cleanup/cleanup.go:110.58,112.5 1 1
forge/internal/cleanup/cleanup.go:112.10,114.5 1 1
forge/internal/cleanup/cleanup.go:116.3,119.32 2 1
forge/internal/cleanup/cleanup.go:119.32,122.27 3 0
forge/internal/cleanup/cleanup.go:122.27,123.38 1 0
forge/internal/cleanup/cleanup.go:123.38,125.14 2 0
forge/internal/cleanup/cleanup.go:128.5,129.54 2 0
forge/internal/cleanup/cleanup.go:129.54,131.6 1 0
forge/internal/cleanup/cleanup.go:131.11,133.6 1 0
forge/internal/cleanup/cleanup.go:135.4,135.20 1 0
forge/internal/cleanup/cleanup.go:139.3,139.32 1 1
forge/internal/cleanup/cleanup.go:139.32,142.27 3 0
forge/internal/cleanup/cleanup.go:142.27,144.54 2 0
forge/internal/cleanup/cleanup.go:144.54,146.6 1 0
forge/internal/cleanup/cleanup.go:146.11,148.6 1 0
forge/internal/cleanup/cleanup.go:150.4,150.20 1 0
forge/internal/cleanup/cleanup.go:154.3,154.55 1 1
forge/internal/cleanup/cleanup.go:154.55,157.37 3 0
forge/internal/cleanup/cleanup.go:157.37,158.71 1 0
forge/internal/cleanup/cleanup.go:158.71,160.6 1 0
forge/internal/cleanup/cleanup.go:162.4,162.71 1 0
forge/internal/cleanup/cleanup.go:166.3,166.30 1 1
forge/internal/cleanup/cleanup.go:166.30,167.29 1 1
forge/internal/cleanup/cleanup.go:167.29,169.15 2 1
forge/internal/cleanup/cleanup.go:169.15,173.6 3 1
forge/internal/cleanup/cleanup.go:177.2,177.17 1 1
forge/internal/cleanup/cleanup.go:182.93,185.29 3 0
forge/internal/cleanup/cleanup.go:185.29,188.30 2 0
forge/internal/cleanup/cleanup.go:188.30,189.41 1 0
forge/internal/cleanup/cleanup.go:189.41,193.77 2 0
forge/internal/cleanup/cleanup.go:193.77,195.6 1 0
forge/internal/cleanup/cleanup.go:199.2,199.20 1 0
forge/internal/cleanup/cleanup.go:210.98,213.16 3 1
forge/internal/cleanup/cleanup.go:213.16,215.3 1 0
forge/internal/cleanup/cleanup.go:217.2,218.25 2 1
forge/internal/cleanup/cleanup.go:218.25,220.43 2 1
forge/internal/cleanup/cleanup.go:220.43,221.12 1 0
forge/internal/cleanup/cleanup.go:223.3,223.55 1 1
forge/internal/cleanup/cleanup.go:226.2,227.29 2 1
forge/internal/cleanup/cleanup.go:227.29,229.33 1 1
forge/internal/cleanup/cleanup.go:229.33,229.53 1 1
forge/internal/cleanup/cleanup.go:230.33,230.56 1 1
forge/internal/cleanup/cleanup.go:232.3,232.32 1 1
forge/internal/cleanup/cleanup.go:232.32,235.14 3 1
forge/internal/cleanup/cleanup.go:235.14,238.5 2 1
forge/internal/cleanup/cleanup.go:239.4,240.17 2 1
forge/internal/cleanup/cleanup.go:243.2,243.17 1 1
forge/internal/cleanup/cleanup.go:255.98,258.16 3 1
forge/internal/cleanup/cleanup.go:258.16,260.3 1 0
forge/internal/cleanup/cleanup.go:262.2,263.25 2 1
forge/internal/cleanup/cleanup.go:263.25,265.43 2 1
forge/internal/cleanup/cleanup.go:265.43,266.12 1 0
forge/internal/cleanup/cleanup.go:268.3,268.53 1 1
forge/internal/cleanup/cleanup.go:271.2,272.31 2 1
forge/internal/cleanup/cleanup.go:272.31,274.33 1 1
forge/internal/cleanup/cleanup.go:274.33,274.53 1 1
forge/internal/cleanup/cleanup.go:275.33,275.56 1 1
forge/internal/cleanup/cleanup.go:277.3,277.32 1 1
forge/internal/cleanup/cleanup.go:277.32,280.14 3 1
forge/internal/cleanup/cleanup.go:280.14,283.5 2 1
forge/internal/cleanup/cleanup.go:284.4,285.17 2 1
forge/internal/cleanup/cleanup.go:288.2,288.17 1 1
forge/internal/cleanup/cleanup.go:299.97,304.16 4 1
forge/internal/cleanup/cleanup.go:304.16,306.3 1 0
forge/internal/cleanup/cleanup.go:309.2,310.25 2 1
forge/internal/cleanup/cleanup.go:310.25,312.10 2 1
forge/internal/cleanup/cleanup.go:312.10,313.12 1 0
forge/internal/cleanup/cleanup.go:315.3,315.80 1 1
forge/internal/cleanup/cleanup.go:318.2,319.29 2 1
forge/internal/cleanup/cleanup.go:319.29,321.39 1 1
forge/internal/cleanup/cleanup.go:321.39,321.59 1 1
forge/internal/cleanup/cleanup.go:322.39,322.62 1 1
forge/internal/cleanup/cleanup.go:324.3,324.32 1 1
forge/internal/cleanup/cleanup.go:324.32,327.14 3 1
forge/internal/cleanup/cleanup.go:327.14,330.5 2 1
forge/internal/cleanup/cleanup.go:331.4,335.62 3 1
forge/internal/cleanup/cleanup.go:335.62,336.63 1 1
forge/internal/cleanup/cleanup.go:336.63,339.6 2 1
forge/internal/cleanup/cleanup.go:340.5,340.45 1 1
forge/internal/cleanup/cleanup.go:342.4,342.17 1 1
forge/internal/cleanup/cleanup.go:345.2,345.17 1 1
forge/internal/cleanup/cleanup.go:357.7,363.25 4 1
forge/internal/cleanup/cleanup.go:363.25,370.35 5 1
forge/internal/cleanup/cleanup.go:370.35,373.4 2 1
forge/internal/cleanup/cleanup.go:374.3,374.70 1 1
forge/internal/cleanup/cleanup.go:374.70,375.60 1 0
forge/internal/cleanup/cleanup.go:375.60,378.5 2 0
forge/internal/cleanup/cleanup.go:380.3,380.60 1 1
forge/internal/cleanup/cleanup.go:380.60,381.60 1 1
forge/internal/cleanup/cleanup.go:381.60,384.5 2 1
forge/internal/cleanup/cleanup.go:386.3,386.15 1 1
forge/internal/cleanup/cleanup.go:386.15,388.4 1 1
forge/internal/cleanup/cleanup.go:392.2,392.54 1 1
forge/internal/cleanup/cleanup.go:392.54,396.36 3 1
forge/internal/cleanup/cleanup.go:396.36,397.72 1 1
forge/internal/cleanup/cleanup.go:397.72,399.5 1 0
forge/internal/cleanup/cleanup.go:402.3,402.70 1 1
forge/internal/cleanup/cleanup.go:405.2,405.17 1 1
forge/internal/cleanup/cleanup.go:410.45,417.2 2 1
forge/internal/cleanup/scheduler.go:21.79,23.2 1 1
forge/internal/cleanup/scheduler.go:27.48,29.2 1 1
forge/internal/cleanup/scheduler.go:31.47,35.6 4 1
forge/internal/cleanup/scheduler.go:35.6,36.10 1 1
forge/internal/cleanup/scheduler.go:37.21,38.10 1 1
forge/internal/cleanup/scheduler.go:39.26,40.26 1 0
forge/internal/cleanup/scheduler.go:47.73,48.34 1 1
forge/internal/cleanup/scheduler.go:48.34,50.34 2 1
forge/internal/cleanup/scheduler.go:50.34,51.12 1 1
forge/internal/cleanup/scheduler.go:53.3,53.44 1 1
forge/internal/cleanup/scheduler.go:53.44,54.12 1 1
forge/internal/cleanup/scheduler.go:56.3,58.17 3 1
forge/internal/cleanup/scheduler.go:58.17,60.12 2 0
forge/internal/cleanup/scheduler.go:62.3,62.25 1 1
forge/internal/cleanup/scheduler.go:62.25,68.4 1 0
forge/internal/blob/fsstore.go:22.38,23.49 1 1
forge/internal/blob/fsstore.go:23.49,25.3 1 0
forge/internal/blob/fsstore.go:26.2,26.29 1 1
forge/internal/blob/fsstore.go:30.50,33.97 3 1
forge/internal/blob/fsstore.go:33.97,35.3 1 0
forge/internal/blob/fsstore.go:36.2,36.18 1 1
forge/internal/blob/fsstore.go:39.57,41.16 2 1
forge/internal/blob/fsstore.go:41.16,43.3 1 0
forge/internal/blob/fsstore.go:44.2,44.63 1 1
forge/internal/blob/fsstore.go:44.63,46.3 1 0
forge/internal/blob/fsstore.go:47.2,48.16 2 1
forge/internal/blob/fsstore.go:48.16,50.3 1 0
forge/internal/blob/fsstore.go:51.2,59.16 7 1
forge/internal/blob/fsstore.go:59.16,62.3 2 0
forge/internal/blob/fsstore.go:63.2,63.36 1 1
forge/internal/blob/fsstore.go:63.36,65.3 1 0
forge/internal/blob/fsstore.go:66.2,66.52 1 1
forge/internal/blob/fsstore.go:66.52,68.3 1 1
forge/internal/blob/fsstore.go:69.2,74.8 1 1
forge/internal/blob/fsstore.go:77.53,79.16 2 1
forge/internal/blob/fsstore.go:79.16,81.3 1 0
forge/internal/blob/fsstore.go:82.2,82.22 1 1
forge/internal/blob/fsstore.go:85.51,87.16 2 1
forge/internal/blob/fsstore.go:87.16,89.3 1 0
forge/internal/blob/fsstore.go:90.2,91.24 2 1
forge/internal/blob/fsstore.go:91.24,93.3 1 1
forge/internal/blob/fsstore.go:94.2,94.16 1 1
forge/internal/blob/fsstore.go:94.16,96.3 1 0
forge/internal/blob/fsstore.go:97.2,97.41 1 1
forge/internal/blob/fsstore.go:100.52,102.16 2 1
forge/internal/blob/fsstore.go:102.16,104.3 1 0
forge/internal/blob/fsstore.go:105.2,106.76 2 1
forge/internal/blob/fsstore.go:106.76,107.33 1 1
forge/internal/blob/fsstore.go:107.33,109.4 1 1
forge/internal/blob/fsstore.go:110.3,110.54 1 1
forge/internal/blob/fsstore.go:110.54,112.4 1 0
forge/internal/blob/fsstore.go:113.3,114.17 2 1
forge/internal/blob/fsstore.go:114.17,116.4 1 0
forge/internal/blob/fsstore.go:117.3,118.13 2 1
forge/internal/blob/fsstore.go:120.2,120.18 1 1
forge/internal/blob/fsstore.go:123.39,125.16 2 1
forge/internal/blob/fsstore.go:125.16,127.3 1 0
forge/internal/blob/fsstore.go:128.2,129.24 2 1
forge/internal/blob/fsstore.go:129.24,131.3 1 1
forge/internal/blob/fsstore.go:132.2,132.12 1 1
forge/internal/blob/fsstore.go:136.40,139.2 2 1
forge/internal/blob/fsstore.go:142.30,142.61 1 1
forge/internal/blob/fsstore.go:143.28,143.57 1 1
forge/internal/blob/fsstore.go:144.28,144.56 1 1
forge/internal/blob/s3store.go:34.39,39.16 2 0
forge/internal/blob/s3store.go:39.16,41.3 1 0
forge/internal/blob/s3store.go:42.2,44.16 3 0
forge/internal/blob/s3store.go:44.16,47.83 2 0
forge/internal/blob/s3store.go:47.83,49.4 1 0
forge/internal/blob/s3store.go:51.2,51.53 1 0
forge/internal/blob/s3store.go:54.57,63.16 7 0
forge/internal/blob/s3store.go:63.16,65.3 1 0
forge/internal/blob/s3store.go:66.2,71.16 2 0
forge/internal/blob/s3store.go:71.16,73.3 1 0
forge/internal/blob/s3store.go:74.2,79.8 1 0
forge/internal/blob/s3store.go:82.53,84.16 2 0
forge/internal/blob/s3store.go:84.16,86.3 1 0
forge/internal/blob/s3store.go:88.2,88.38 1 0
forge/internal/blob/s3store.go:88.38,91.3 2 0
forge/internal/blob/s3store.go:92.2,92.17 1 0
forge/internal/blob/s3store.go:95.51,97.16 2 0
forge/internal/blob/s3store.go:97.16,98.53 1 0
forge/internal/blob/s3store.go:98.53,100.4 1 0
forge/internal/blob/s3store.go:101.3,101.28 1 0
forge/internal/blob/s3store.go:103.2,103.41 1 0
forge/internal/blob/s3store.go:106.52,109.62 2 0
forge/internal/blob/s3store.go:109.62,110.21 1 0
forge/internal/blob/s3store.go:110.21,112.4 1 0
forge/internal/blob/s3store.go:113.3,113.31 1 0
forge/internal/blob/s3store.go:115.2,115.18 1 0
forge/internal/blob/s3store.go:118.39,120.66 2 0
forge/internal/blob/s3store.go:120.66,122.3 1 0
forge/internal/blob/s3store.go:123.2,123.12 1 0
forge/internal/conformance/harness.go:40.43,42.2 1 0
forge/internal/conformance/harness.go:46.41,49.2 2 0
forge/internal/conformance/harness.go:53.52,55.2 1 0
forge/internal/conformance/harness.go:60.39,60.71 1 0
forge/internal/conformance/harness.go:65.61,71.31 4 0
forge/internal/conformance/harness.go:71.31,73.3 1 0
forge/internal/conformance/harness.go:75.2,77.55 3 0
forge/internal/conformance/harness.go:77.55,79.3 1 0
forge/internal/conformance/harness.go:81.2,86.23 3 0
forge/internal/conformance/harness.go:86.23,88.3 1 0
forge/internal/conformance/harness.go:89.2,89.36 1 0
forge/internal/conformance/harness.go:89.36,91.3 1 0
forge/internal/conformance/harness.go:92.2,92.19 1 0
forge/internal/conformance/harness.go:92.19,95.3 2 0
forge/internal/conformance/harness.go:97.2,99.31 3 0
forge/internal/conformance/harness.go:105.52,125.14 5 0
forge/internal/conformance/harness.go:125.14,127.3 1 0
forge/internal/conformance/harness.go:128.2,128.16 1 0
forge/internal/conformance/harness.go:128.16,130.3 1 0
forge/internal/conformance/harness.go:132.2,133.16 2 0
forge/internal/conformance/harness.go:133.16,135.3 1 0
forge/internal/conformance/harness.go:136.2,136.25 1 0
forge/internal/conformance/harness.go:136.25,140.3 3 0
forge/internal/conformance/harness.go:145.35,148.16 3 0
forge/internal/conformance/harness.go:148.16,150.3 1 0
forge/internal/conformance/harness.go:151.2,152.30 2 0
forge/internal/conformance/harness.go:156.27,159.6 3 0
forge/internal/conformance/harness.go:159.6,160.66 1 0
forge/internal/conformance/harness.go:160.66,162.4 1 0
forge/internal/conformance/harness.go:163.3,164.20 2 0
forge/internal/conformance/harness.go:164.20,165.53 1 0
forge/internal/conformance/harness.go:167.3,167.15 1 0
forge/internal/conformance/harness.go:171.33,174.16 3 0
forge/internal/conformance/harness.go:174.16,176.3 1 0
forge/internal/conformance/harness.go:177.2,179.13 3 0
forge/internal/conformance/harness.go:186.50,189.16 3 0
forge/internal/conformance/harness.go:189.16,191.3 1 0
forge/internal/conformance/harness.go:192.2,193.16 2 0
forge/internal/conformance/harness.go:193.16,195.3 1 0
forge/internal/conformance/harness.go:196.2,197.49 2 0
forge/internal/conformance/harness.go:197.49,199.3 1 0
forge/internal/conformance/harness.go:200.2,204.16 5 0
forge/internal/conformance/harness.go:204.16,206.3 1 0
forge/internal/conformance/harness.go:209.68,213.34 4 0
forge/internal/conformance/harness.go:213.34,214.69 1 0
forge/internal/conformance/harness.go:214.69,217.4 2 0
forge/internal/conformance/harness.go:218.3,218.37 1 0
forge/internal/conformance/harness.go:220.2,220.71 1 0
forge/internal/format/capture.go:18.28,18.77 1 0
forge/internal/format/capture.go:20.48,20.70 1 0
forge/internal/format/capture.go:21.48,21.74 1 0
forge/internal/format/capture.go:22.48,22.65 1 0
forge/internal/format/capture.go:25.29,25.86 1 0
forge/internal/format/capture.go:28.49,29.33 1 0
forge/internal/format/capture.go:29.33,30.24 1 0
forge/internal/format/capture.go:30.24,32.4 1 0
forge/internal/format/capture.go:34.2,34.21 1 0
forge/internal/format/format.go:32.42,32.76 1 0
forge/internal/format/format.go:37.59,38.20 1 0
forge/internal/format/format.go:38.20,40.3 1 0
forge/internal/format/format.go:41.2,42.33 2 0
forge/internal/format/format.go:42.33,44.3 1 0
forge/internal/format/format.go:45.2,45.138 1 0
forge/internal/format/format.go:101.66,104.38 3 0
forge/internal/format/format.go:104.38,106.10 2 0
forge/internal/format/format.go:106.10,107.12 1 0
forge/internal/format/format.go:109.3,110.29 2 0
forge/internal/format/format.go:110.29,111.42 1 0
forge/internal/format/format.go:111.42,114.5 2 0
forge/internal/format/format.go:117.2,117.38 1 0
forge/internal/format/format.go:117.38,117.74 1 0
forge/internal/format/format.go:118.2,118.17 1 0
forge/internal/format/format.go:124.30,124.82 1 0
forge/internal/format/format.go:126.42,126.74 1 0
forge/internal/format/format.go:128.57,131.2 2 0
forge/internal/blob/blobtest/contract.go:18.46,21.46 2 0
forge/internal/blob/blobtest/contract.go:21.46,23.70 2 0
forge/internal/blob/blobtest/contract.go:23.70,25.4 1 0
forge/internal/blob/blobtest/contract.go:26.3,27.17 2 0
forge/internal/blob/blobtest/contract.go:27.17,29.4 1 0
forge/internal/blob/blobtest/contract.go:30.3,32.30 3 0
forge/internal/blob/blobtest/contract.go:32.30,34.4 1 0
forge/internal/blob/blobtest/contract.go:37.2,37.48 1 0
forge/internal/blob/blobtest/contract.go:37.48,40.17 2 0
forge/internal/blob/blobtest/contract.go:40.17,42.4 1 0
forge/internal/blob/blobtest/contract.go:43.3,48.32 2 0
forge/internal/blob/blobtest/contract.go:48.32,49.32 1 0
forge/internal/blob/blobtest/contract.go:49.32,51.5 1 0
forge/internal/blob/blobtest/contract.go:53.3,53.21 1 0
forge/internal/blob/blobtest/contract.go:53.21,55.4 1 0
forge/internal/blob/blobtest/contract.go:58.2,58.51 1 0
forge/internal/blob/blobtest/contract.go:58.51,60.43 2 0
forge/internal/blob/blobtest/contract.go:60.43,62.4 1 0
forge/internal/blob/blobtest/contract.go:63.3,63.42 1 0
forge/internal/blob/blobtest/contract.go:63.42,65.4 1 0
forge/internal/blob/blobtest/contract.go:68.2,68.46 1 0
forge/internal/blob/blobtest/contract.go:68.46,73.17 5 0
forge/internal/blob/blobtest/contract.go:73.17,75.4 1 0
forge/internal/blob/blobtest/contract.go:76.3,77.71 2 0
forge/internal/blob/blobtest/contract.go:77.71,79.4 1 0
forge/internal/blob/blobtest/contract.go:82.2,82.48 1 0
forge/internal/blob/blobtest/contract.go:82.48,88.30 6 0
forge/internal/blob/blobtest/contract.go:88.30,90.4 1 0
forge/internal/blob/blobtest/contract.go:93.2,93.48 1 0
forge/internal/blob/blobtest/contract.go:93.48,95.43 2 0
forge/internal/blob/blobtest/contract.go:95.43,97.4 1 0
forge/internal/blob/blobtest/contract.go:98.3,98.38 1 0
forge/internal/blob/blobtest/contract.go:98.38,100.4 1 0
forge/internal/blob/blobtest/contract.go:101.3,101.43 1 0
forge/internal/blob/blobtest/contract.go:101.43,103.4 1 0
forge/internal/blob/blobtest/contract.go:106.2,106.61 1 0
forge/internal/blob/blobtest/contract.go:106.61,115.5 1 0
forge/internal/blob/blobtest/contract.go:115.5,117.18 2 0
forge/internal/blob/blobtest/contract.go:117.18,118.13 1 0
forge/internal/blob/blobtest/contract.go:121.4,122.29 2 0
forge/internal/blob/blobtest/contract.go:122.29,124.5 1 0
forge/internal/blob/blobtest/contract.go:128.2,128.42 1 0
forge/internal/blob/blobtest/contract.go:128.42,132.17 4 0
forge/internal/blob/blobtest/contract.go:132.17,134.4 1 0
forge/internal/blob/blobtest/contract.go:135.3,135.31 1 0
forge/internal/blob/blobtest/contract.go:135.31,137.4 1 0
forge/internal/blob/blobtest/contract.go:138.3,139.17 2 0
forge/internal/blob/blobtest/contract.go:139.17,141.4 1 0
forge/internal/blob/blobtest/contract.go:142.3,144.17 3 0
forge/internal/blob/blobtest/contract.go:144.17,146.4 1 0
forge/internal/blob/blobtest/contract.go:147.3,147.30 1 0
forge/internal/blob/blobtest/contract.go:147.30,149.4 1 0
forge/internal/format/helm/helm.go:39.32,39.53 1 1
forge/internal/format/helm/helm.go:40.35,40.52 1 1
forge/internal/format/helm/helm.go:54.48,54.80 1 1
forge/internal/format/helm/helm.go:56.84,57.9 1 1
forge/internal/format/helm/helm.go:58.59,59.16 1 1
forge/internal/format/helm/helm.go:60.59,61.18 1 1
forge/internal/format/helm/helm.go:62.77,63.60 1 1
forge/internal/format/helm/helm.go:64.60,65.33 1 1
forge/internal/format/helm/helm.go:65.33,68.4 2 1
forge/internal/format/helm/helm.go:69.3,69.20 1 1
forge/internal/format/helm/helm.go:70.80,71.33 1 1
forge/internal/format/helm/helm.go:71.33,74.4 2 0
forge/internal/format/helm/helm.go:75.3,75.59 1 1
forge/internal/format/helm/helm.go:76.70,77.19 1 1
forge/internal/format/helm/helm.go:78.10,79.65 1 1
forge/internal/format/helm/helm.go:83.85,85.16 2 1
forge/internal/format/helm/helm.go:85.16,88.3 2 0
forge/internal/format/helm/helm.go:89.2,90.16 2 1
forge/internal/format/helm/helm.go:90.16,93.3 2 1
forge/internal/format/helm/helm.go:94.2,96.16 3 1
forge/internal/format/helm/helm.go:96.16,99.3 2 0
forge/internal/format/helm/helm.go:100.2,107.81 3 1
forge/internal/format/helm/helm.go:107.81,110.3 2 0
forge/internal/format/helm/helm.go:111.2,113.59 3 1
forge/internal/format/helm/helm.go:116.70,117.31 1 1
forge/internal/format/helm/helm.go:117.31,120.3 2 0
forge/internal/format/helm/helm.go:121.2,122.16 2 1
forge/internal/format/helm/helm.go:122.16,125.3 2 1
forge/internal/format/helm/helm.go:126.2,128.16 3 1
forge/internal/format/helm/helm.go:131.75,133.38 2 0
forge/internal/format/helm/helm.go:133.38,135.10 2 0
forge/internal/format/helm/helm.go:135.10,136.12 1 0
forge/internal/format/helm/helm.go:138.3,139.17 2 0
forge/internal/format/helm/helm.go:139.17,140.12 1 0
forge/internal/format/helm/helm.go:142.3,145.9 4 0
forge/internal/format/helm/helm.go:147.2,147.23 1 0
forge/internal/format/helm/helm.go:150.60,153.25 3 1
forge/internal/format/helm/helm.go:153.25,155.52 2 1
forge/internal/format/helm/helm.go:155.52,157.4 1 1
forge/internal/format/helm/helm.go:159.2,159.13 1 1
forge/internal/format/helm/helm.go:164.68,170.16 6 0
forge/internal/format/helm/helm.go:170.16,172.3 1 0
forge/internal/format/helm/helm.go:173.2,175.16 3 0
forge/internal/format/helm/helm.go:175.16,177.3 1 0
forge/internal/format/helm/helm.go:178.2,178.29 1 0
forge/internal/format/helm/helm.go:190.48,201.22 9 1
forge/internal/format/helm/helm.go:201.22,202.20 1 1
forge/internal/format/helm/helm.go:202.20,205.4 2 1
forge/internal/format/helm/helm.go:208.2,208.60 1 1
forge/internal/format/helm/helm.go:208.60,210.36 2 1
forge/internal/format/helm/helm.go:210.36,211.12 1 1
forge/internal/format/helm/helm.go:213.3,216.17 3 1
forge/internal/format/helm/helm.go:216.17,217.29 1 1
forge/internal/format/helm/helm.go:217.29,219.5 1 1
forge/internal/format/helm/helm.go:220.4,220.12 1 1
forge/internal/format/helm/helm.go:224.3,224.18 1 1
forge/internal/format/helm/helm.go:224.18,226.14 2 1
forge/internal/format/helm/helm.go:226.14,230.5 3 1
forge/internal/format/helm/helm.go:231.4,232.12 2 1
forge/internal/format/helm/helm.go:236.3,236.54 1 1
forge/internal/format/helm/helm.go:236.54,238.14 2 1
forge/internal/format/helm/helm.go:238.14,242.5 3 1
forge/internal/format/helm/helm.go:243.4,245.12 3 1
forge/internal/format/helm/helm.go:249.3,249.95 1 1
forge/internal/format/helm/helm.go:249.95,251.14 2 1
forge/internal/format/helm/helm.go:251.14,253.5 1 1
forge/internal/format/helm/helm.go:254.4,260.12 6 1
forge/internal/format/helm/helm.go:263.3,263.37 1 1
forge/internal/format/helm/helm.go:263.37,264.12 1 0
forge/internal/format/helm/helm.go:266.3,269.80 2 1
forge/internal/format/helm/helm.go:269.80,271.12 2 1
forge/internal/format/helm/helm.go:275.3,275.28 1 1
forge/internal/format/helm/helm.go:275.28,277.40 2 1
forge/internal/format/helm/helm.go:277.40,279.37 1 1
forge/internal/format/helm/helm.go:279.37,281.6 1 1
forge/internal/format/helm/helm.go:282.5,282.13 1 1
forge/internal/format/helm/helm.go:285.4,286.15 2 1
forge/internal/format/helm/helm.go:286.15,288.5 1 1
forge/internal/format/helm/helm.go:289.4,289.15 1 1
forge/internal/format/helm/helm.go:290.16,291.18 1 1
forge/internal/format/helm/helm.go:292.77,293.19 1 1
forge/internal/format/helm/helm.go:294.12,296.15 2 1
forge/internal/format/helm/helm.go:296.15,300.6 2 1
forge/internal/format/helm/helm.go:302.4,302.12 1 1
forge/internal/format/helm/helm.go:306.3,306.73 1 1
forge/internal/format/helm/helm.go:306.73,307.26 1 1
forge/internal/format/helm/helm.go:307.26,309.5 1 1
forge/internal/format/helm/helm.go:312.2,313.12 2 1
forge/internal/format/helm/helm.go:313.12,315.3 1 0
forge/internal/format/helm/helm.go:318.2,318.22 1 1
forge/internal/format/helm/helm.go:318.22,319.28 1 1
forge/internal/format/helm/helm.go:319.28,320.71 1 1
forge/internal/format/helm/helm.go:320.71,322.5 1 1
forge/internal/format/helm/helm.go:322.10,322.82 1 0
forge/internal/format/helm/helm.go:322.82,324.5 1 0
forge/internal/format/helm/helm.go:327.2,327.13 1 1
forge/internal/format/helm/helm.go:330.46,332.13 2 1
forge/internal/format/helm/helm.go:332.13,334.3 1 1
forge/internal/format/helm/helm.go:335.2,337.30 3 1
forge/internal/format/helm/helm.go:338.14,339.15 1 1
forge/internal/format/helm/helm.go:340.17,341.18 1 1
forge/internal/format/helm/helm.go:342.20,343.21 1 1
forge/internal/format/helm/helm.go:344.21,345.22 1 1
forge/internal/format/helm/helm.go:346.17,347.18 1 1
forge/internal/format/helm/helm.go:348.16,349.17 1 1
forge/internal/format/helm/helm.go:355.65,358.38 3 1
forge/internal/format/helm/helm.go:358.38,360.10 2 1
forge/internal/format/helm/helm.go:360.10,361.12 1 0
forge/internal/format/helm/helm.go:363.3,364.33 2 1
forge/internal/format/helm/helm.go:364.33,366.4 1 0
forge/internal/format/helm/helm.go:366.9,368.4 1 1
forge/internal/format/helm/helm.go:369.3,369.28 1 1
forge/internal/format/helm/helm.go:369.28,371.18 2 1
forge/internal/format/helm/helm.go:371.18,374.5 2 1
forge/internal/format/helm/helm.go:377.2,377.12 1 1
forge/internal/format/helm/helm.go:381.67,383.31 2 1
forge/internal/format/helm/helm.go:383.31,385.3 1 1
forge/internal/format/helm/helm.go:385.8,387.3 1 1
forge/internal/format/helm/helm.go:388.2,389.55 2 1
forge/internal/format/helm/helm.go:394.59,396.27 2 1
forge/internal/format/helm/helm.go:396.27,398.3 1 1
forge/internal/format/helm/helm.go:399.2,400.24 2 1
forge/internal/format/helm/helm.go:400.24,402.3 1 1
forge/internal/format/helm/helm.go:403.2,407.26 4 1
forge/internal/format/helm/helm.go:407.26,410.40 3 1
forge/internal/format/helm/helm.go:410.40,410.84 1 1
forge/internal/format/helm/helm.go:411.3,411.28 1 1
forge/internal/format/helm/helm.go:411.28,414.28 2 1
forge/internal/format/helm/helm.go:414.28,416.5 1 1
forge/internal/format/helm/helm.go:417.4,417.29 1 1
forge/internal/format/helm/helm.go:417.29,419.5 1 1
forge/internal/format/helm/helm.go:420.4,421.43 1 1
forge/internal/format/helm/helm.go:424.2,425.19 2 1
forge/internal/format/helm/helm.go:428.69,430.31 2 1
forge/internal/format/helm/helm.go:430.31,432.3 1 0
forge/internal/format/helm/helm.go:432.8,434.3 1 1
forge/internal/format/helm/helm.go:435.2,436.27 2 1
forge/internal/format/helm/helm.go:436.27,438.3 1 1
forge/internal/format/helm/helm.go:439.2,440.35 2 1
forge/internal/format/helm/helm.go:443.82,445.31 2 1
forge/internal/format/helm/helm.go:445.31,447.3 1 0
forge/internal/format/helm/helm.go:447.8,449.3 1 1
forge/internal/format/helm/helm.go:450.2,451.29 2 1
forge/internal/format/helm/helm.go:451.29,452.23 1 1
forge/internal/format/helm/helm.go:452.23,454.4 1 1
forge/internal/format/helm/helm.go:456.2,456.16 1 1
forge/internal/format/helm/helm.go:456.16,459.3 2 1
forge/internal/format/helm/helm.go:460.2,461.32 2 1
forge/internal/format/helm/helm.go:464.84,466.9 2 1
forge/internal/format/helm/helm.go:466.9,469.3 2 0
forge/internal/format/helm/helm.go:470.2,472.30 3 1
forge/internal/format/helm/helm.go:483.52,485.16 2 1
forge/internal/format/helm/helm.go:485.16,487.3 1 1
forge/internal/format/helm/helm.go:488.2,490.6 3 1
forge/internal/format/helm/helm.go:490.6,492.20 2 1
forge/internal/format/helm/helm.go:492.20,493.9 1 0
forge/internal/format/helm/helm.go:495.3,495.17 1 1
forge/internal/format/helm/helm.go:495.17,497.4 1 0
forge/internal/format/helm/helm.go:498.3,498.42 1 1
forge/internal/format/helm/helm.go:498.42,501.4 2 1
forge/internal/format/helm/helm.go:503.2,503.67 1 0
forge/internal/format/helm/helm.go:506.43,508.57 2 1
forge/internal/format/helm/helm.go:508.57,509.68 1 1
forge/internal/format/helm/helm.go:509.68,510.12 1 0
forge/internal/format/helm/helm.go:512.3,513.10 2 1
forge/internal/format/helm/helm.go:513.10,514.12 1 1
forge/internal/format/helm/helm.go:516.3,517.33 2 1
forge/internal/format/helm/helm.go:518.15,519.16 1 1
forge/internal/format/helm/helm.go:520.18,521.19 1 1
forge/internal/format/helm/helm.go:522.21,523.22 1 0
forge/internal/format/helm/helm.go:524.22,525.23 1 1
forge/internal/format/helm/helm.go:528.2,528.10 1 1
forge/internal/format/helm/helm.go:532.79,533.31 1 1
forge/internal/format/helm/helm.go:533.31,535.3 1 0
forge/internal/format/helm/helm.go:536.2,537.31 2 1
forge/internal/format/helm/helm.go:537.31,539.3 1 0
forge/internal/format/helm/helm.go:539.8,541.17 2 1
forge/internal/format/helm/helm.go:541.17,543.4 1 0
forge/internal/format/helm/helm.go:544.3,544.26 1 1
forge/internal/format/helm/helm.go:544.26,546.53 2 1
forge/internal/format/helm/helm.go:546.53,548.5 1 1
forge/internal/format/helm/helm.go:551.2,553.27 3 1
forge/internal/format/helm/helm.go:553.27,555.49 2 1
forge/internal/format/helm/helm.go:555.49,557.4 1 1
forge/internal/format/helm/helm.go:559.2,560.37 2 1
forge/internal/format/helm/helm.go:560.37,563.3 2 1
forge/internal/format/helm/helm.go:564.2,564.42 1 1
forge/internal/format/helm/helm.go:564.42,564.86 1 0
forge/internal/format/helm/helm.go:565.2,565.21 1 1
forge/internal/format/helm/helm.go:569.99,571.21 2 1
forge/internal/format/helm/helm.go:572.18,573.30 1 0
forge/internal/format/helm/helm.go:574.18,575.33 1 0
forge/internal/format/helm/helm.go:576.10,577.25 1 1
forge/internal/format/helm/helm.go:579.2,580.30 2 1
forge/internal/format/helm/helm.go:580.30,581.23 1 1
forge/internal/format/helm/helm.go:581.23,583.4 1 1
forge/internal/format/helm/helm.go:585.2,585.24 1 1
forge/internal/format/helm/helm.go:585.24,587.3 1 1
forge/internal/format/helm/helm.go:588.2,588.43 1 1
forge/internal/format/helm/helm.go:588.43,588.95 1 1
forge/internal/format/helm/helm.go:590.2,591.31 2 1
forge/internal/format/helm/helm.go:591.31,596.3 1 1
forge/internal/format/helm/helm.go:598.2,605.9 2 1
forge/internal/format/npm/npm.go:57.32,57.53 1 1
forge/internal/format/npm/npm.go:58.35,58.51 1 1
forge/internal/format/npm/npm.go:60.51,60.82 1 1
forge/internal/format/npm/npm.go:61.52,61.85 1 1
forge/internal/format/npm/npm.go:62.52,62.86 1 1
forge/internal/format/npm/npm.go:64.84,68.34 2 1
forge/internal/format/npm/npm.go:68.34,71.3 2 1
forge/internal/format/npm/npm.go:74.2,74.34 1 1
forge/internal/format/npm/npm.go:74.34,75.19 1 1
forge/internal/format/npm/npm.go:76.23,77.24 1 1
forge/internal/format/npm/npm.go:78.26,79.34 1 1
forge/internal/format/npm/npm.go:79.34,82.5 2 0
forge/internal/format/npm/npm.go:83.4,83.30 1 1
forge/internal/format/npm/npm.go:84.11,85.68 1 0
forge/internal/format/npm/npm.go:87.3,87.9 1 1
forge/internal/format/npm/npm.go:91.2,91.18 1 1
forge/internal/format/npm/npm.go:92.22,93.28 1 1
forge/internal/format/npm/npm.go:94.22,95.33 1 1
forge/internal/format/npm/npm.go:95.33,98.4 2 0
forge/internal/format/npm/npm.go:99.3,99.26 1 1
forge/internal/format/npm/npm.go:100.25,101.33 1 1
forge/internal/format/npm/npm.go:101.33,104.4 2 0
forge/internal/format/npm/npm.go:105.3,105.25 1 1
forge/internal/format/npm/npm.go:106.10,107.67 1 0
forge/internal/format/npm/npm.go:113.99,114.9 1 1
forge/internal/format/npm/npm.go:115.83,116.27 1 1
forge/internal/format/npm/npm.go:118.71,119.13 1 1
forge/internal/format/npm/npm.go:121.89,122.13 1 1
forge/internal/format/npm/npm.go:124.53,126.28 2 1
forge/internal/format/npm/npm.go:128.55,130.72 2 1
forge/internal/format/npm/npm.go:132.10,133.75 1 0
forge/internal/format/npm/npm.go:148.98,150.65 2 1
forge/internal/format/npm/npm.go:150.65,153.3 2 1
forge/internal/format/npm/npm.go:156.2,159.44 2 1
forge/internal/format/npm/npm.go:159.44,161.3 1 1
forge/internal/format/npm/npm.go:162.2,162.38 1 1
forge/internal/format/npm/npm.go:162.38,164.17 2 1
forge/internal/format/npm/npm.go:164.17,167.4 2 1
forge/internal/format/npm/npm.go:168.3,168.86 1 0
forge/internal/format/npm/npm.go:168.86,171.4 2 0
forge/internal/format/npm/npm.go:177.2,178.40 2 1
forge/internal/format/npm/npm.go:178.40,180.3 1 1
forge/internal/format/npm/npm.go:181.2,182.34 2 1
forge/internal/format/npm/npm.go:182.34,185.18 3 1
forge/internal/format/npm/npm.go:185.18,187.4 1 0
forge/internal/format/npm/npm.go:188.3,191.72 3 1
forge/internal/format/npm/npm.go:191.72,194.4 2 0
forge/internal/format/npm/npm.go:198.2,198.41 1 1
forge/internal/format/npm/npm.go:198.41,200.65 2 0
forge/internal/format/npm/npm.go:200.65,203.23 3 0
forge/internal/format/npm/npm.go:203.23,205.5 1 0
forge/internal/format/npm/npm.go:206.4,206.31 1 0
forge/internal/format/npm/npm.go:206.31,208.5 1 0
forge/internal/format/npm/npm.go:209.4,209.69 1 0
forge/internal/format/npm/npm.go:209.69,212.5 2 0
forge/internal/format/npm/npm.go:217.2,220.56 3 1
forge/internal/format/npm/npm.go:226.84,228.20 2 1
forge/internal/format/npm/npm.go:228.20,233.3 1 0
forge/internal/format/npm/npm.go:239.65,245.28 5 1
forge/internal/format/npm/npm.go:245.28,246.36 1 1
forge/internal/format/npm/npm.go:246.36,247.12 1 0
forge/internal/format/npm/npm.go:249.3,251.52 3 1
forge/internal/format/npm/npm.go:251.52,253.4 1 1
forge/internal/format/npm/npm.go:255.2,255.24 1 1
forge/internal/format/npm/npm.go:255.24,257.3 1 0
forge/internal/format/npm/npm.go:259.2,261.21 3 1
forge/internal/format/npm/npm.go:261.21,263.3 1 1
forge/internal/format/npm/npm.go:265.2,271.41 2 1
forge/internal/format/npm/npm.go:278.83,280.56 1 1
forge/internal/format/npm/npm.go:280.56,282.26 2 0
forge/internal/format/npm/npm.go:282.26,283.36 1 0
forge/internal/format/npm/npm.go:283.36,285.5 1 0
forge/internal/format/npm/npm.go:288.2,291.62 3 1
forge/internal/format/npm/npm.go:291.62,292.26 1 1
forge/internal/format/npm/npm.go:292.26,294.4 1 1
forge/internal/format/npm/npm.go:296.2,297.56 2 1
forge/internal/format/npm/npm.go:303.87,317.59 9 1
forge/internal/format/npm/npm.go:317.59,318.65 1 1
forge/internal/format/npm/npm.go:318.65,322.4 3 1
forge/internal/format/npm/npm.go:324.2,325.56 2 1
forge/internal/format/npm/npm.go:331.99,339.60 6 1
forge/internal/format/npm/npm.go:339.60,342.3 2 1
forge/internal/format/npm/npm.go:343.2,344.21 2 1
forge/internal/format/npm/npm.go:344.21,346.3 1 0
forge/internal/format/npm/npm.go:348.2,349.18 2 1
forge/internal/format/npm/npm.go:350.22,351.16 1 1
forge/internal/format/npm/npm.go:351.16,353.4 1 1
forge/internal/format/npm/npm.go:353.9,355.11 2 1
forge/internal/format/npm/npm.go:355.11,358.5 2 0
forge/internal/format/npm/npm.go:359.4,359.34 1 1
forge/internal/format/npm/npm.go:362.22,363.16 1 1
forge/internal/format/npm/npm.go:363.16,366.4 2 0
forge/internal/format/npm/npm.go:367.3,368.62 2 1
forge/internal/format/npm/npm.go:368.62,371.4 2 0
forge/internal/format/npm/npm.go:372.3,376.38 5 1
forge/internal/format/npm/npm.go:378.25,379.16 1 1
forge/internal/format/npm/npm.go:379.16,382.4 2 0
forge/internal/format/npm/npm.go:383.3,387.38 5 1
forge/internal/format/npm/npm.go:389.10,390.67 1 0
forge/internal/format/npm/npm.go:400.48,404.2 3 1
forge/internal/format/npm/npm.go:407.48,422.2 2 1
forge/internal/format/npm/npm.go:426.100,427.31 1 1
forge/internal/format/npm/npm.go:427.31,430.3 2 0
forge/internal/format/npm/npm.go:431.2,432.56 2 1
forge/internal/format/npm/npm.go:432.56,436.3 3 1
forge/internal/format/npm/npm.go:437.2,437.31 1 1
forge/internal/format/npm/npm.go:437.31,440.3 2 1
forge/internal/format/npm/npm.go:441.2,441.21 1 1
forge/internal/format/npm/npm.go:451.104,455.15 3 1
forge/internal/format/npm/npm.go:455.15,457.32 1 1
forge/internal/format/npm/npm.go:457.32,459.4 1 1
forge/internal/format/npm/npm.go:460.3,463.15 4 0
forge/internal/format/npm/npm.go:463.15,465.4 1 0
forge/internal/format/npm/npm.go:466.3,466.46 1 0
forge/internal/format/npm/npm.go:466.46,467.24 1 0
forge/internal/format/npm/npm.go:467.24,469.5 1 0
forge/internal/format/npm/npm.go:470.4,470.23 1 0
forge/internal/format/npm/npm.go:475.2,475.31 1 1
forge/internal/format/npm/npm.go:475.31,477.3 1 1
forge/internal/format/npm/npm.go:479.2,481.16 3 1
forge/internal/format/npm/npm.go:481.16,482.16 1 0
forge/internal/format/npm/npm.go:482.16,484.4 1 0
forge/internal/format/npm/npm.go:485.3,485.20 1 0
forge/internal/format/npm/npm.go:487.2,487.28 1 1
forge/internal/format/npm/npm.go:487.28,489.3 1 0
forge/internal/format/npm/npm.go:491.2,493.32 3 1
forge/internal/format/npm/npm.go:493.32,495.3 1 0
forge/internal/format/npm/npm.go:495.8,495.47 1 1
forge/internal/format/npm/npm.go:495.47,497.3 1 0
forge/internal/format/npm/npm.go:499.2,500.16 2 1
forge/internal/format/npm/npm.go:500.16,501.16 1 0
forge/internal/format/npm/npm.go:501.16,503.4 1 0
forge/internal/format/npm/npm.go:504.3,504.20 1 0
forge/internal/format/npm/npm.go:506.2,508.47 2 1
forge/internal/format/npm/npm.go:508.47,512.23 3 0
forge/internal/format/npm/npm.go:512.23,514.4 1 0
forge/internal/format/npm/npm.go:515.3,515.22 1 0
forge/internal/format/npm/npm.go:518.2,518.38 1 1
forge/internal/format/npm/npm.go:518.38,519.16 1 0
forge/internal/format/npm/npm.go:519.16,521.4 1 0
forge/internal/format/npm/npm.go:522.3,522.20 1 0
forge/internal/format/npm/npm.go:525.2,526.64 2 1
forge/internal/format/npm/npm.go:526.64,527.16 1 0
forge/internal/format/npm/npm.go:527.16,529.4 1 0
forge/internal/format/npm/npm.go:530.3,530.20 1 0
forge/internal/format/npm/npm.go:534.2,535.58 2 1
forge/internal/format/npm/npm.go:535.58,536.30 1 1
forge/internal/format/npm/npm.go:536.30,539.19 3 1
forge/internal/format/npm/npm.go:539.19,540.13 1 0
forge/internal/format/npm/npm.go:542.4,542.48 1 1
forge/internal/format/npm/npm.go:542.48,544.5 1 1
forge/internal/format/npm/npm.go:547.2,553.22 3 1
forge/internal/format/npm/npm.go:553.22,555.3 1 0
forge/internal/format/npm/npm.go:556.2,556.18 1 1
forge/internal/format/npm/npm.go:559.53,559.86 1 1
forge/internal/format/npm/npm.go:561.105,563.9 2 1
forge/internal/format/npm/npm.go:563.9,566.3 2 0
forge/internal/format/npm/npm.go:567.2,568.32 2 1
forge/internal/format/npm/npm.go:574.105,586.38 7 1
forge/internal/format/npm/npm.go:586.38,588.10 2 1
forge/internal/format/npm/npm.go:588.10,589.12 1 0
forge/internal/format/npm/npm.go:591.3,592.10 2 1
forge/internal/format/npm/npm.go:592.10,593.12 1 1
forge/internal/format/npm/npm.go:595.3,596.14 2 1
forge/internal/format/npm/npm.go:596.14,597.26 1 1
forge/internal/format/npm/npm.go:597.26,598.44 1 1
forge/internal/format/npm/npm.go:598.44,600.6 1 1
forge/internal/format/npm/npm.go:602.4,602.17 1 1
forge/internal/format/npm/npm.go:604.3,604.53 1 1
forge/internal/format/npm/npm.go:604.53,605.31 1 1
forge/internal/format/npm/npm.go:605.31,606.43 1 1
forge/internal/format/npm/npm.go:606.43,607.14 1 1
forge/internal/format/npm/npm.go:609.5,609.47 1 1
forge/internal/format/npm/npm.go:609.47,610.55 1 1
forge/internal/format/npm/npm.go:610.55,611.51 1 1
forge/internal/format/npm/npm.go:611.51,613.8 1 1
forge/internal/format/npm/npm.go:616.5,616.26 1 1
forge/internal/format/npm/npm.go:619.3,619.54 1 1
forge/internal/format/npm/npm.go:619.54,620.29 1 1
forge/internal/format/npm/npm.go:620.29,621.44 1 1
forge/internal/format/npm/npm.go:621.44,623.6 1 1
forge/internal/format/npm/npm.go:628.2,628.12 1 1
forge/internal/format/npm/npm.go:628.12,631.3 2 1
forge/internal/format/npm/npm.go:632.2,635.35 4 1
forge/internal/format/npm/npm.go:638.81,639.31 1 1
forge/internal/format/npm/npm.go:639.31,642.3 2 1
forge/internal/format/npm/npm.go:643.2,645.31 2 1
forge/internal/format/npm/npm.go:645.31,647.17 2 1
forge/internal/format/npm/npm.go:647.17,650.4 2 1
forge/internal/format/npm/npm.go:651.3,654.9 4 1
forge/internal/format/npm/npm.go:657.2,659.22 3 0
forge/internal/format/npm/npm.go:659.22,661.27 2 0
forge/internal/format/npm/npm.go:661.27,661.71 1 0
forge/internal/format/npm/npm.go:662.3,662.28 1 0
forge/internal/format/npm/npm.go:662.28,662.74 1 0
forge/internal/format/npm/npm.go:664.2,666.39 3 0
forge/internal/format/npm/npm.go:666.39,669.3 2 0
forge/internal/format/npm/npm.go:670.2,670.16 1 0
forge/internal/format/npm/npm.go:670.16,673.3 2 0
forge/internal/format/npm/npm.go:674.2,676.16 3 0
forge/internal/format/npm/npm.go:679.86,680.38 1 1
forge/internal/format/npm/npm.go:680.38,682.10 2 1
forge/internal/format/npm/npm.go:682.10,683.12 1 0
forge/internal/format/npm/npm.go:685.3,686.33 2 1
forge/internal/format/npm/npm.go:686.33,689.25 3 0
forge/internal/format/npm/npm.go:689.25,691.29 2 0
forge/internal/format/npm/npm.go:691.29,691.73 1 0
forge/internal/format/npm/npm.go:692.5,692.30 1 0
forge/internal/format/npm/npm.go:692.30,692.76 1 0
forge/internal/format/npm/npm.go:694.4,696.18 3 0
forge/internal/format/npm/npm.go:696.18,701.5 4 0
forge/internal/format/npm/npm.go:702.4,702.12 1 0
forge/internal/format/npm/npm.go:704.3,704.46 1 1
forge/internal/format/npm/npm.go:704.46,709.4 4 1
forge/internal/format/npm/npm.go:711.2,711.23 1 1
forge/internal/format/npm/npm.go:718.62,720.13 2 1
forge/internal/format/npm/npm.go:720.13,722.3 1 0
forge/internal/format/npm/npm.go:723.2,724.72 2 1
forge/internal/format/npm/npm.go:727.41,729.18 2 1
forge/internal/format/npm/npm.go:729.18,731.3 1 0
forge/internal/format/npm/npm.go:732.2,732.32 1 1
forge/internal/format/npm/npm.go:735.35,736.44 1 1
forge/internal/format/npm/npm.go:736.44,738.3 1 0
forge/internal/format/npm/npm.go:739.2,739.10 1 1
forge/internal/format/npm/npm.go:743.79,744.31 1 1
forge/internal/format/npm/npm.go:744.31,746.3 1 0
forge/internal/format/npm/npm.go:747.2,748.16 2 1
forge/internal/format/npm/npm.go:748.16,750.3 1 0
forge/internal/format/npm/npm.go:751.2,752.27 2 1
forge/internal/format/npm/npm.go:752.27,754.61 2 1
forge/internal/format/npm/npm.go:754.61,755.12 1 0
forge/internal/format/npm/npm.go:757.3,758.59 2 1
forge/internal/format/npm/npm.go:758.59,759.24 1 1
forge/internal/format/npm/npm.go:759.24,761.5 1 1
forge/internal/format/npm/npm.go:763.3,765.55 3 1
forge/internal/format/npm/npm.go:765.55,766.46 1 0
forge/internal/format/npm/npm.go:766.46,768.5 1 0
forge/internal/format/npm/npm.go:770.3,770.101 1 1
forge/internal/format/npm/npm.go:772.2,772.42 1 1
forge/internal/format/npm/npm.go:772.42,772.86 1 1
forge/internal/format/npm/npm.go:773.2,773.21 1 1
forge/internal/format/npm/npm.go:777.98,778.31 1 1
forge/internal/format/npm/npm.go:778.31,779.39 1 1
forge/internal/format/npm/npm.go:779.39,781.11 2 1
forge/internal/format/npm/npm.go:781.11,782.13 1 0
forge/internal/format/npm/npm.go:784.4,784.59 1 1
forge/internal/format/npm/npm.go:784.59,786.5 1 1
forge/internal/format/npm/npm.go:788.3,788.41 1 0
forge/internal/format/npm/npm.go:791.2,792.60 2 1
forge/internal/format/npm/npm.go:792.60,793.32 1 1
forge/internal/format/npm/npm.go:793.32,795.4 1 1
forge/internal/format/npm/npm.go:796.3,798.11 3 0
forge/internal/format/npm/npm.go:798.11,800.4 1 0
forge/internal/format/npm/npm.go:803.2,808.59 5 1
forge/internal/format/npm/npm.go:808.59,810.3 1 1
forge/internal/format/npm/npm.go:812.2,813.58 2 1
forge/internal/format/npm/npm.go:813.58,814.23 1 1
forge/internal/format/npm/npm.go:814.23,816.4 1 1
forge/internal/format/npm/npm.go:818.2,818.27 1 1
forge/internal/format/npm/npm.go:818.27,820.3 1 1
forge/internal/format/npm/npm.go:821.2,822.21 2 1
forge/internal/format/npm/npm.go:822.21,824.3 1 0
forge/internal/format/npm/npm.go:826.2,827.34 2 1
forge/internal/format/npm/npm.go:827.34,833.3 2 1
forge/internal/format/npm/npm.go:835.2,837.73 3 1
forge/internal/format/npm/npm.go:837.73,839.59 1 1
forge/internal/format/npm/npm.go:839.59,841.4 1 1
forge/internal/format/npm/npm.go:843.2,843.56 1 1
forge/internal/format/npm/npm.go:843.56,844.35 1 1
forge/internal/format/npm/npm.go:844.35,851.4 2 1
forge/internal/format/npm/npm.go:852.3,852.40 1 1
forge/internal/format/npm/npm.go:852.40,852.78 1 0
forge/internal/format/npm/npm.go:855.2,864.9 2 1
forge/internal/meta/meta.go:27.38,28.49 1 1
forge/internal/meta/meta.go:28.49,30.3 1 0
forge/internal/meta/meta.go:31.2,31.29 1 1
forge/internal/meta/meta.go:37.54,41.61 4 1
forge/internal/meta/meta.go:41.61,43.3 1 1
forge/internal/meta/meta.go:44.2,44.18 1 1
forge/internal/meta/meta.go:48.52,51.75 3 1
forge/internal/meta/meta.go:51.75,53.3 1 1
forge/internal/meta/meta.go:54.2,54.17 1 1
forge/internal/meta/meta.go:57.59,59.16 2 1
forge/internal/meta/meta.go:59.16,61.3 1 1
forge/internal/meta/meta.go:62.2,63.24 2 1
forge/internal/meta/meta.go:63.24,65.3 1 1
forge/internal/meta/meta.go:66.2,66.16 1 1
forge/internal/meta/meta.go:66.16,68.3 1 0
forge/internal/meta/meta.go:69.2,69.35 1 1
forge/internal/meta/meta.go:72.51,74.16 2 1
forge/internal/meta/meta.go:74.16,76.3 1 1
forge/internal/meta/meta.go:77.2,77.60 1 1
forge/internal/meta/meta.go:77.60,79.3 1 1
forge/internal/meta/meta.go:80.2,81.16 2 1
forge/internal/meta/meta.go:81.16,83.3 1 0
forge/internal/meta/meta.go:84.2,84.34 1 1
forge/internal/meta/meta.go:87.48,89.16 2 1
forge/internal/meta/meta.go:89.16,91.3 1 1
forge/internal/meta/meta.go:92.2,93.24 2 1
forge/internal/meta/meta.go:93.24,95.3 1 1
forge/internal/meta/meta.go:96.2,96.16 1 1
forge/internal/meta/meta.go:96.16,98.3 1 0
forge/internal/meta/meta.go:99.2,100.28 2 1
forge/internal/meta/meta.go:100.28,101.57 1 1
forge/internal/meta/meta.go:101.57,102.12 1 0
forge/internal/meta/meta.go:104.3,105.59 2 1
forge/internal/meta/meta.go:107.2,107.18 1 1
forge/internal/meta/meta.go:110.43,112.16 2 1
forge/internal/meta/meta.go:112.16,114.3 1 1
forge/internal/meta/meta.go:115.2,116.24 2 1
forge/internal/meta/meta.go:116.24,118.3 1 1
forge/internal/meta/meta.go:119.2,119.12 1 1
forge/internal/meta/pgstore.go:19.37,21.16 2 0
forge/internal/meta/pgstore.go:21.16,23.3 1 0
forge/internal/meta/pgstore.go:24.2,24.34 1 0
forge/internal/meta/pgstore.go:24.34,26.3 1 0
forge/internal/meta/pgstore.go:27.2,27.39 1 0
forge/internal/meta/pgstore.go:27.39,29.3 1 0
forge/internal/meta/pgstore.go:30.2,30.25 1 0
forge/internal/meta/pgstore.go:34.28,34.51 1 0
forge/internal/meta/pgstore.go:38.27,38.42 1 0
forge/internal/meta/pgstore.go:40.51,42.16 2 0
forge/internal/meta/pgstore.go:42.16,44.3 1 0
forge/internal/meta/pgstore.go:45.2,50.12 2 0
forge/internal/meta/pgstore.go:53.59,56.26 3 0
forge/internal/meta/pgstore.go:56.26,58.3 1 0
forge/internal/meta/pgstore.go:59.2,59.16 1 0
forge/internal/meta/pgstore.go:59.16,61.3 1 0
forge/internal/meta/pgstore.go:62.2,62.37 1 0
forge/internal/meta/pgstore.go:65.48,67.16 2 0
forge/internal/meta/pgstore.go:67.16,69.3 1 0
forge/internal/meta/pgstore.go:70.2,72.18 3 0
forge/internal/meta/pgstore.go:72.18,74.39 2 0
forge/internal/meta/pgstore.go:74.39,76.4 1 0
forge/internal/meta/pgstore.go:77.3,77.25 1 0
forge/internal/meta/pgstore.go:79.2,79.25 1 0
forge/internal/meta/pgstore.go:82.43,85.2 2 0
forge/internal/indexer/indexer.go:38.32,38.59 1 1
forge/internal/indexer/indexer.go:42.60,45.2 2 1
forge/internal/indexer/indexer.go:49.65,50.66 1 1
forge/internal/indexer/indexer.go:50.66,52.23 2 1
forge/internal/indexer/indexer.go:52.23,54.18 2 1
forge/internal/indexer/indexer.go:54.18,56.5 1 0
forge/internal/indexer/indexer.go:57.4,57.66 1 1
forge/internal/indexer/indexer.go:59.3,59.13 1 1
forge/internal/indexer/indexer.go:63.46,64.16 1 1
forge/internal/indexer/indexer.go:65.19,66.23 1 1
forge/internal/indexer/indexer.go:67.10,68.13 1 0
forge/internal/indexer/indexer.go:81.46,83.47 2 1
forge/internal/indexer/indexer.go:83.47,85.3 1 0
forge/internal/indexer/indexer.go:87.2,93.16 5 1
forge/internal/indexer/indexer.go:93.16,95.3 1 0
forge/internal/indexer/indexer.go:96.2,98.28 3 1
forge/internal/indexer/indexer.go:98.28,99.36 1 1
forge/internal/indexer/indexer.go:99.36,100.12 1 0
forge/internal/indexer/indexer.go:102.3,104.52 3 1
forge/internal/indexer/indexer.go:104.52,106.4 1 1
forge/internal/indexer/indexer.go:111.2,111.24 1 1
forge/internal/indexer/indexer.go:111.24,113.3 1 1
forge/internal/indexer/indexer.go:115.2,117.21 3 1
forge/internal/indexer/indexer.go:117.21,119.3 1 1
forge/internal/indexer/indexer.go:121.2,126.65 2 1
forge/internal/indexer/indexer.go:126.65,128.3 1 0
forge/internal/indexer/indexer.go:129.2,129.12 1 1
forge/internal/format/oci/oci.go:44.32,44.53 1 1
forge/internal/format/oci/oci.go:45.35,45.51 1 1
forge/internal/format/oci/oci.go:61.84,63.9 2 1
forge/internal/format/oci/oci.go:63.9,66.3 2 0
forge/internal/format/oci/oci.go:68.2,68.31 1 1
forge/internal/format/oci/oci.go:68.31,70.19 1 1
forge/internal/format/oci/oci.go:71.40,72.40 1 0
forge/internal/format/oci/oci.go:73.11,74.105 1 1
forge/internal/format/oci/oci.go:76.3,76.9 1 1
forge/internal/format/oci/oci.go:79.2,79.12 1 1
forge/internal/format/oci/oci.go:80.19,81.19 1 1
forge/internal/format/oci/oci.go:82.40,83.38 1 1
forge/internal/format/oci/oci.go:84.23,85.38 1 1
forge/internal/format/oci/oci.go:86.26,87.38 1 1
forge/internal/format/oci/oci.go:88.11,89.81 1 0
forge/internal/format/oci/oci.go:92.15,93.19 1 1
forge/internal/format/oci/oci.go:94.40,95.35 1 1
forge/internal/format/oci/oci.go:96.26,97.35 1 1
forge/internal/format/oci/oci.go:98.11,99.81 1 0
forge/internal/format/oci/oci.go:102.23,103.19 1 1
forge/internal/format/oci/oci.go:104.24,105.36 1 1
forge/internal/format/oci/oci.go:106.25,107.38 1 1
forge/internal/format/oci/oci.go:108.23,109.41 1 1
forge/internal/format/oci/oci.go:110.11,111.81 1 0
forge/internal/format/oci/oci.go:114.19,115.26 1 1
forge/internal/format/oci/oci.go:117.10,118.75 1 0
forge/internal/format/oci/oci.go:124.99,127.13 3 1
forge/internal/format/oci/oci.go:127.13,130.3 2 1
forge/internal/format/oci/oci.go:131.2,133.19 3 1
forge/internal/format/oci/oci.go:133.19,135.3 1 1
forge/internal/format/oci/oci.go:136.2,136.33 1 1
forge/internal/format/oci/oci.go:136.33,138.3 1 1
forge/internal/format/oci/oci.go:139.2,140.16 2 1
forge/internal/format/oci/oci.go:140.16,143.3 2 0
forge/internal/format/oci/oci.go:144.2,145.16 2 1
forge/internal/format/oci/oci.go:148.85,151.2 2 1
forge/internal/format/oci/oci.go:155.107,157.53 1 1
forge/internal/format/oci/oci.go:157.53,159.17 2 1
forge/internal/format/oci/oci.go:159.17,162.4 2 0
forge/internal/format/oci/oci.go:163.3,164.21 2 1
forge/internal/format/oci/oci.go:164.21,167.4 2 1
forge/internal/format/oci/oci.go:168.3,168.82 1 1
forge/internal/format/oci/oci.go:168.82,171.4 2 0
forge/internal/format/oci/oci.go:172.3,175.9 4 1
forge/internal/format/oci/oci.go:179.2,179.54 1 1
forge/internal/format/oci/oci.go:179.54,180.52 1 1
forge/internal/format/oci/oci.go:180.52,182.49 2 1
forge/internal/format/oci/oci.go:182.49,184.66 2 1
forge/internal/format/oci/oci.go:184.66,189.6 4 1
forge/internal/format/oci/oci.go:196.2,202.36 7 1
forge/internal/format/oci/oci.go:205.110,210.50 3 1
forge/internal/format/oci/oci.go:210.50,213.3 2 1
forge/internal/format/oci/oci.go:215.2,216.16 2 1
forge/internal/format/oci/oci.go:216.16,219.3 2 0
forge/internal/format/oci/oci.go:221.2,222.76 2 1
forge/internal/format/oci/oci.go:222.76,225.3 2 0
forge/internal/format/oci/oci.go:227.2,228.14 2 1
forge/internal/format/oci/oci.go:228.14,230.3 1 0
forge/internal/format/oci/oci.go:231.2,235.36 5 1
forge/internal/format/oci/oci.go:238.113,240.16 2 1
forge/internal/format/oci/oci.go:240.16,243.3 2 0
forge/internal/format/oci/oci.go:245.2,247.50 3 1
forge/internal/format/oci/oci.go:247.50,251.3 3 1
forge/internal/format/oci/oci.go:254.2,258.20 4 1
forge/internal/format/oci/oci.go:258.20,261.3 2 0
forge/internal/format/oci/oci.go:263.2,263.81 1 1
forge/internal/format/oci/oci.go:263.81,266.3 2 0
forge/internal/format/oci/oci.go:267.2,271.35 4 1
forge/internal/format/oci/oci.go:276.109,278.9 2 1
forge/internal/format/oci/oci.go:278.9,281.3 2 1
forge/internal/format/oci/oci.go:283.2,284.16 2 1
forge/internal/format/oci/oci.go:284.16,287.3 2 0
forge/internal/format/oci/oci.go:289.2,292.14 4 1
forge/internal/format/oci/oci.go:292.14,294.3 1 0
forge/internal/format/oci/oci.go:296.2,299.33 4 1
forge/internal/format/oci/oci.go:299.33,301.3 1 1
forge/internal/format/oci/oci.go:302.2,302.15 1 1
forge/internal/format/oci/oci.go:305.109,307.16 2 1
forge/internal/format/oci/oci.go:307.16,310.3 2 0
forge/internal/format/oci/oci.go:312.2,314.14 3 1
forge/internal/format/oci/oci.go:314.14,316.3 1 0
forge/internal/format/oci/oci.go:318.2,318.85 1 1
forge/internal/format/oci/oci.go:318.85,321.3 2 0
forge/internal/format/oci/oci.go:322.2,325.40 2 1
forge/internal/format/oci/oci.go:325.40,328.3 2 1
forge/internal/format/oci/oci.go:330.2,332.35 3 1
forge/internal/format/oci/oci.go:335.95,337.9 2 1
forge/internal/format/oci/oci.go:337.9,340.3 2 0
forge/internal/format/oci/oci.go:342.2,346.50 3 1
forge/internal/format/oci/oci.go:346.50,348.26 2 1
forge/internal/format/oci/oci.go:348.26,349.37 1 1
forge/internal/format/oci/oci.go:349.37,350.13 1 1
forge/internal/format/oci/oci.go:352.4,353.64 2 1
forge/internal/format/oci/oci.go:353.64,355.5 1 1
forge/internal/format/oci/oci.go:358.2,358.36 1 1
forge/internal/format/oci/oci.go:363.84,367.25 4 1
forge/internal/format/oci/oci.go:367.25,368.35 1 1
forge/internal/format/oci/oci.go:368.35,370.4 1 1
forge/internal/format/oci/oci.go:372.2,374.72 3 1
forge/internal/format/oci/oci.go:379.111,380.27 1 0
forge/internal/format/oci/oci.go:380.27,383.3 2 0
forge/internal/format/oci/oci.go:385.2,386.12 2 0
forge/internal/format/oci/oci.go:387.19,388.45 1 0
forge/internal/format/oci/oci.go:389.15,390.41 1 0
forge/internal/format/oci/oci.go:391.19,392.38 1 0
forge/internal/format/oci/oci.go:393.10,395.9 2 0
forge/internal/format/oci/oci.go:397.2,399.16 3 0
forge/internal/format/oci/oci.go:399.16,402.3 2 0
forge/internal/format/oci/oci.go:404.2,404.52 1 0
forge/internal/format/oci/oci.go:404.52,406.3 1 0
forge/internal/format/oci/oci.go:407.2,408.16 2 0
forge/internal/format/oci/oci.go:408.16,411.3 2 0
forge/internal/format/oci/oci.go:412.2,413.90 2 0
forge/internal/format/oci/oci.go:413.90,414.41 1 0
forge/internal/format/oci/oci.go:414.41,416.4 1 0
forge/internal/format/oci/oci.go:418.2,419.23 2 0
forge/internal/format/oci/oci.go:424.48,424.79 1 1
forge/internal/format/oci/oci.go:426.66,428.2 1 1
forge/internal/format/oci/oci.go:430.70,432.2 1 1
forge/internal/format/oci/oci.go:434.68,436.2 1 1
forge/internal/format/oci/oci.go:439.83,440.39 1 1
forge/internal/format/oci/oci.go:440.39,443.3 2 1
forge/internal/format/oci/oci.go:444.2,446.17 3 1
forge/internal/format/oci/oci.go:449.80,451.16 2 1
forge/internal/format/oci/oci.go:451.16,453.3 1 0
forge/internal/format/oci/oci.go:454.2,455.23 2 1
forge/internal/format/oci/oci.go:459.32,459.46 1 1
forge/internal/format/oci/oci.go:462.72,468.2 3 1
forge/internal/format/oci/oci.go:478.63,479.56 1 1
forge/internal/format/oci/oci.go:479.56,481.3 1 1
forge/internal/format/oci/oci.go:482.2,482.60 1 1
forge/internal/format/oci/oci.go:482.60,484.3 1 1
forge/internal/format/oci/oci.go:485.2,485.46 1 1
forge/internal/format/oci/oci.go:485.46,487.3 1 1
forge/internal/format/oci/oci.go:488.2,488.52 1 1
forge/internal/format/oci/oci.go:488.52,490.3 1 1
forge/internal/format/oci/oci.go:491.2,491.42 1 1
forge/internal/format/oci/oci.go:491.42,493.3 1 1
forge/internal/format/oci/oci.go:494.2,494.26 1 1
forge/internal/format/oci/oci.go:497.40,500.2 2 1
forge/internal/format/oci/oci.go:502.23,506.2 3 1
forge/internal/format/oci/oci.go:510.79,512.16 2 1
forge/internal/format/oci/oci.go:512.16,514.3 1 0
forge/internal/format/oci/oci.go:515.2,517.25 3 1
forge/internal/format/oci/oci.go:517.25,518.36 1 1
forge/internal/format/oci/oci.go:518.36,521.10 3 1
forge/internal/format/oci/oci.go:521.10,523.5 1 1
forge/internal/format/oci/oci.go:524.9,524.48 1 1
forge/internal/format/oci/oci.go:524.48,527.10 3 1
forge/internal/format/oci/oci.go:527.10,529.55 2 1
forge/internal/format/oci/oci.go:529.55,530.91 1 1
forge/internal/format/oci/oci.go:530.91,532.7 1 1
forge/internal/format/oci/oci.go:537.2,538.35 2 1
forge/internal/format/oci/oci.go:538.35,541.3 2 1
forge/internal/format/oci/oci.go:542.2,542.42 1 1
forge/internal/format/oci/oci.go:542.42,542.86 1 0
forge/internal/format/oci/oci.go:543.2,543.21 1 1
forge/internal/format/oci/oci.go:547.100,549.16 2 1
forge/internal/format/oci/oci.go:549.16,551.3 1 0
forge/internal/format/oci/oci.go:552.2,554.25 3 1
forge/internal/format/oci/oci.go:554.25,555.35 1 1
forge/internal/format/oci/oci.go:555.35,557.4 1 1
forge/internal/format/oci/oci.go:559.2,559.20 1 1
forge/internal/format/oci/oci.go:559.20,561.3 1 1
forge/internal/format/oci/oci.go:562.2,565.27 3 1
forge/internal/format/oci/oci.go:565.27,567.3 1 1
forge/internal/format/oci/oci.go:570.2,571.25 2 1
forge/internal/format/oci/oci.go:571.25,572.20 1 1
forge/internal/format/oci/oci.go:572.20,574.9 2 1
forge/internal/format/oci/oci.go:577.2,583.9 3 1
forge/internal/format/maven/maven.go:45.32,45.53 1 1
forge/internal/format/maven/maven.go:46.35,46.53 1 1
forge/internal/format/maven/maven.go:89.55,89.93 1 1
forge/internal/format/maven/maven.go:90.56,90.96 1 1
forge/internal/format/maven/maven.go:91.56,91.94 1 1
forge/internal/format/maven/maven.go:101.48,103.20 2 1
forge/internal/format/maven/maven.go:103.20,105.3 1 0
forge/internal/format/maven/maven.go:106.2,107.26 2 1
forge/internal/format/maven/maven.go:107.26,108.47 1 1
forge/internal/format/maven/maven.go:108.47,110.9 2 1
forge/internal/format/maven/maven.go:113.2,113.16 1 1
forge/internal/format/maven/maven.go:113.16,115.3 1 0
forge/internal/format/maven/maven.go:116.2,116.74 1 1
forge/internal/format/maven/maven.go:121.84,122.18 1 1
forge/internal/format/maven/maven.go:123.39,124.17 1 1
forge/internal/format/maven/maven.go:125.22,126.33 1 1
forge/internal/format/maven/maven.go:126.33,129.4 2 1
forge/internal/format/maven/maven.go:130.3,130.17 1 1
forge/internal/format/maven/maven.go:131.25,132.33 1 1
forge/internal/format/maven/maven.go:132.33,135.4 2 1
forge/internal/format/maven/maven.go:136.3,136.25 1 1
forge/internal/format/maven/maven.go:137.10,138.67 1 0
forge/internal/format/maven/maven.go:142.82,144.16 2 1
forge/internal/format/maven/maven.go:144.16,147.3 2 0
forge/internal/format/maven/maven.go:149.2,151.43 2 1
forge/internal/format/maven/maven.go:151.43,153.3 1 1
forge/internal/format/maven/maven.go:154.2,155.80 2 1
forge/internal/format/maven/maven.go:158.82,159.31 1 1
forge/internal/format/maven/maven.go:159.31,162.3 2 1
forge/internal/format/maven/maven.go:164.2,167.44 2 1
forge/internal/format/maven/maven.go:167.44,172.3 4 1
forge/internal/format/maven/maven.go:175.2,175.40 1 1
forge/internal/format/maven/maven.go:175.40,177.58 2 1
forge/internal/format/maven/maven.go:177.58,183.4 5 1
forge/internal/format/maven/maven.go:187.2,187.46 1 1
forge/internal/format/maven/maven.go:187.46,188.32 1 1
forge/internal/format/maven/maven.go:188.32,189.52 1 1
forge/internal/format/maven/maven.go:189.52,193.5 3 1
forge/internal/format/maven/maven.go:195.3,195.43 1 1
forge/internal/format/maven/maven.go:195.43,199.4 3 1
forge/internal/format/maven/maven.go:203.2,203.40 1 1
forge/internal/format/maven/maven.go:203.40,204.89 1 1
forge/internal/format/maven/maven.go:204.89,209.32 5 0
forge/internal/format/maven/maven.go:209.32,211.5 1 0
forge/internal/format/maven/maven.go:212.4,212.11 1 0
forge/internal/format/maven/maven.go:212.11,214.5 1 0
forge/internal/format/maven/maven.go:215.4,215.10 1 0
forge/internal/format/maven/maven.go:215.10,218.5 2 0
forge/internal/format/maven/maven.go:223.2,223.31 1 1
forge/internal/format/maven/maven.go:223.31,226.3 2 1
forge/internal/format/maven/maven.go:228.2,228.21 1 1
forge/internal/format/maven/maven.go:233.87,234.46 1 1
forge/internal/format/maven/maven.go:234.46,237.3 2 1
forge/internal/format/maven/maven.go:238.2,238.40 1 1
forge/internal/format/maven/maven.go:238.40,239.89 1 0
forge/internal/format/maven/maven.go:239.89,242.48 3 0
forge/internal/format/maven/maven.go:242.48,244.5 1 0
forge/internal/format/maven/maven.go:244.10,246.5 1 0
forge/internal/format/maven/maven.go:247.4,247.10 1 0
forge/internal/format/maven/maven.go:250.2,250.38 1 1
forge/internal/format/maven/maven.go:250.38,252.10 2 1
forge/internal/format/maven/maven.go:252.10,253.12 1 0
forge/internal/format/maven/maven.go:255.3,257.15 3 1
forge/internal/format/maven/maven.go:257.15,260.4 2 1
forge/internal/format/maven/maven.go:262.2,262.21 1 0
forge/internal/format/maven/maven.go:265.75,267.9 2 1
forge/internal/format/maven/maven.go:267.9,270.3 2 0
forge/internal/format/maven/maven.go:271.2,272.14 2 1
forge/internal/format/maven/maven.go:275.72,277.26 2 1
forge/internal/format/maven/maven.go:277.26,279.3 1 0
forge/internal/format/maven/maven.go:280.2,282.38 3 1
forge/internal/format/maven/maven.go:282.38,284.10 2 1
forge/internal/format/maven/maven.go:284.10,285.12 1 0
forge/internal/format/maven/maven.go:287.3,287.53 1 1
forge/internal/format/maven/maven.go:287.53,288.16 1 1
forge/internal/format/maven/maven.go:288.16,291.5 2 1
forge/internal/format/maven/maven.go:294.2,294.40 1 1
forge/internal/format/maven/maven.go:299.101,302.22 3 1
forge/internal/format/maven/maven.go:302.22,304.26 2 0
forge/internal/format/maven/maven.go:304.26,304.69 1 0
forge/internal/format/maven/maven.go:305.3,305.27 1 0
forge/internal/format/maven/maven.go:305.27,305.72 1 0
forge/internal/format/maven/maven.go:307.2,309.39 3 1
forge/internal/format/maven/maven.go:309.39,312.3 2 1
forge/internal/format/maven/maven.go:313.2,313.16 1 1
forge/internal/format/maven/maven.go:313.16,316.3 2 0
forge/internal/format/maven/maven.go:317.2,320.38 2 1
forge/internal/format/maven/maven.go:320.38,322.15 2 1
forge/internal/format/maven/maven.go:322.15,324.4 1 0
forge/internal/format/maven/maven.go:325.3,328.9 4 1
forge/internal/format/maven/maven.go:331.2,331.14 1 1
forge/internal/format/maven/maven.go:331.14,333.3 1 0
forge/internal/format/maven/maven.go:334.2,335.16 2 1
forge/internal/format/maven/maven.go:340.72,349.74 2 1
forge/internal/format/maven/maven.go:349.74,351.3 1 0
forge/internal/format/maven/maven.go:352.2,353.62 2 1
forge/internal/format/maven/maven.go:353.62,355.3 1 0
forge/internal/format/maven/maven.go:356.2,360.49 3 1
forge/internal/format/maven/maven.go:360.49,362.3 1 1
forge/internal/format/maven/maven.go:363.2,365.52 3 1
forge/internal/format/maven/maven.go:365.52,367.3 1 0
forge/internal/format/maven/maven.go:368.2,370.16 3 1
forge/internal/format/maven/maven.go:370.16,372.3 1 0
forge/internal/format/maven/maven.go:373.2,373.46 1 1
forge/internal/format/maven/maven.go:378.70,380.26 2 1
forge/internal/format/maven/maven.go:380.26,382.3 1 0
forge/internal/format/maven/maven.go:383.2,383.67 1 1
forge/internal/format/maven/maven.go:386.80,391.25 5 1
forge/internal/format/maven/maven.go:391.25,394.36 3 1
forge/internal/format/maven/maven.go:394.36,395.12 1 0
forge/internal/format/maven/maven.go:397.3,398.35 2 1
forge/internal/format/maven/maven.go:400.2,400.17 1 1
forge/internal/format/maven/maven.go:403.85,404.24 1 1
forge/internal/format/maven/maven.go:404.24,406.3 1 1
forge/internal/format/maven/maven.go:407.2,410.17 4 1
forge/internal/format/maven/maven.go:410.17,412.3 1 0
forge/internal/format/maven/maven.go:413.2,413.93 1 1
forge/internal/format/maven/maven.go:416.77,425.29 8 1
forge/internal/format/maven/maven.go:425.29,427.3 1 1
forge/internal/format/maven/maven.go:428.2,429.27 2 1
forge/internal/format/maven/maven.go:436.42,438.2 1 1
forge/internal/format/maven/maven.go:448.62,450.20 2 1
forge/internal/format/maven/maven.go:450.20,452.3 1 0
forge/internal/format/maven/maven.go:453.2,454.49 2 1
forge/internal/format/maven/maven.go:454.49,456.3 1 1
forge/internal/format/maven/maven.go:457.2,458.108 2 1
forge/internal/format/maven/maven.go:458.108,460.3 1 0
forge/internal/format/maven/maven.go:462.2,468.9 6 1
forge/internal/format/maven/maven.go:468.9,470.3 1 0
forge/internal/format/maven/maven.go:472.2,474.18 3 1
forge/internal/format/maven/maven.go:474.18,476.3 1 1
forge/internal/format/maven/maven.go:478.2,486.43 3 1
forge/internal/format/maven/maven.go:489.78,497.28 6 1
forge/internal/format/maven/maven.go:497.28,498.36 1 1
forge/internal/format/maven/maven.go:498.36,499.12 1 0
forge/internal/format/maven/maven.go:501.3,502.52 2 1
forge/internal/format/maven/maven.go:502.52,503.12 1 0
forge/internal/format/maven/maven.go:505.3,505.23 1 1
forge/internal/format/maven/maven.go:505.23,507.4 1 1
forge/internal/format/maven/maven.go:508.3,509.35 2 1
forge/internal/format/maven/maven.go:509.35,513.4 3 1
forge/internal/format/maven/maven.go:514.3,517.5 1 1
forge/internal/format/maven/maven.go:519.2,519.22 1 1
forge/internal/format/maven/maven.go:519.22,521.3 1 1
forge/internal/format/maven/maven.go:524.2,524.65 1 1
forge/internal/format/maven/maven.go:524.65,526.3 1 0
forge/internal/format/maven/maven.go:527.2,527.19 1 1
forge/internal/format/maven/maven.go:530.55,532.46 1 1
forge/internal/format/maven/maven.go:532.46,533.59 1 1
forge/internal/format/maven/maven.go:533.59,535.4 1 1
forge/internal/format/maven/maven.go:536.3,536.63 1 0
forge/internal/format/maven/maven.go:539.2,544.24 5 1
forge/internal/format/maven/maven.go:544.24,547.3 1 1
forge/internal/format/maven/maven.go:548.2,548.22 1 1
forge/internal/format/maven/maven.go:548.22,550.3 1 1
forge/internal/format/maven/maven.go:551.2,551.26 1 1
forge/internal/format/maven/maven.go:551.26,553.34 2 1
forge/internal/format/maven/maven.go:553.34,555.27 2 1
forge/internal/format/maven/maven.go:555.27,557.5 1 0
forge/internal/format/maven/maven.go:558.4,560.47 2 1
forge/internal/format/maven/maven.go:562.3,562.45 1 1
forge/internal/format/maven/maven.go:564.2,565.27 2 1
forge/internal/format/maven/maven.go:573.86,575.42 2 1
forge/internal/format/maven/maven.go:575.42,577.3 1 1
forge/internal/format/maven/maven.go:578.2,580.16 3 1
forge/internal/format/maven/maven.go:580.16,582.3 1 0
forge/internal/format/maven/maven.go:583.2,583.45 1 1
forge/internal/format/maven/maven.go:589.82,591.38 1 1
forge/internal/format/maven/maven.go:591.38,592.24 1 1
forge/internal/format/maven/maven.go:592.24,593.12 1 1
forge/internal/format/maven/maven.go:595.3,595.60 1 1
forge/internal/format/maven/maven.go:595.60,596.12 1 0
forge/internal/format/maven/maven.go:598.3,598.25 1 1
forge/internal/format/maven/maven.go:598.25,599.12 1 0
forge/internal/format/maven/maven.go:601.3,602.23 2 1
forge/internal/format/maven/maven.go:602.23,603.12 1 0
forge/internal/format/maven/maven.go:605.3,606.17 2 1
forge/internal/format/maven/maven.go:606.17,607.12 1 0
forge/internal/format/maven/maven.go:609.3,609.35 1 1
forge/internal/format/maven/maven.go:611.2,611.21 1 1
forge/internal/format/maven/maven.go:614.30,615.17 1 1
forge/internal/format/maven/maven.go:615.17,617.3 1 0
forge/internal/format/maven/maven.go:618.2,618.22 1 1
forge/internal/format/maven/maven.go:618.22,619.25 1 1
forge/internal/format/maven/maven.go:619.25,621.4 1 0
forge/internal/format/maven/maven.go:623.2,623.13 1 1
forge/internal/format/maven/maven.go:628.35,629.54 1 1
forge/internal/format/maven/maven.go:629.54,630.34 1 1
forge/internal/format/maven/maven.go:630.34,632.4 1 1
forge/internal/format/maven/maven.go:634.2,634.11 1 1
forge/internal/format/maven/maven.go:637.46,638.13 1 1
forge/internal/format/maven/maven.go:639.13,640.21 1 1
forge/internal/format/maven/maven.go:641.14,642.22 1 1
forge/internal/format/maven/maven.go:643.16,644.24 1 1
forge/internal/format/maven/maven.go:646.2,646.11 1 1
forge/internal/format/maven/maven.go:649.35,650.9 1 1
forge/internal/format/maven/maven.go:651.36,652.36 1 1
forge/internal/format/maven/maven.go:653.66,654.27 1 1
forge/internal/format/maven/maven.go:655.39,656.46 1 1
forge/internal/format/maven/maven.go:657.10,658.36 1 1
forge/internal/format/maven/maven.go:666.76,668.47 2 1
forge/internal/format/maven/maven.go:668.47,671.3 2 1
forge/internal/format/maven/maven.go:672.2,672.43 1 1
forge/internal/format/maven/maven.go:672.43,675.3 2 0
forge/internal/format/maven/maven.go:676.2,677.37 2 1
forge/internal/format/maven/maven.go:682.62,684.20 2 1
forge/internal/format/maven/maven.go:684.20,686.3 1 0
forge/internal/format/maven/maven.go:687.2,688.49 2 1
forge/internal/format/maven/maven.go:688.49,690.3 1 1
forge/internal/format/maven/maven.go:691.2,692.108 2 1
forge/internal/format/maven/maven.go:692.108,694.3 1 0
forge/internal/format/maven/maven.go:695.2,698.9 4 1
forge/internal/format/maven/maven.go:698.9,700.3 1 0
forge/internal/format/maven/maven.go:701.2,702.37 2 1
forge/internal/format/maven/maven.go:709.79,710.31 1 1
forge/internal/format/maven/maven.go:710.31,712.3 1 0
forge/internal/format/maven/maven.go:713.2,715.16 3 1
forge/internal/format/maven/maven.go:715.16,717.3 1 0
forge/internal/format/maven/maven.go:718.2,720.25 3 1
forge/internal/format/maven/maven.go:720.25,723.21 2 1
forge/internal/format/maven/maven.go:723.21,724.12 1 0
forge/internal/format/maven/maven.go:726.3,727.27 2 1
forge/internal/format/maven/maven.go:727.27,728.48 1 1
forge/internal/format/maven/maven.go:728.48,730.10 2 1
forge/internal/format/maven/maven.go:733.3,733.17 1 1
forge/internal/format/maven/maven.go:733.17,734.12 1 0
forge/internal/format/maven/maven.go:736.3,738.26 3 1
forge/internal/format/maven/maven.go:738.26,740.4 1 1
forge/internal/format/maven/maven.go:741.3,741.37 1 1
forge/internal/format/maven/maven.go:743.2,744.33 2 1
forge/internal/format/maven/maven.go:744.33,746.23 2 1
forge/internal/format/maven/maven.go:746.23,748.4 1 1
forge/internal/format/maven/maven.go:749.3,752.28 4 1
forge/internal/format/maven/maven.go:752.28,754.4 1 1
forge/internal/format/maven/maven.go:755.3,755.105 1 1
forge/internal/format/maven/maven.go:757.2,757.42 1 1
forge/internal/format/maven/maven.go:757.42,757.86 1 0
forge/internal/format/maven/maven.go:758.2,758.21 1 1
forge/internal/format/maven/maven.go:762.99,763.31 1 1
forge/internal/format/maven/maven.go:763.31,764.39 1 1
forge/internal/format/maven/maven.go:764.39,766.11 2 1
forge/internal/format/maven/maven.go:766.11,767.13 1 0
forge/internal/format/maven/maven.go:769.4,769.60 1 1
forge/internal/format/maven/maven.go:769.60,771.5 1 1
forge/internal/format/maven/maven.go:773.3,773.41 1 1
forge/internal/format/maven/maven.go:776.2,777.21 2 1
forge/internal/format/maven/maven.go:777.21,779.3 1 1
forge/internal/format/maven/maven.go:780.2,785.34 5 1
forge/internal/format/maven/maven.go:785.34,786.32 1 1
forge/internal/format/maven/maven.go:786.32,788.4 1 0
forge/internal/format/maven/maven.go:789.3,789.41 1 1
forge/internal/format/maven/maven.go:792.2,793.25 2 1
forge/internal/format/maven/maven.go:793.25,796.59 3 1
forge/internal/format/maven/maven.go:796.59,798.4 1 1
forge/internal/format/maven/maven.go:800.2,800.26 1 1
forge/internal/format/maven/maven.go:800.26,802.3 1 1
forge/internal/format/maven/maven.go:804.2,805.28 2 1
forge/internal/format/maven/maven.go:805.28,807.3 1 1
forge/internal/format/maven/maven.go:808.2,811.34 3 1
forge/internal/format/maven/maven.go:811.34,817.3 1 1
forge/internal/format/maven/maven.go:819.2,825.9 2 1
forge/internal/format/maven/maven.go:832.137,838.56 4 0
forge/internal/format/maven/maven.go:838.56,839.22 1 0
forge/internal/format/maven/maven.go:839.22,841.4 1 0
forge/internal/format/maven/maven.go:842.3,842.41 1 0
forge/internal/format/maven/maven.go:844.2,846.16 3 0
forge/internal/format/maven/maven.go:846.16,848.3 1 0
forge/internal/format/maven/maven.go:850.2,857.93 2 0
forge/internal/format/maven/maven.go:857.93,859.3 1 0
forge/internal/format/maven/maven.go:861.2,866.21 5 0
forge/internal/format/maven/maven.go:866.21,868.3 1 0
forge/internal/format/maven/maven.go:869.2,869.21 1 0
forge/internal/format/maven/maven.go:869.21,871.3 1 0
forge/internal/format/maven/maven.go:875.2,880.16 6 0
forge/internal/format/maven/maven.go:880.16,881.42 1 0
forge/internal/format/maven/maven.go:881.42,884.18 3 0
forge/internal/format/maven/maven.go:884.18,887.5 2 0
forge/internal/format/maven/maven.go:888.9,890.4 1 0
forge/internal/format/maven/maven.go:893.2,894.34 2 0
forge/internal/format/maven/maven.go:894.34,900.3 1 0
forge/internal/format/maven/maven.go:901.2,909.9 2 0
forge/internal/format/maven/maven.go:914.91,924.50 2 1
forge/internal/format/maven/maven.go:924.50,926.3 1 1
forge/internal/format/maven/maven.go:927.2,928.37 2 1
forge/internal/format/maven/maven.go:928.37,929.49 1 1
forge/internal/format/maven/maven.go:929.49,930.12 1 1
forge/internal/format/maven/maven.go:932.3,937.5 2 1
forge/internal/format/maven/maven.go:939.2,939.39 1 1
forge/internal/format/maven/maven.go:939.39,939.77 1 0
forge/internal/format/maven/maven.go:940.2,940.8 1 1
forge/internal/format/maven/maven.go:945.69,947.9 2 1
forge/internal/format/maven/maven.go:947.9,949.3 1 1
forge/internal/format/maven/maven.go:950.2,953.16 4 1
forge/internal/format/maven/maven.go:953.16,955.3 1 1
forge/internal/format/maven/maven.go:956.2,958.16 3 1
forge/internal/format/maven/maven.go:958.16,960.3 1 0
forge/internal/format/maven/maven.go:961.2,964.77 2 1
forge/internal/format/maven/maven.go:964.77,966.3 1 1
forge/internal/format/maven/maven.go:967.2,968.16 2 1
forge/internal/format/maven/maven.go:968.16,970.3 1 0
forge/internal/format/maven/maven.go:971.2,971.16 1 1
forge/internal/format/cran/cran.go:47.32,47.53 1 1
forge/internal/format/cran/cran.go:48.35,48.52 1 1
forge/internal/format/cran/cran.go:50.48,50.80 1 1
forge/internal/format/cran/cran.go:67.84,68.9 1 1
forge/internal/format/cran/cran.go:69.69,70.32 1 1
forge/internal/format/cran/cran.go:70.32,73.4 2 0
forge/internal/format/cran/cran.go:74.3,75.25 2 1
forge/internal/format/cran/cran.go:76.72,77.32 1 1
forge/internal/format/cran/cran.go:77.32,80.4 2 0
forge/internal/format/cran/cran.go:81.3,84.13 4 1
forge/internal/format/cran/cran.go:85.73,86.32 1 1
forge/internal/format/cran/cran.go:86.32,89.4 2 0
forge/internal/format/cran/cran.go:90.3,91.48 2 1
forge/internal/format/cran/cran.go:92.117,93.33 1 1
forge/internal/format/cran/cran.go:93.33,96.4 2 1
forge/internal/format/cran/cran.go:97.3,97.21 1 1
forge/internal/format/cran/cran.go:98.73,99.19 1 1
forge/internal/format/cran/cran.go:100.120,101.33 1 1
forge/internal/format/cran/cran.go:101.33,104.4 2 1
forge/internal/format/cran/cran.go:105.3,105.20 1 0
forge/internal/format/cran/cran.go:106.40,107.25 1 1
forge/internal/format/cran/cran.go:108.10,109.62 1 0
forge/internal/format/cran/cran.go:109.62,112.4 2 0
forge/internal/format/cran/cran.go:113.3,113.65 1 0
forge/internal/format/cran/cran.go:117.86,119.16 2 1
forge/internal/format/cran/cran.go:119.16,122.3 2 0
forge/internal/format/cran/cran.go:123.2,124.16 2 1
forge/internal/format/cran/cran.go:124.16,127.3 2 0
forge/internal/format/cran/cran.go:128.2,128.75 1 1
forge/internal/format/cran/cran.go:128.75,131.3 2 0
forge/internal/format/cran/cran.go:132.2,135.60 4 1
forge/internal/format/cran/cran.go:138.70,139.31 1 1
forge/internal/format/cran/cran.go:139.31,142.3 2 0
forge/internal/format/cran/cran.go:143.2,144.16 2 1
forge/internal/format/cran/cran.go:144.16,146.32 1 1
forge/internal/format/cran/cran.go:146.32,149.4 2 1
forge/internal/format/cran/cran.go:150.3,151.9 2 1
forge/internal/format/cran/cran.go:153.2,155.16 3 1
forge/internal/format/cran/cran.go:158.75,159.38 1 0
forge/internal/format/cran/cran.go:159.38,161.10 2 0
forge/internal/format/cran/cran.go:161.10,162.12 1 0
forge/internal/format/cran/cran.go:164.3,164.56 1 0
forge/internal/format/cran/cran.go:164.56,169.4 4 0
forge/internal/format/cran/cran.go:171.3,171.33 1 0
forge/internal/format/cran/cran.go:171.33,174.54 3 0
[...]
forge/internal/server/ui.go:45.46,47.2 1 1
forge/internal/server/ui.go:52.29,52.45 1 0
forge/internal/server/ui.go:53.29,53.45 1 0
forge/internal/server/ui.go:54.39,55.19 1 0
forge/internal/server/ui.go:55.19,57.4 1 0
forge/internal/server/ui.go:58.3,58.16 1 0
forge/internal/server/ui.go:60.41,61.13 1 1
forge/internal/server/ui.go:61.13,63.4 1 1
forge/internal/server/ui.go:64.3,64.20 1 0
forge/internal/server/ui.go:66.38,67.17 1 1
forge/internal/server/ui.go:67.17,69.4 1 1
forge/internal/server/ui.go:70.3,70.38 1 1
forge/internal/server/ui.go:72.30,73.15 1 0
forge/internal/server/ui.go:73.15,75.4 1 0
forge/internal/server/ui.go:76.3,76.12 1 0
forge/internal/server/ui.go:79.33,79.50 1 1
forge/internal/server/ui.go:82.59,84.45 2 1
forge/internal/server/ui.go:84.45,86.4 1 0
forge/internal/server/ui.go:87.3,87.44 1 1
forge/internal/server/ui.go:90.60,91.23 1 1
forge/internal/server/ui.go:91.23,93.4 1 1
forge/internal/server/ui.go:94.3,94.26 1 0
forge/internal/server/ui.go:94.26,96.4 1 0
forge/internal/server/ui.go:97.3,97.16 1 0
forge/internal/server/ui.go:101.54,103.2 1 1
forge/internal/server/ui.go:171.67,174.13 3 1
forge/internal/server/ui.go:174.13,176.3 1 1
forge/internal/server/ui.go:177.2,177.9 1 1
forge/internal/server/ui.go:178.16,179.17 1 1
forge/internal/server/ui.go:180.22,181.19 1 1
forge/internal/server/ui.go:182.21,183.18 1 1
forge/internal/server/ui.go:184.22,185.19 1 1
forge/internal/server/ui.go:186.39,188.17 2 1
forge/internal/server/ui.go:188.17,191.4 2 0
forge/internal/server/ui.go:195.3,196.38 2 1
forge/internal/server/ui.go:196.38,198.4 1 1
forge/internal/server/ui.go:198.9,198.39 1 1
forge/internal/server/ui.go:198.39,200.4 1 1
forge/internal/server/ui.go:200.9,202.4 1 1
forge/internal/server/ui.go:203.56,204.57 1 1
forge/internal/server/ui.go:205.10,206.22 1 1
forge/internal/server/ui.go:212.65,214.35 2 1
forge/internal/server/ui.go:214.35,216.45 2 1
forge/internal/server/ui.go:216.45,217.41 1 1
forge/internal/server/ui.go:217.41,219.52 2 1
forge/internal/server/ui.go:219.52,221.6 1 1
forge/internal/server/ui.go:224.3,228.28 2 1
forge/internal/server/ui.go:228.28,231.75 3 0
forge/internal/server/ui.go:231.75,233.5 1 0
forge/internal/server/ui.go:235.3,235.27 1 1
forge/internal/server/ui.go:238.2,240.23 3 1
forge/internal/server/ui.go:240.23,242.3 1 1
forge/internal/server/ui.go:243.2,243.19 1 1
forge/internal/server/ui.go:243.19,244.46 1 0
forge/internal/server/ui.go:244.46,246.19 2 0
forge/internal/server/ui.go:247.18,248.43 1 0
forge/internal/server/ui.go:249.16,250.39 1 0
forge/internal/server/ui.go:251.17,253.15 2 0
forge/internal/server/ui.go:253.15,255.6 1 0
forge/internal/server/ui.go:256.5,256.15 1 0
forge/internal/server/ui.go:256.15,258.6 1 0
forge/internal/server/ui.go:259.5,259.19 1 0
forge/internal/server/ui.go:260.12,262.39 2 0
forge/internal/server/ui.go:264.4,264.25 1 0
forge/internal/server/ui.go:264.25,266.5 1 0
forge/internal/server/ui.go:267.4,267.15 1 0
forge/internal/server/ui.go:271.2,274.4 1 1
forge/internal/server/ui.go:277.78,279.9 2 1
forge/internal/server/ui.go:279.9,282.3 2 1
forge/internal/server/ui.go:284.2,291.44 6 1
forge/internal/server/ui.go:291.44,292.40 1 1
forge/internal/server/ui.go:292.40,293.65 1 1
forge/internal/server/ui.go:293.65,294.16 1 1
forge/internal/server/ui.go:294.16,297.32 3 1
forge/internal/server/ui.go:297.32,298.56 1 1
forge/internal/server/ui.go:298.56,300.8 1 1
forge/internal/server/ui.go:302.6,302.20 1 1
forge/internal/server/ui.go:304.5,306.22 3 1
forge/internal/server/ui.go:306.22,308.21 2 1
forge/internal/server/ui.go:308.21,310.7 1 1
forge/internal/server/ui.go:311.6,311.43 1 1
forge/internal/server/ui.go:311.43,315.7 1 1
forge/internal/server/ui.go:321.2,328.42 2 1
forge/internal/server/ui.go:328.42,331.3 2 1
forge/internal/server/ui.go:332.2,332.40 1 1
forge/internal/server/ui.go:335.98,337.9 2 1
forge/internal/server/ui.go:337.9,340.3 2 1
forge/internal/server/ui.go:341.2,342.9 2 1
forge/internal/server/ui.go:342.9,345.3 2 0
forge/internal/server/ui.go:346.2,350.44 3 1
forge/internal/server/ui.go:350.44,352.13 2 1
forge/internal/server/ui.go:352.13,355.4 2 1
forge/internal/server/ui.go:356.3,361.9 2 1
forge/internal/server/ui.go:364.2,365.9 2 0
forge/internal/server/ui.go:365.9,368.3 2 0
forge/internal/server/ui.go:369.2,370.16 2 0
forge/internal/server/ui.go:370.16,373.3 2 0
forge/internal/server/ui.go:374.2,375.28 2 0
forge/internal/server/ui.go:375.28,376.26 1 0
forge/internal/server/ui.go:376.26,379.33 3 0
forge/internal/server/ui.go:379.33,381.5 1 0
forge/internal/server/ui.go:382.4,382.9 1 0
forge/internal/server/ui.go:385.2,385.23 1 0
forge/internal/server/ui.go:385.23,388.3 2 0
forge/internal/server/ui.go:389.2,394.4 2 0
forge/internal/server/ui.go:397.67,403.59 5 1
forge/internal/server/ui.go:403.59,404.36 1 1
forge/internal/server/ui.go:404.36,405.55 1 1
forge/internal/server/ui.go:405.55,406.13 1 1
forge/internal/server/ui.go:408.4,408.49 1 1
forge/internal/server/ui.go:408.49,409.13 1 1
forge/internal/server/ui.go:411.4,412.11 2 1
forge/internal/server/ui.go:412.11,413.13 1 0
forge/internal/server/ui.go:415.4,416.11 2 1
forge/internal/server/ui.go:416.11,417.13 1 0
forge/internal/server/ui.go:419.4,420.18 2 1
forge/internal/server/ui.go:420.18,421.13 1 0
forge/internal/server/ui.go:423.4,423.30 1 1
forge/internal/server/ui.go:423.30,424.54 1 1
forge/internal/server/ui.go:424.54,429.6 1 1
forge/internal/server/ui.go:433.2,433.20 1 1
forge/internal/server/ui.go:433.20,435.3 1 1
forge/internal/server/ui.go:438.2,439.35 2 1
forge/internal/server/ui.go:439.35,440.45 1 1
forge/internal/server/ui.go:440.45,442.4 1 1
forge/internal/server/ui.go:445.2,456.82 2 1
forge/internal/server/ui.go:456.82,459.3 2 1
forge/internal/server/ui.go:460.2,460.42 1 1
forge/internal/server/ui.go:463.66,466.33 2 1
forge/internal/server/ui.go:466.33,467.39 1 1
forge/internal/server/ui.go:467.39,470.4 2 0
forge/internal/server/ui.go:471.3,472.40 2 1
forge/internal/server/ui.go:472.40,474.4 1 1
forge/internal/server/ui.go:476.3,477.10 2 1
forge/internal/server/ui.go:477.10,484.4 2 1
forge/internal/server/ui.go:485.3,494.9 3 1
forge/internal/server/ui.go:497.2,498.36 2 1
forge/internal/server/ui.go:499.17,500.56 1 0
forge/internal/server/ui.go:501.14,502.73 1 0
forge/internal/server/ui.go:504.2,509.4 1 1
forge/internal/server/ui.go:512.67,523.2 2 1
forge/internal/server/ui.go:527.56,528.19 1 1
forge/internal/server/ui.go:528.19,530.3 1 0
forge/internal/server/ui.go:531.2,532.71 2 1
forge/internal/server/ui.go:538.39,540.67 2 1
forge/internal/server/ui.go:540.67,542.3 1 1
forge/internal/server/ui.go:543.2,543.15 1 1
forge/internal/server/ui.go:548.44,550.2 1 1
forge/internal/server/ui.go:556.41,557.61 1 1
forge/internal/server/ui.go:557.61,559.3 1 0
forge/internal/server/ui.go:560.2,560.18 1 1
forge/internal/server/ui.go:560.18,562.3 1 0
forge/internal/server/ui.go:563.2,563.27 1 1
forge/internal/server/ui.go:567.64,572.2 1 1
forge/internal/server/ui.go:576.81,578.60 2 1
forge/internal/server/ui.go:578.60,581.3 2 0
forge/internal/server/ui.go:582.2,583.16 2 1
forge/internal/server/ui.go:587.47,590.2 2 1
forge/internal/server/ui_admin.go:90.84,92.15 2 1
forge/internal/server/ui_admin.go:92.15,94.3 1 1
forge/internal/server/ui_admin.go:95.2,95.9 1 1
forge/internal/server/ui_admin.go:96.31,97.22 1 1
forge/internal/server/ui_admin.go:98.27,99.25 1 1
forge/internal/server/ui_admin.go:100.39,102.32 2 1
forge/internal/server/ui_admin.go:103.74,105.34 2 1
forge/internal/server/ui_admin.go:106.24,107.24 1 1
forge/internal/server/ui_admin.go:108.75,110.33 2 1
forge/internal/server/ui_admin.go:111.24,112.24 1 1
forge/internal/server/ui_admin.go:113.10,114.22 1 0
forge/internal/server/ui_admin.go:120.70,126.2 1 1
forge/internal/server/ui_admin.go:128.73,129.38 1 1
forge/internal/server/ui_admin.go:129.38,131.3 1 1
forge/internal/server/ui_admin.go:132.2,132.33 1 1
forge/internal/server/ui_admin.go:132.33,135.3 2 1
forge/internal/server/ui_admin.go:136.2,142.4 1 1
forge/internal/server/ui_admin.go:145.87,146.38 1 1
forge/internal/server/ui_admin.go:146.38,148.3 1 1
forge/internal/server/ui_admin.go:149.2,150.9 2 1
forge/internal/server/ui_admin.go:150.9,153.3 2 1
forge/internal/server/ui_admin.go:154.2,154.33 1 1
forge/internal/server/ui_admin.go:154.33,157.3 2 1
forge/internal/server/ui_admin.go:158.2,165.4 1 1
forge/internal/server/ui_admin.go:168.89,169.38 1 1
forge/internal/server/ui_admin.go:169.38,171.3 1 1
forge/internal/server/ui_admin.go:172.2,172.45 1 1
forge/internal/server/ui_admin.go:172.45,175.3 2 1
forge/internal/server/ui_admin.go:177.2,178.42 2 1
forge/internal/server/ui_admin.go:178.42,182.3 3 1
forge/internal/server/ui_admin.go:183.2,183.50 1 1
forge/internal/server/ui_admin.go:187.108,188.38 1 1
forge/internal/server/ui_admin.go:188.38,191.3 2 0
forge/internal/server/ui_admin.go:193.2,194.12 2 1
forge/internal/server/ui_admin.go:194.12,196.3 1 1
forge/internal/server/ui_admin.go:198.2,199.66 2 1
forge/internal/server/ui_admin.go:199.66,202.17 3 0
forge/internal/server/ui_admin.go:202.17,205.4 2 0
forge/internal/server/ui_admin.go:208.2,209.65 2 1
forge/internal/server/ui_admin.go:209.65,210.45 1 0
forge/internal/server/ui_admin.go:210.45,211.42 1 0
forge/internal/server/ui_admin.go:211.42,213.5 1 0
forge/internal/server/ui_admin.go:217.2,228.40 2 1
forge/internal/server/ui_admin.go:228.40,231.3 2 1
forge/internal/server/ui_admin.go:233.2,234.12 2 1
forge/internal/server/ui_admin.go:234.12,236.3 1 1
forge/internal/server/ui_admin.go:236.8,238.3 1 1
forge/internal/server/ui_admin.go:239.2,239.18 1 1
forge/internal/server/ui_admin.go:239.18,242.3 2 1
forge/internal/server/ui_admin.go:244.2,245.12 2 1
forge/internal/server/ui_admin.go:245.12,247.3 1 1
forge/internal/server/ui_admin.go:248.2,248.90 1 1
forge/internal/server/ui_admin.go:251.112,253.12 2 1
forge/internal/server/ui_admin.go:253.12,255.3 1 1
forge/internal/server/ui_admin.go:257.2,257.41 1 1
forge/internal/server/ui_admin.go:257.41,259.3 1 1
forge/internal/server/ui_admin.go:260.2,260.39 1 1
forge/internal/server/ui_admin.go:260.39,262.3 1 1
forge/internal/server/ui_admin.go:263.2,264.12 2 1
forge/internal/server/ui_admin.go:264.12,266.3 1 1
forge/internal/server/ui_admin.go:267.2,272.12 5 1
forge/internal/server/ui_admin.go:272.12,274.3 1 1
forge/internal/server/ui_admin.go:275.2,283.4 1 1
forge/internal/server/ui_admin.go:288.72,289.38 1 1
forge/internal/server/ui_admin.go:289.38,291.3 1 1
forge/internal/server/ui_admin.go:293.2,293.33 1 1
forge/internal/server/ui_admin.go:293.33,296.3 2 1
forge/internal/server/ui_admin.go:298.2,298.99 1 1
forge/internal/server/ui_admin.go:301.88,302.38 1 1
forge/internal/server/ui_admin.go:302.38,304.3 1 0
forge/internal/server/ui_admin.go:305.2,305.19 1 1
forge/internal/server/ui_admin.go:305.19,308.3 2 0
forge/internal/server/ui_admin.go:309.2,311.30 2 1
forge/internal/server/ui_admin.go:314.75,315.38 1 1
forge/internal/server/ui_admin.go:315.38,318.3 2 0
forge/internal/server/ui_admin.go:320.2,327.28 2 1
forge/internal/server/ui_admin.go:327.28,330.3 2 1
forge/internal/server/ui_admin.go:331.2,331.19 1 1
forge/internal/server/ui_admin.go:331.19,334.3 2 0
forge/internal/server/ui_admin.go:336.2,337.16 2 1
forge/internal/server/ui_admin.go:337.16,340.3 2 0
forge/internal/server/ui_admin.go:342.2,343.20 2 1
forge/internal/server/ui_admin.go:343.20,345.3 1 0
forge/internal/server/ui_admin.go:347.2,348.24 2 1
forge/internal/server/ui_admin.go:348.24,350.17 2 1
forge/internal/server/ui_admin.go:350.17,353.4 2 1
forge/internal/server/ui_admin.go:355.3,356.17 2 0
forge/internal/server/ui_admin.go:359.2,360.16 2 1
forge/internal/server/ui_admin.go:360.16,363.3 2 0
forge/internal/server/ui_admin.go:366.2,366.103 1 1
forge/internal/server/ui_admin.go:371.92,379.19 2 1
forge/internal/server/ui_admin.go:379.19,381.3 1 1
forge/internal/server/ui_admin.go:383.2,384.27 2 1
forge/internal/server/ui_admin.go:384.27,392.3 1 1
forge/internal/server/ui_admin.go:394.2,394.35 1 1
forge/internal/server/ui_admin.go:394.35,396.3 1 1
forge/internal/server/ui_admin.go:397.2,397.13 1 1
forge/internal/server/ui_admin.go:400.47,402.27 2 1
forge/internal/server/ui_admin.go:402.27,404.3 1 1
forge/internal/server/ui_admin.go:405.2,405.34 1 1
forge/internal/server/ui_admin.go:408.40,409.14 1 1
forge/internal/server/ui_admin.go:409.14,411.3 1 1
forge/internal/server/ui_admin.go:412.2,412.37 1 0
forge/internal/server/ui_admin.go:417.72,418.38 1 1
forge/internal/server/ui_admin.go:418.38,420.3 1 1
forge/internal/server/ui_admin.go:422.2,427.19 2 1
forge/internal/server/ui_admin.go:427.19,429.36 2 1
forge/internal/server/ui_admin.go:429.36,436.31 2 1
forge/internal/server/ui_admin.go:436.31,437.34 1 1
forge/internal/server/ui_admin.go:437.34,438.44 1 1
forge/internal/server/ui_admin.go:438.44,443.12 2 1
forge/internal/server/ui_admin.go:447.4,447.38 1 1
forge/internal/server/ui_admin.go:451.2,451.42 1 1
forge/internal/server/ui_upload.go:33.84,34.38 1 1
forge/internal/server/ui_upload.go:34.38,36.3 1 0
forge/internal/server/ui_upload.go:38.2,39.9 2 1
forge/internal/server/ui_upload.go:39.9,42.3 2 1
forge/internal/server/ui_upload.go:44.2,52.33 3 1
forge/internal/server/ui_upload.go:52.33,55.3 2 1
forge/internal/server/ui_upload.go:57.2,57.42 1 1
forge/internal/server/ui_upload.go:60.109,62.55 2 1
forge/internal/server/ui_upload.go:62.55,66.3 3 0
forge/internal/server/ui_upload.go:68.2,69.16 2 1
forge/internal/server/ui_upload.go:69.16,73.3 3 0
forge/internal/server/ui_upload.go:74.2,77.16 3 1
forge/internal/server/ui_upload.go:77.16,81.3 3 0
forge/internal/server/ui_upload.go:83.2,84.19 2 1
forge/internal/server/ui_upload.go:85.14,86.54 1 0
forge/internal/server/ui_upload.go:87.14,88.54 1 1
forge/internal/server/ui_upload.go:89.13,90.39 1 1
forge/internal/server/ui_upload.go:91.10,94.9 3 0
forge/internal/server/ui_upload.go:97.2,97.22 1 1
forge/internal/server/ui_upload.go:97.22,101.3 3 1
forge/internal/server/ui_upload.go:103.2,104.42 2 1
forge/internal/server/ui_upload.go:109.130,111.9 2 1
forge/internal/server/ui_upload.go:111.9,113.3 1 0
forge/internal/server/ui_upload.go:118.2,118.68 1 1
forge/internal/server/ui_upload.go:118.68,120.3 1 0
forge/internal/server/ui_upload.go:123.2,124.16 2 1
forge/internal/server/ui_upload.go:124.16,126.3 1 0
forge/internal/server/ui_upload.go:127.2,145.27 7 1
forge/internal/server/ui_upload.go:145.27,148.3 2 0
forge/internal/server/ui_upload.go:149.2,149.12 1 1
forge/internal/server/ui_upload.go:152.99,156.16 4 0
forge/internal/server/ui_upload.go:156.16,158.3 1 0
forge/internal/server/ui_upload.go:159.2,159.42 1 0
forge/internal/server/ui_upload.go:159.42,161.3 1 0
forge/internal/server/ui_upload.go:162.2,162.35 1 0
forge/internal/server/ui_upload.go:162.35,164.3 1 0
forge/internal/server/ui_upload.go:165.2,165.103 1 0
forge/internal/server/ui_upload.go:168.106,171.85 2 1
forge/internal/server/ui_upload.go:171.85,173.3 1 0
forge/internal/server/ui_upload.go:174.2,175.88 2 1
forge/internal/server/ui_upload.go:178.88,180.16 2 1
forge/internal/server/ui_upload.go:180.16,182.3 1 1
forge/internal/server/ui_upload.go:183.2,204.16 5 1
forge/internal/server/ui_upload.go:204.16,206.3 1 0
forge/internal/server/ui_upload.go:207.2,207.81 1 1
forge/internal/server/ui_upload.go:212.72,214.16 2 1
forge/internal/server/ui_upload.go:214.16,216.3 1 1
forge/internal/server/ui_upload.go:217.2,220.6 3 1
forge/internal/server/ui_upload.go:220.6,222.20 2 1
forge/internal/server/ui_upload.go:222.20,223.9 1 0
forge/internal/server/ui_upload.go:225.3,225.17 1 1
forge/internal/server/ui_upload.go:225.17,227.4 1 0
forge/internal/server/ui_upload.go:228.3,228.48 1 1
forge/internal/server/ui_upload.go:228.48,229.12 1 0
forge/internal/server/ui_upload.go:231.3,235.58 2 1
forge/internal/server/ui_upload.go:235.58,236.12 1 0
forge/internal/server/ui_upload.go:238.3,238.42 1 1
forge/internal/server/ui_upload.go:238.42,240.4 1 1
forge/internal/server/ui_upload.go:242.2,242.86 1 0
forge/internal/proxy/proxy.go:124.37,125.15 1 1
forge/internal/proxy/proxy.go:125.15,127.3 1 1
forge/internal/proxy/proxy.go:128.2,128.19 1 1
forge/internal/proxy/proxy.go:131.45,132.23 1 1
forge/internal/proxy/proxy.go:132.23,134.3 1 1
forge/internal/proxy/proxy.go:135.2,135.27 1 0
forge/internal/proxy/proxy.go:138.34,139.22 1 1
forge/internal/proxy/proxy.go:139.22,141.3 1 1
forge/internal/proxy/proxy.go:142.2,142.26 1 1
forge/internal/proxy/proxy.go:170.45,173.17 3 1
forge/internal/proxy/proxy.go:174.16,175.14 1 1
forge/internal/proxy/proxy.go:176.14,177.46 1 1
forge/internal/proxy/proxy.go:177.46,180.4 2 1
forge/internal/proxy/proxy.go:181.3,181.15 1 1
forge/internal/proxy/proxy.go:182.18,183.14 1 0
forge/internal/proxy/proxy.go:185.2,185.13 1 0
forge/internal/proxy/proxy.go:189.29,194.2 4 1
forge/internal/proxy/proxy.go:198.42,203.63 5 1
forge/internal/proxy/proxy.go:203.63,205.3 1 1
forge/internal/proxy/proxy.go:222.52,229.2 1 1
forge/internal/proxy/proxy.go:231.52,235.9 4 1
forge/internal/proxy/proxy.go:235.9,238.3 2 1
forge/internal/proxy/proxy.go:239.2,239.10 1 1
forge/internal/proxy/proxy.go:243.41,245.32 2 1
forge/internal/proxy/proxy.go:245.32,247.3 1 0
forge/internal/proxy/proxy.go:248.2,248.34 1 1
forge/internal/proxy/proxy.go:263.124,271.81 5 1
forge/internal/proxy/proxy.go:271.81,273.3 1 1
forge/internal/proxy/proxy.go:276.2,276.88 1 1
forge/internal/proxy/proxy.go:276.88,277.48 1 1
forge/internal/proxy/proxy.go:277.48,278.30 1 1
forge/internal/proxy/proxy.go:278.30,280.5 1 0
forge/internal/proxy/proxy.go:283.4,284.66 2 1
forge/internal/proxy/proxy.go:284.66,286.5 1 0
forge/internal/proxy/proxy.go:287.4,287.37 1 1
forge/internal/proxy/proxy.go:292.2,294.20 3 1
forge/internal/proxy/proxy.go:294.20,295.47 1 1
forge/internal/proxy/proxy.go:295.47,296.49 1 1
forge/internal/proxy/proxy.go:296.49,298.5 1 1
forge/internal/proxy/proxy.go:300.3,300.81 1 1
forge/internal/proxy/proxy.go:304.2,305.46 2 1
forge/internal/proxy/proxy.go:305.46,306.23 1 1
forge/internal/proxy/proxy.go:306.23,308.4 1 1
forge/internal/proxy/proxy.go:308.9,308.38 1 1
forge/internal/proxy/proxy.go:308.38,310.4 1 0
forge/internal/proxy/proxy.go:314.2,315.21 2 1
forge/internal/proxy/proxy.go:315.21,318.47 3 1
forge/internal/proxy/proxy.go:318.47,319.49 1 1
forge/internal/proxy/proxy.go:319.49,321.5 1 1
forge/internal/proxy/proxy.go:323.3,323.68 1 1
forge/internal/proxy/proxy.go:325.2,328.27 2 1
forge/internal/proxy/proxy.go:329.30,333.48 4 1
forge/internal/proxy/proxy.go:333.48,334.30 1 1
forge/internal/proxy/proxy.go:334.30,336.5 1 0
forge/internal/proxy/proxy.go:337.4,337.37 1 1
forge/internal/proxy/proxy.go:339.3,339.82 1 0
forge/internal/proxy/proxy.go:341.21,352.30 6 1
forge/internal/proxy/proxy.go:352.30,354.4 1 0
forge/internal/proxy/proxy.go:355.3,355.61 1 1
forge/internal/proxy/proxy.go:357.27,360.30 3 1
forge/internal/proxy/proxy.go:362.10,365.47 3 0
forge/internal/proxy/proxy.go:365.47,366.49 1 0
forge/internal/proxy/proxy.go:366.49,368.5 1 0
forge/internal/proxy/proxy.go:370.3,370.66 1 0
forge/internal/proxy/proxy.go:384.103,386.61 2 1
forge/internal/proxy/proxy.go:386.61,387.18 1 1
forge/internal/proxy/proxy.go:387.18,389.4 1 1
forge/internal/proxy/proxy.go:390.3,391.17 2 1
forge/internal/proxy/proxy.go:391.17,393.12 2 0
forge/internal/proxy/proxy.go:395.3,395.31 1 1
forge/internal/proxy/proxy.go:395.31,397.12 2 1
forge/internal/proxy/proxy.go:399.3,399.21 1 1
forge/internal/proxy/proxy.go:401.2,401.21 1 1
forge/internal/proxy/proxy.go:404.99,406.16 2 1
forge/internal/proxy/proxy.go:406.16,408.3 1 0
forge/internal/proxy/proxy.go:409.2,409.22 1 1
forge/internal/proxy/proxy.go:409.22,411.3 1 1
forge/internal/proxy/proxy.go:412.2,412.32 1 1
forge/internal/proxy/proxy.go:412.32,414.3 1 1
forge/internal/proxy/proxy.go:415.2,416.16 2 1
forge/internal/proxy/proxy.go:416.16,418.3 1 0
forge/internal/proxy/proxy.go:419.2,421.47 2 1
forge/internal/proxy/proxy.go:421.47,423.3 1 1
forge/internal/proxy/proxy.go:424.2,425.16 2 1
forge/internal/proxy/proxy.go:425.16,427.3 1 0
forge/internal/proxy/proxy.go:428.2,434.8 1 1
